---------------------------------------------------------------
[ 2018-09-19T08:29:13+08:00 ] 172.17.0.24 185.248.100.159 HEAD /v3.0/web/assets/css/site.css
[ info ] rhfcysqdtkbr.pw/v3.0/web/assets/css/site.css [运行时间：0.014722s][吞吐率：67.93req/s] [内存消耗：1,642.13kb] [文件加载：44]
[ info ] [ LANG ] /www/wwwroot/mp.zihai029.com/thinkphp/lang/zh-cn.php
[ info ] [ LANG ] /www/wwwroot/mp.zihai029.com/application/lang/zh-cn.php
[ info ] [ ROUTE ] array (
  'type' => 'module',
  'module' => 
  array (
    0 => '404',
    1 => NULL,
    2 => NULL,
  ),
)
[ info ] [ HEADER ] array (
  'user-agent' => 'Mozilla/5.0 (Windows NT 6.1; Win64; x64; rv:60.0) Gecko/20100101 Firefox/60.0',
  'host' => 'rhfcysqdtkbr.pw',
  'content-type' => '',
  'content-length' => '',
)
[ info ] [ PARAM ] array (
)
[ info ] [ LOG ] INIT File
---------------------------------------------------------------
[ 2018-09-19T11:15:17+08:00 ] 172.17.0.24 123.139.26.101 GET /favicon.ico
[ info ] mp.zihai029.com/favicon.ico [运行时间：0.015807s][吞吐率：63.26req/s] [内存消耗：1,673.04kb] [文件加载：46]
[ info ] [ LANG ] /www/wwwroot/mp.zihai029.com/thinkphp/lang/zh-cn.php
[ info ] [ LANG ] /www/wwwroot/mp.zihai029.com/application/lang/zh-cn.php
[ info ] [ ROUTE ] array (
  'type' => 'module',
  'module' => 
  array (
    0 => 'favicon.ico',
    1 => NULL,
    2 => NULL,
  ),
)
[ info ] [ HEADER ] array (
  'accept-language' => 'zh-CN,zh;q=0.9',
  'accept-encoding' => 'gzip, deflate',
  'referer' => 'http://mp.zihai029.com/template/web/index.html',
  'accept' => 'image/webp,image/apng,image/*,*/*;q=0.8',
  'user-agent' => 'Mozilla/5.0 (Windows NT 6.1; Win64; x64) AppleWebKit/537.36 (KHTML, like Gecko) Chrome/69.0.3497.81 Safari/537.36',
  'connection' => 'keep-alive',
  'host' => 'mp.zihai029.com',
  'content-type' => '',
  'content-length' => '',
)
[ info ] [ PARAM ] array (
)
[ info ] [ BEHAVIOR ] Run app\common\behavior\CronRun @app_begin [ RunTime:0.000122s ]
[ info ] [ LOG ] INIT File
---------------------------------------------------------------
[ 2018-09-19T11:15:17+08:00 ] 172.17.0.24 123.139.26.101 GET /favicon.ico
[ info ] mp.zihai029.com/favicon.ico [运行时间：0.015434s][吞吐率：64.79req/s] [内存消耗：1,673.07kb] [文件加载：46]
[ info ] [ LANG ] /www/wwwroot/mp.zihai029.com/thinkphp/lang/zh-cn.php
[ info ] [ LANG ] /www/wwwroot/mp.zihai029.com/application/lang/zh-cn.php
[ info ] [ ROUTE ] array (
  'type' => 'module',
  'module' => 
  array (
    0 => '404',
    1 => NULL,
    2 => NULL,
  ),
)
[ info ] [ HEADER ] array (
  'accept-language' => 'zh-CN,zh;q=0.9',
  'accept-encoding' => 'gzip, deflate',
  'referer' => 'http://mp.zihai029.com/template/web/index.html',
  'accept' => 'image/webp,image/apng,image/*,*/*;q=0.8',
  'user-agent' => 'Mozilla/5.0 (Windows NT 6.1; Win64; x64) AppleWebKit/537.36 (KHTML, like Gecko) Chrome/69.0.3497.81 Safari/537.36',
  'connection' => 'keep-alive',
  'host' => 'mp.zihai029.com',
  'content-type' => '',
  'content-length' => '',
)
[ info ] [ PARAM ] array (
)
[ info ] [ BEHAVIOR ] Run app\common\behavior\CronRun @app_begin [ RunTime:0.000121s ]
[ info ] [ LOG ] INIT File
---------------------------------------------------------------
[ 2018-09-19T11:17:13+08:00 ] 172.17.0.24 123.139.26.101 OPTIONS /api/v1/banner
[ info ] mp.zihai029.com/api/v1/banner [运行时间：0.014773s][吞吐率：67.69req/s] [内存消耗：1,616.59kb] [文件加载：43]
[ info ] [ LANG ] /www/wwwroot/mp.zihai029.com/thinkphp/lang/zh-cn.php
[ info ] [ LANG ] /www/wwwroot/mp.zihai029.com/application/lang/zh-cn.php
[ info ] [ ROUTE ] array (
  'type' => 'module',
  'module' => 
  array (
    0 => 'api',
    1 => 'v1',
    2 => 'banner',
  ),
)
[ info ] [ HEADER ] array (
  'accept-language' => 'zh-CN,zh;q=0.9',
  'accept-encoding' => 'gzip, deflate, br',
  'accept' => '*/*',
  'access-control-request-headers' => 'test',
  'user-agent' => 'Mozilla/5.0 (Windows NT 6.1; Win64; x64) AppleWebKit/537.36 (KHTML, like Gecko) Chrome/69.0.3497.81 Safari/537.36',
  'origin' => 'null',
  'access-control-request-method' => 'GET',
  'connection' => 'keep-alive',
  'host' => 'mp.zihai029.com',
  'content-type' => '',
  'content-length' => '',
)
[ info ] [ PARAM ] array (
)
[ info ] [ BEHAVIOR ] Run app\common\behavior\CronRun @app_begin [ RunTime:0.000424s ]
[ info ] [ BEHAVIOR ] Run app\common\behavior\CronRun @app_end [ RunTime:0.000008s ]
[ info ] [ LOG ] INIT File
---------------------------------------------------------------
[ 2018-09-19T11:17:17+08:00 ] 172.17.0.24 123.139.26.101 OPTIONS /api/v1/banner
[ info ] mp.zihai029.com/api/v1/banner [运行时间：0.014052s][吞吐率：71.16req/s] [内存消耗：1,616.71kb] [文件加载：43]
[ info ] [ LANG ] /www/wwwroot/mp.zihai029.com/thinkphp/lang/zh-cn.php
[ info ] [ LANG ] /www/wwwroot/mp.zihai029.com/application/lang/zh-cn.php
[ info ] [ ROUTE ] array (
  'type' => 'module',
  'module' => 
  array (
    0 => 'api',
    1 => 'v1',
    2 => 'banner',
  ),
)
[ info ] [ HEADER ] array (
  'accept-language' => 'zh-CN,zh;q=0.9',
  'accept-encoding' => 'gzip, deflate, br',
  'accept' => '*/*',
  'access-control-request-headers' => 'test',
  'user-agent' => 'Mozilla/5.0 (iPhone; CPU iPhone OS 11_0 like Mac OS X) AppleWebKit/604.1.38 (KHTML, like Gecko) Version/11.0 Mobile/15A372 Safari/604.1',
  'origin' => 'null',
  'access-control-request-method' => 'GET',
  'connection' => 'keep-alive',
  'host' => 'mp.zihai029.com',
  'content-type' => '',
  'content-length' => '',
)
[ info ] [ PARAM ] array (
)
[ info ] [ BEHAVIOR ] Run app\common\behavior\CronRun @app_begin [ RunTime:0.000433s ]
[ info ] [ BEHAVIOR ] Run app\common\behavior\CronRun @app_end [ RunTime:0.000009s ]
[ info ] [ LOG ] INIT File
---------------------------------------------------------------
[ 2018-09-19T11:17:24+08:00 ] 172.17.0.24 123.139.26.101 GET /favicon.ico
[ info ] mp.zihai029.com/favicon.ico [运行时间：0.015176s][吞吐率：65.89req/s] [内存消耗：1,673.93kb] [文件加载：46]
[ info ] [ LANG ] /www/wwwroot/mp.zihai029.com/thinkphp/lang/zh-cn.php
[ info ] [ LANG ] /www/wwwroot/mp.zihai029.com/application/lang/zh-cn.php
[ info ] [ ROUTE ] array (
  'type' => 'module',
  'module' => 
  array (
    0 => 'favicon.ico',
    1 => NULL,
    2 => NULL,
  ),
)
[ info ] [ HEADER ] array (
  'accept-language' => 'zh-CN,zh;q=0.9',
  'accept-encoding' => 'gzip, deflate, br',
  'referer' => 'https://mp.zihai029.com/api/v1/banner',
  'accept' => 'image/webp,image/apng,image/*,*/*;q=0.8',
  'user-agent' => 'Mozilla/5.0 (Windows NT 6.1; Win64; x64) AppleWebKit/537.36 (KHTML, like Gecko) Chrome/69.0.3497.81 Safari/537.36',
  'connection' => 'keep-alive',
  'host' => 'mp.zihai029.com',
  'content-type' => '',
  'content-length' => '',
)
[ info ] [ PARAM ] array (
)
[ info ] [ BEHAVIOR ] Run app\common\behavior\CronRun @app_begin [ RunTime:0.000125s ]
[ info ] [ LOG ] INIT File
---------------------------------------------------------------
[ 2018-09-19T11:17:24+08:00 ] 172.17.0.24 123.139.26.101 GET /favicon.ico
[ info ] mp.zihai029.com/favicon.ico [运行时间：0.016006s][吞吐率：62.48req/s] [内存消耗：1,673.96kb] [文件加载：46]
[ info ] [ LANG ] /www/wwwroot/mp.zihai029.com/thinkphp/lang/zh-cn.php
[ info ] [ LANG ] /www/wwwroot/mp.zihai029.com/application/lang/zh-cn.php
[ info ] [ ROUTE ] array (
  'type' => 'module',
  'module' => 
  array (
    0 => '404',
    1 => NULL,
    2 => NULL,
  ),
)
[ info ] [ HEADER ] array (
  'accept-language' => 'zh-CN,zh;q=0.9',
  'accept-encoding' => 'gzip, deflate, br',
  'referer' => 'https://mp.zihai029.com/api/v1/banner',
  'accept' => 'image/webp,image/apng,image/*,*/*;q=0.8',
  'user-agent' => 'Mozilla/5.0 (Windows NT 6.1; Win64; x64) AppleWebKit/537.36 (KHTML, like Gecko) Chrome/69.0.3497.81 Safari/537.36',
  'connection' => 'keep-alive',
  'host' => 'mp.zihai029.com',
  'content-type' => '',
  'content-length' => '',
)
[ info ] [ PARAM ] array (
)
[ info ] [ BEHAVIOR ] Run app\common\behavior\CronRun @app_begin [ RunTime:0.000123s ]
[ info ] [ LOG ] INIT File
---------------------------------------------------------------
[ 2018-09-19T11:18:30+08:00 ] 172.17.0.24 123.139.26.101 OPTIONS /api/v1/banner
[ info ] mp.zihai029.com/api/v1/banner [运行时间：0.013724s][吞吐率：72.86req/s] [内存消耗：1,616.71kb] [文件加载：43]
[ info ] [ LANG ] /www/wwwroot/mp.zihai029.com/thinkphp/lang/zh-cn.php
[ info ] [ LANG ] /www/wwwroot/mp.zihai029.com/application/lang/zh-cn.php
[ info ] [ ROUTE ] array (
  'type' => 'module',
  'module' => 
  array (
    0 => 'api',
    1 => 'v1',
    2 => 'banner',
  ),
)
[ info ] [ HEADER ] array (
  'accept-language' => 'zh-CN,zh;q=0.9',
  'accept-encoding' => 'gzip, deflate, br',
  'accept' => '*/*',
  'access-control-request-headers' => 'test',
  'user-agent' => 'Mozilla/5.0 (iPhone; CPU iPhone OS 11_0 like Mac OS X) AppleWebKit/604.1.38 (KHTML, like Gecko) Version/11.0 Mobile/15A372 Safari/604.1',
  'origin' => 'null',
  'access-control-request-method' => 'GET',
  'connection' => 'keep-alive',
  'host' => 'mp.zihai029.com',
  'content-type' => '',
  'content-length' => '',
)
[ info ] [ PARAM ] array (
)
[ info ] [ BEHAVIOR ] Run app\common\behavior\CronRun @app_begin [ RunTime:0.000416s ]
[ info ] [ BEHAVIOR ] Run app\common\behavior\CronRun @app_end [ RunTime:0.000007s ]
[ info ] [ LOG ] INIT File
---------------------------------------------------------------
[ 2018-09-19T11:19:21+08:00 ] 172.17.0.24 123.139.26.101 OPTIONS /api/v1/banner
[ info ] mp.zihai029.com/api/v1/banner [运行时间：0.013730s][吞吐率：72.83req/s] [内存消耗：1,616.71kb] [文件加载：43]
[ info ] [ LANG ] /www/wwwroot/mp.zihai029.com/thinkphp/lang/zh-cn.php
[ info ] [ LANG ] /www/wwwroot/mp.zihai029.com/application/lang/zh-cn.php
[ info ] [ ROUTE ] array (
  'type' => 'module',
  'module' => 
  array (
    0 => 'api',
    1 => 'v1',
    2 => 'banner',
  ),
)
[ info ] [ HEADER ] array (
  'accept-language' => 'zh-CN,zh;q=0.9',
  'accept-encoding' => 'gzip, deflate, br',
  'accept' => '*/*',
  'access-control-request-headers' => 'test',
  'user-agent' => 'Mozilla/5.0 (iPhone; CPU iPhone OS 11_0 like Mac OS X) AppleWebKit/604.1.38 (KHTML, like Gecko) Version/11.0 Mobile/15A372 Safari/604.1',
  'origin' => 'null',
  'access-control-request-method' => 'GET',
  'connection' => 'keep-alive',
  'host' => 'mp.zihai029.com',
  'content-type' => '',
  'content-length' => '',
)
[ info ] [ PARAM ] array (
)
[ info ] [ BEHAVIOR ] Run app\common\behavior\CronRun @app_begin [ RunTime:0.000407s ]
[ info ] [ BEHAVIOR ] Run app\common\behavior\CronRun @app_end [ RunTime:0.000008s ]
[ info ] [ LOG ] INIT File
---------------------------------------------------------------
[ 2018-09-19T11:19:50+08:00 ] 172.17.0.24 123.139.26.101 OPTIONS /api/v1/banner
[ info ] mp.zihai029.com/api/v1/banner [运行时间：0.014131s][吞吐率：70.77req/s] [内存消耗：1,616.71kb] [文件加载：43]
[ info ] [ LANG ] /www/wwwroot/mp.zihai029.com/thinkphp/lang/zh-cn.php
[ info ] [ LANG ] /www/wwwroot/mp.zihai029.com/application/lang/zh-cn.php
[ info ] [ ROUTE ] array (
  'type' => 'module',
  'module' => 
  array (
    0 => 'api',
    1 => 'v1',
    2 => 'banner',
  ),
)
[ info ] [ HEADER ] array (
  'accept-language' => 'zh-CN,zh;q=0.9',
  'accept-encoding' => 'gzip, deflate, br',
  'accept' => '*/*',
  'access-control-request-headers' => 'test',
  'user-agent' => 'Mozilla/5.0 (iPhone; CPU iPhone OS 11_0 like Mac OS X) AppleWebKit/604.1.38 (KHTML, like Gecko) Version/11.0 Mobile/15A372 Safari/604.1',
  'origin' => 'null',
  'access-control-request-method' => 'GET',
  'connection' => 'keep-alive',
  'host' => 'mp.zihai029.com',
  'content-type' => '',
  'content-length' => '',
)
[ info ] [ PARAM ] array (
)
[ info ] [ BEHAVIOR ] Run app\common\behavior\CronRun @app_begin [ RunTime:0.000435s ]
[ info ] [ BEHAVIOR ] Run app\common\behavior\CronRun @app_end [ RunTime:0.000009s ]
[ info ] [ LOG ] INIT File
---------------------------------------------------------------
[ 2018-09-19T11:19:52+08:00 ] 172.17.0.24 123.139.26.101 OPTIONS /api/v1/banner
[ info ] mp.zihai029.com/api/v1/banner [运行时间：0.014144s][吞吐率：70.70req/s] [内存消耗：1,616.71kb] [文件加载：43]
[ info ] [ LANG ] /www/wwwroot/mp.zihai029.com/thinkphp/lang/zh-cn.php
[ info ] [ LANG ] /www/wwwroot/mp.zihai029.com/application/lang/zh-cn.php
[ info ] [ ROUTE ] array (
  'type' => 'module',
  'module' => 
  array (
    0 => 'api',
    1 => 'v1',
    2 => 'banner',
  ),
)
[ info ] [ HEADER ] array (
  'accept-language' => 'zh-CN,zh;q=0.9',
  'accept-encoding' => 'gzip, deflate, br',
  'accept' => '*/*',
  'access-control-request-headers' => 'test',
  'user-agent' => 'Mozilla/5.0 (iPhone; CPU iPhone OS 11_0 like Mac OS X) AppleWebKit/604.1.38 (KHTML, like Gecko) Version/11.0 Mobile/15A372 Safari/604.1',
  'origin' => 'null',
  'access-control-request-method' => 'GET',
  'connection' => 'keep-alive',
  'host' => 'mp.zihai029.com',
  'content-type' => '',
  'content-length' => '',
)
[ info ] [ PARAM ] array (
)
[ info ] [ BEHAVIOR ] Run app\common\behavior\CronRun @app_begin [ RunTime:0.000430s ]
[ info ] [ BEHAVIOR ] Run app\common\behavior\CronRun @app_end [ RunTime:0.000008s ]
[ info ] [ LOG ] INIT File
---------------------------------------------------------------
[ 2018-09-19T11:51:31+08:00 ] 172.17.0.24 123.139.26.101 GET /api/v1/banner
[ info ] mp.zihai029.com/api/v1/banner [运行时间：0.014999s][吞吐率：66.67req/s] [内存消耗：1,645.47kb] [文件加载：44]
[ info ] [ LANG ] /www/wwwroot/mp.zihai029.com/thinkphp/lang/zh-cn.php
[ info ] [ LANG ] /www/wwwroot/mp.zihai029.com/application/lang/zh-cn.php
[ info ] [ ROUTE ] array (
  'type' => 'module',
  'module' => 
  array (
    0 => '404',
    1 => NULL,
    2 => NULL,
  ),
)
[ info ] [ HEADER ] array (
  'accept-language' => 'zh-CN,zh;q=0.9',
  'accept-encoding' => 'gzip, deflate, br',
  'accept' => '*/*',
  'access-control-request-headers' => 'test',
  'user-agent' => 'Mozilla/5.0 (iPhone; CPU iPhone OS 11_0 like Mac OS X) AppleWebKit/604.1.38 (KHTML, like Gecko) Version/11.0 Mobile/15A372 Safari/604.1',
  'origin' => 'null',
  'access-control-request-method' => 'GET',
  'connection' => 'keep-alive',
  'host' => 'mp.zihai029.com',
  'content-type' => '',
  'content-length' => '',
)
[ info ] [ PARAM ] array (
)
[ info ] [ LOG ] INIT File
---------------------------------------------------------------
[ 2018-09-19T11:52:13+08:00 ] 172.17.0.24 123.139.26.101 GET /api/v1/banner
[ info ] mp.zihai029.com/api/v1/banner [运行时间：0.015103s][吞吐率：66.21req/s] [内存消耗：1,645.47kb] [文件加载：44]
[ info ] [ LANG ] /www/wwwroot/mp.zihai029.com/thinkphp/lang/zh-cn.php
[ info ] [ LANG ] /www/wwwroot/mp.zihai029.com/application/lang/zh-cn.php
[ info ] [ ROUTE ] array (
  'type' => 'module',
  'module' => 
  array (
    0 => '404',
    1 => NULL,
    2 => NULL,
  ),
)
[ info ] [ HEADER ] array (
  'accept-language' => 'zh-CN,zh;q=0.9',
  'accept-encoding' => 'gzip, deflate, br',
  'accept' => '*/*',
  'access-control-request-headers' => 'test',
  'user-agent' => 'Mozilla/5.0 (iPhone; CPU iPhone OS 11_0 like Mac OS X) AppleWebKit/604.1.38 (KHTML, like Gecko) Version/11.0 Mobile/15A372 Safari/604.1',
  'origin' => 'null',
  'access-control-request-method' => 'GET',
  'connection' => 'keep-alive',
  'host' => 'mp.zihai029.com',
  'content-type' => '',
  'content-length' => '',
)
[ info ] [ PARAM ] array (
)
[ info ] [ LOG ] INIT File
---------------------------------------------------------------
[ 2018-09-19T11:52:16+08:00 ] 172.17.0.24 123.139.26.101 GET /api/v1/banner
[ info ] mp.zihai029.com/api/v1/banner [运行时间：0.013605s][吞吐率：73.50req/s] [内存消耗：1,645.47kb] [文件加载：44]
[ info ] [ LANG ] /www/wwwroot/mp.zihai029.com/thinkphp/lang/zh-cn.php
[ info ] [ LANG ] /www/wwwroot/mp.zihai029.com/application/lang/zh-cn.php
[ info ] [ ROUTE ] array (
  'type' => 'module',
  'module' => 
  array (
    0 => '404',
    1 => NULL,
    2 => NULL,
  ),
)
[ info ] [ HEADER ] array (
  'accept-language' => 'zh-CN,zh;q=0.9',
  'accept-encoding' => 'gzip, deflate, br',
  'accept' => '*/*',
  'access-control-request-headers' => 'test',
  'user-agent' => 'Mozilla/5.0 (iPhone; CPU iPhone OS 11_0 like Mac OS X) AppleWebKit/604.1.38 (KHTML, like Gecko) Version/11.0 Mobile/15A372 Safari/604.1',
  'origin' => 'null',
  'access-control-request-method' => 'GET',
  'connection' => 'keep-alive',
  'host' => 'mp.zihai029.com',
  'content-type' => '',
  'content-length' => '',
)
[ info ] [ PARAM ] array (
)
[ info ] [ LOG ] INIT File
---------------------------------------------------------------
[ 2018-09-19T11:52:40+08:00 ] 172.17.0.24 123.139.26.101 GET /api/v1/banner
[ info ] mp.zihai029.com/api/v1/banner [运行时间：0.014299s][吞吐率：69.94req/s] [内存消耗：1,645.47kb] [文件加载：44]
[ info ] [ LANG ] /www/wwwroot/mp.zihai029.com/thinkphp/lang/zh-cn.php
[ info ] [ LANG ] /www/wwwroot/mp.zihai029.com/application/lang/zh-cn.php
[ info ] [ ROUTE ] array (
  'type' => 'module',
  'module' => 
  array (
    0 => '404',
    1 => NULL,
    2 => NULL,
  ),
)
[ info ] [ HEADER ] array (
  'accept-language' => 'zh-CN,zh;q=0.9',
  'accept-encoding' => 'gzip, deflate, br',
  'accept' => '*/*',
  'access-control-request-headers' => 'token',
  'user-agent' => 'Mozilla/5.0 (iPhone; CPU iPhone OS 11_0 like Mac OS X) AppleWebKit/604.1.38 (KHTML, like Gecko) Version/11.0 Mobile/15A372 Safari/604.1',
  'origin' => 'null',
  'access-control-request-method' => 'GET',
  'connection' => 'keep-alive',
  'host' => 'mp.zihai029.com',
  'content-type' => '',
  'content-length' => '',
)
[ info ] [ PARAM ] array (
)
[ info ] [ LOG ] INIT File
---------------------------------------------------------------
[ 2018-09-19T11:54:45+08:00 ] 172.17.0.24 123.139.26.101 GET /api/v1/banner
[ info ] mp.zihai029.com/api/v1/banner [运行时间：0.014456s][吞吐率：69.18req/s] [内存消耗：1,645.47kb] [文件加载：44]
[ info ] [ LANG ] /www/wwwroot/mp.zihai029.com/thinkphp/lang/zh-cn.php
[ info ] [ LANG ] /www/wwwroot/mp.zihai029.com/application/lang/zh-cn.php
[ info ] [ ROUTE ] array (
  'type' => 'module',
  'module' => 
  array (
    0 => '404',
    1 => NULL,
    2 => NULL,
  ),
)
[ info ] [ HEADER ] array (
  'accept-language' => 'zh-CN,zh;q=0.9',
  'accept-encoding' => 'gzip, deflate, br',
  'accept' => '*/*',
  'access-control-request-headers' => 'token',
  'user-agent' => 'Mozilla/5.0 (iPhone; CPU iPhone OS 11_0 like Mac OS X) AppleWebKit/604.1.38 (KHTML, like Gecko) Version/11.0 Mobile/15A372 Safari/604.1',
  'origin' => 'null',
  'access-control-request-method' => 'GET',
  'connection' => 'keep-alive',
  'host' => 'mp.zihai029.com',
  'content-type' => '',
  'content-length' => '',
)
[ info ] [ PARAM ] array (
)
[ info ] [ LOG ] INIT File
---------------------------------------------------------------
[ 2018-09-19T11:55:49+08:00 ] 172.17.0.24 123.139.26.101 GET /api/v1/banner
[ info ] mp.zihai029.com/api/v1/banner [运行时间：0.014843s][吞吐率：67.37req/s] [内存消耗：1,645.47kb] [文件加载：44]
[ info ] [ LANG ] /www/wwwroot/mp.zihai029.com/thinkphp/lang/zh-cn.php
[ info ] [ LANG ] /www/wwwroot/mp.zihai029.com/application/lang/zh-cn.php
[ info ] [ ROUTE ] array (
  'type' => 'module',
  'module' => 
  array (
    0 => '404',
    1 => NULL,
    2 => NULL,
  ),
)
[ info ] [ HEADER ] array (
  'accept-language' => 'zh-CN,zh;q=0.9',
  'accept-encoding' => 'gzip, deflate, br',
  'accept' => '*/*',
  'access-control-request-headers' => 'token',
  'user-agent' => 'Mozilla/5.0 (iPhone; CPU iPhone OS 11_0 like Mac OS X) AppleWebKit/604.1.38 (KHTML, like Gecko) Version/11.0 Mobile/15A372 Safari/604.1',
  'origin' => 'null',
  'access-control-request-method' => 'GET',
  'connection' => 'keep-alive',
  'host' => 'mp.zihai029.com',
  'content-type' => '',
  'content-length' => '',
)
[ info ] [ PARAM ] array (
)
[ info ] [ LOG ] INIT File
---------------------------------------------------------------
[ 2018-09-19T14:21:48+08:00 ] 172.17.0.24 123.139.26.101 GET /api/v1/banner
[ info ] mp.zihai029.com/api/v1/banner [运行时间：0.015723s][吞吐率：63.60req/s] [内存消耗：1,645.47kb] [文件加载：44]
[ info ] [ LANG ] /www/wwwroot/mp.zihai029.com/thinkphp/lang/zh-cn.php
[ info ] [ LANG ] /www/wwwroot/mp.zihai029.com/application/lang/zh-cn.php
[ info ] [ ROUTE ] array (
  'type' => 'module',
  'module' => 
  array (
    0 => '404',
    1 => NULL,
    2 => NULL,
  ),
)
[ info ] [ HEADER ] array (
  'accept-language' => 'zh-CN,zh;q=0.9',
  'accept-encoding' => 'gzip, deflate, br',
  'accept' => '*/*',
  'access-control-request-headers' => 'token',
  'user-agent' => 'Mozilla/5.0 (iPhone; CPU iPhone OS 11_0 like Mac OS X) AppleWebKit/604.1.38 (KHTML, like Gecko) Version/11.0 Mobile/15A372 Safari/604.1',
  'origin' => 'null',
  'access-control-request-method' => 'GET',
  'connection' => 'keep-alive',
  'host' => 'mp.zihai029.com',
  'content-type' => '',
  'content-length' => '',
)
[ info ] [ PARAM ] array (
)
[ info ] [ LOG ] INIT File
---------------------------------------------------------------
[ 2018-09-19T15:17:09+08:00 ] 172.17.0.24 123.139.26.101 GET /captcha.html
[ info ] mp.zihai029.com/captcha.html [运行时间：0.016307s][吞吐率：61.32req/s] [内存消耗：1,676.88kb] [文件加载：45]
[ info ] [ BEHAVIOR ] Run app\common\behavior\CORS @app_init [ RunTime:0.000112s ]
[ info ] [ LANG ] /www/wwwroot/mp.zihai029.com/thinkphp/lang/zh-cn.php
[ info ] [ LANG ] /www/wwwroot/mp.zihai029.com/application/lang/zh-cn.php
[ info ] [ ROUTE ] array (
  'type' => 'method',
  'method' => 
  array (
    0 => '\\think\\captcha\\CaptchaController',
    1 => 'index',
  ),
  'var' => 
  array (
  ),
)
[ info ] [ HEADER ] array (
  'cookie' => 'PHPSESSID=8s87rhj3dusfcprraj3tupr99s',
  'accept-language' => 'zh-CN,zh;q=0.9',
  'accept-encoding' => 'gzip, deflate',
  'referer' => 'http://mp.zihai029.com/admin/login/login.html',
  'accept' => 'image/webp,image/apng,image/*,*/*;q=0.8',
  'user-agent' => 'Mozilla/5.0 (Windows NT 6.1; Win64; x64) AppleWebKit/537.36 (KHTML, like Gecko) Chrome/69.0.3497.81 Safari/537.36',
  'connection' => 'keep-alive',
  'host' => 'mp.zihai029.com',
  'content-type' => '',
  'content-length' => '',
)
[ info ] [ PARAM ] array (
  'id' => NULL,
)
[ info ] [ RUN ] think\captcha\CaptchaController->index[ /www/wwwroot/mp.zihai029.com/vendor/topthink/think-captcha/src/CaptchaController.php ]
[ info ] [ SESSION ] INIT array (
  'id' => '',
  'var_session_id' => '',
  'prefix' => 'think',
  'type' => '',
  'auto_start' => true,
)
[ info ] [ LOG ] INIT File
---------------------------------------------------------------
[ 2018-09-19T17:10:37+08:00 ] 172.17.0.24 123.139.26.101 GET /captcha.html
[ info ] mp.zihai029.com/captcha.html [运行时间：0.016132s][吞吐率：61.99req/s] [内存消耗：1,676.88kb] [文件加载：45]
[ info ] [ BEHAVIOR ] Run app\common\behavior\CORS @app_init [ RunTime:0.000134s ]
[ info ] [ LANG ] /www/wwwroot/mp.zihai029.com/thinkphp/lang/zh-cn.php
[ info ] [ LANG ] /www/wwwroot/mp.zihai029.com/application/lang/zh-cn.php
[ info ] [ ROUTE ] array (
  'type' => 'method',
  'method' => 
  array (
    0 => '\\think\\captcha\\CaptchaController',
    1 => 'index',
  ),
  'var' => 
  array (
  ),
)
[ info ] [ HEADER ] array (
  'cookie' => 'PHPSESSID=qni9cunmuud12e2in315dpd6ph',
  'accept-language' => 'zh-CN,zh;q=0.9',
  'accept-encoding' => 'gzip, deflate',
  'referer' => 'http://mp.zihai029.com/admin/login/login.html',
  'accept' => 'image/webp,image/apng,image/*,*/*;q=0.8',
  'user-agent' => 'Mozilla/5.0 (Windows NT 6.1; Win64; x64) AppleWebKit/537.36 (KHTML, like Gecko) Chrome/69.0.3497.81 Safari/537.36',
  'connection' => 'keep-alive',
  'host' => 'mp.zihai029.com',
  'content-type' => '',
  'content-length' => '',
)
[ info ] [ PARAM ] array (
  'id' => NULL,
)
[ info ] [ RUN ] think\captcha\CaptchaController->index[ /www/wwwroot/mp.zihai029.com/vendor/topthink/think-captcha/src/CaptchaController.php ]
[ info ] [ SESSION ] INIT array (
  'id' => '',
  'var_session_id' => '',
  'prefix' => 'think',
  'type' => '',
  'auto_start' => true,
)
[ info ] [ LOG ] INIT File
