---------------------------------------------------------------
[ 2018-09-21T02:14:06+08:00 ] 172.17.0.24 35.229.103.111 GET /yun/index.php?myurl=http%3A%2F%2F39.107.111.90%2Fadmin%2Flogin%2Flogin.html
[ info ] yun.longcai.com/yun/index.php?myurl=http%3A%2F%2F39.107.111.90%2Fadmin%2Flogin%2Flogin.html [运行时间：0.015467s][吞吐率：64.65req/s] [内存消耗：1,671.65kb] [文件加载：46]
[ info ] [ BEHAVIOR ] Run app\common\behavior\CORS @app_init [ RunTime:0.000115s ]
[ info ] [ LANG ] /www/wwwroot/mp.zihai029.com/thinkphp/lang/zh-cn.php
[ info ] [ LANG ] /www/wwwroot/mp.zihai029.com/application/lang/zh-cn.php
[ info ] [ ROUTE ] array (
  'type' => 'module',
  'module' => 
  array (
    0 => '404',
    1 => NULL,
    2 => NULL,
  ),
)
[ info ] [ HEADER ] array (
  'cookie' => 'PHPSESSID=ip2jbd0j1jsscqk4kufqio2jla',
  'user-agent' => 'Mozilla/5.0 (Windows NT 5.1; rv:9.0.1) Gecko/20100101 Firefox/9.0.1',
  'accept-language' => 'en-US;q=0.6,en;q=0.4',
  'accept-encoding' => 'deflate, gzip, identity',
  'accept' => 'text/html,application/xhtml+xml,application/xml;q=0.9,*/*;q=0.8',
  'host' => 'yun.longcai.com',
  'content-type' => '',
  'content-length' => '',
)
[ info ] [ PARAM ] array (
)
[ info ] [ LOG ] INIT File
---------------------------------------------------------------
[ 2018-09-21T02:14:08+08:00 ] 172.17.0.24 35.229.103.111 GET /HNAP1/
[ info ] yun.longcai.com/HNAP1/ [运行时间：0.014916s][吞吐率：67.04req/s] [内存消耗：1,673.48kb] [文件加载：46]
[ info ] [ BEHAVIOR ] Run app\common\behavior\CORS @app_init [ RunTime:0.000114s ]
[ info ] [ LANG ] /www/wwwroot/mp.zihai029.com/thinkphp/lang/zh-cn.php
[ info ] [ LANG ] /www/wwwroot/mp.zihai029.com/application/lang/zh-cn.php
[ info ] [ ROUTE ] array (
  'type' => 'module',
  'module' => 
  array (
    0 => 'HNAP1',
    1 => NULL,
    2 => NULL,
  ),
)
[ info ] [ HEADER ] array (
  'cookie' => 'PHPSESSID=ip2jbd0j1jsscqk4kufqio2jla',
  'user-agent' => 'Mozilla/5.0 (Windows NT 5.1; rv:9.0.1) Gecko/20100101 Firefox/9.0.1',
  'referer' => 'https://yun.longcai.com/',
  'accept-language' => 'en-US;q=0.6,en;q=0.4',
  'accept-encoding' => 'deflate, gzip, identity',
  'accept' => 'text/html,application/xhtml+xml,application/xml;q=0.9,*/*;q=0.8',
  'host' => 'yun.longcai.com',
  'content-type' => '',
  'content-length' => '',
)
[ info ] [ PARAM ] array (
)
[ info ] [ LOG ] INIT File
---------------------------------------------------------------
[ 2018-09-21T02:14:08+08:00 ] 172.17.0.24 35.229.103.111 GET /HNAP1/
[ info ] yun.longcai.com/HNAP1/ [运行时间：0.014649s][吞吐率：68.26req/s] [内存消耗：1,673.48kb] [文件加载：46]
[ info ] [ BEHAVIOR ] Run app\common\behavior\CORS @app_init [ RunTime:0.000124s ]
[ info ] [ LANG ] /www/wwwroot/mp.zihai029.com/thinkphp/lang/zh-cn.php
[ info ] [ LANG ] /www/wwwroot/mp.zihai029.com/application/lang/zh-cn.php
[ info ] [ ROUTE ] array (
  'type' => 'module',
  'module' => 
  array (
    0 => '404',
    1 => NULL,
    2 => NULL,
  ),
)
[ info ] [ HEADER ] array (
  'cookie' => 'PHPSESSID=ip2jbd0j1jsscqk4kufqio2jla',
  'user-agent' => 'Mozilla/5.0 (Windows NT 5.1; rv:9.0.1) Gecko/20100101 Firefox/9.0.1',
  'referer' => 'https://yun.longcai.com/',
  'accept-language' => 'en-US;q=0.6,en;q=0.4',
  'accept-encoding' => 'deflate, gzip, identity',
  'accept' => 'text/html,application/xhtml+xml,application/xml;q=0.9,*/*;q=0.8',
  'host' => 'yun.longcai.com',
  'content-type' => '',
  'content-length' => '',
)
[ info ] [ PARAM ] array (
)
[ info ] [ LOG ] INIT File
---------------------------------------------------------------
[ 2018-09-21T10:26:37+08:00 ] 172.17.0.24 123.139.20.110 GET /api/v1/User/getCompanyData/0/1/0/0/0/undefined/0/0
[ info ] mp.zihai029.com/api/v1/User/getCompanyData/0/1/0/0/0/undefined/0/0 [运行时间：0.014148s][吞吐率：70.68req/s] [内存消耗：1,674.39kb] [文件加载：46]
[ info ] [ BEHAVIOR ] Run app\common\behavior\CORS @app_init [ RunTime:0.000111s ]
[ info ] [ LANG ] /www/wwwroot/mp.zihai029.com/thinkphp/lang/zh-cn.php
[ info ] [ LANG ] /www/wwwroot/mp.zihai029.com/application/lang/zh-cn.php
[ info ] [ ROUTE ] array (
  'type' => 'module',
  'module' => 
  array (
    0 => '404',
    1 => NULL,
    2 => NULL,
  ),
)
[ info ] [ HEADER ] array (
  'accept-encoding' => 'gzip, deflate, br',
  'referer' => 'https://servicewechat.com/wxd9eaebc340cb1e7f/devtools/page-frame.html',
  'accept' => '*/*',
  'content-type' => 'application/json',
  'token' => '97fecdb56d53015840a1190723547ee5',
  'user-agent' => 'Mozilla/5.0 (iPhone; CPU iPhone OS 9_1 like Mac OS X) AppleWebKit/601.1.46 (KHTML, like Gecko) Version/9.0 Mobile/13B143 Safari/601.1 wechatdevtools/1.02.1809111 MicroMessenger/6.5.7 Language/zh_CN webview/ token/c9529dc2f432af1846bf50bd61167d9f',
  'cache-control' => 'no-cache',
  'pragma' => 'no-cache',
  'connection' => 'keep-alive',
  'host' => 'mp.zihai029.com',
  'content-length' => '',
)
[ info ] [ PARAM ] array (
)
[ info ] [ LOG ] INIT File
