---------------------------------------------------------------
[ 2018-09-24T00:50:47+08:00 ] 172.17.0.24 112.16.14.7 GET /yun/index.php?myurl=http%3A%2F%2F39.107.111.90%2Fadmin%2Flogin%2Flogin.html
[ info ] yun.longcai.com/yun/index.php?myurl=http%3A%2F%2F39.107.111.90%2Fadmin%2Flogin%2Flogin.html [运行时间：0.014255s][吞吐率：70.15req/s] [内存消耗：1,673.30kb] [文件加载：46]
[ info ] [ BEHAVIOR ] Run app\common\behavior\CORS @app_init [ RunTime:0.000115s ]
[ info ] [ LANG ] /www/wwwroot/mp.zihai029.com/thinkphp/lang/zh-cn.php
[ info ] [ LANG ] /www/wwwroot/mp.zihai029.com/application/lang/zh-cn.php
[ info ] [ ROUTE ] array (
  'type' => 'module',
  'module' => 
  array (
    0 => '404',
    1 => NULL,
    2 => NULL,
  ),
)
[ info ] [ HEADER ] array (
  'cookie' => 'PHPSESSID=s3no2ss2kcomatpgmq0h4ksu5g',
  'user-agent' => 'Mozilla/5.0 (Windows NT 5.1; rv:9.0.1) Gecko/20100101 Firefox/9.0.1',
  'accept-language' => 'en-US;q=0.6,en;q=0.4',
  'accept-encoding' => 'deflate, gzip, identity',
  'accept' => 'text/html,application/xhtml+xml,application/xml;q=0.9,*/*;q=0.8',
  'host' => 'yun.longcai.com',
  'content-type' => '',
  'content-length' => '',
)
[ info ] [ PARAM ] array (
)
[ info ] [ LOG ] INIT File
---------------------------------------------------------------
[ 2018-09-24T00:50:48+08:00 ] 172.17.0.24 112.16.14.7 GET /HNAP1/
[ info ] yun.longcai.com/HNAP1/ [运行时间：0.014823s][吞吐率：67.46req/s] [内存消耗：1,675.13kb] [文件加载：46]
[ info ] [ BEHAVIOR ] Run app\common\behavior\CORS @app_init [ RunTime:0.000116s ]
[ info ] [ LANG ] /www/wwwroot/mp.zihai029.com/thinkphp/lang/zh-cn.php
[ info ] [ LANG ] /www/wwwroot/mp.zihai029.com/application/lang/zh-cn.php
[ info ] [ ROUTE ] array (
  'type' => 'module',
  'module' => 
  array (
    0 => 'HNAP1',
    1 => NULL,
    2 => NULL,
  ),
)
[ info ] [ HEADER ] array (
  'cookie' => 'PHPSESSID=s3no2ss2kcomatpgmq0h4ksu5g',
  'user-agent' => 'Mozilla/5.0 (Windows NT 5.1; rv:9.0.1) Gecko/20100101 Firefox/9.0.1',
  'referer' => 'https://yun.longcai.com/',
  'accept-language' => 'en-US;q=0.6,en;q=0.4',
  'accept-encoding' => 'deflate, gzip, identity',
  'accept' => 'text/html,application/xhtml+xml,application/xml;q=0.9,*/*;q=0.8',
  'host' => 'yun.longcai.com',
  'content-type' => '',
  'content-length' => '',
)
[ info ] [ PARAM ] array (
)
[ info ] [ LOG ] INIT File
---------------------------------------------------------------
[ 2018-09-24T00:50:48+08:00 ] 172.17.0.24 112.16.14.7 GET /HNAP1/
[ info ] yun.longcai.com/HNAP1/ [运行时间：0.014138s][吞吐率：70.73req/s] [内存消耗：1,675.14kb] [文件加载：46]
[ info ] [ BEHAVIOR ] Run app\common\behavior\CORS @app_init [ RunTime:0.000109s ]
[ info ] [ LANG ] /www/wwwroot/mp.zihai029.com/thinkphp/lang/zh-cn.php
[ info ] [ LANG ] /www/wwwroot/mp.zihai029.com/application/lang/zh-cn.php
[ info ] [ ROUTE ] array (
  'type' => 'module',
  'module' => 
  array (
    0 => '404',
    1 => NULL,
    2 => NULL,
  ),
)
[ info ] [ HEADER ] array (
  'cookie' => 'PHPSESSID=s3no2ss2kcomatpgmq0h4ksu5g',
  'user-agent' => 'Mozilla/5.0 (Windows NT 5.1; rv:9.0.1) Gecko/20100101 Firefox/9.0.1',
  'referer' => 'https://yun.longcai.com/',
  'accept-language' => 'en-US;q=0.6,en;q=0.4',
  'accept-encoding' => 'deflate, gzip, identity',
  'accept' => 'text/html,application/xhtml+xml,application/xml;q=0.9,*/*;q=0.8',
  'host' => 'yun.longcai.com',
  'content-type' => '',
  'content-length' => '',
)
[ info ] [ PARAM ] array (
)
[ info ] [ LOG ] INIT File
