---------------------------------------------------------------
[ 2018-09-18T00:49:28+08:00 ] 172.17.0.24 71.6.232.7 GET /
[ info ] 39.107.111.90/ [运行时间：0.017334s][吞吐率：57.69req/s] [内存消耗：1,914.21kb] [文件加载：53]
[ info ] [ LANG ] /www/wwwroot/mp.zihai029.com/thinkphp/lang/zh-cn.php
[ info ] [ LANG ] /www/wwwroot/mp.zihai029.com/application/lang/zh-cn.php
[ info ] [ ROUTE ] array (
  'type' => 'module',
  'module' => 
  array (
    0 => '',
    1 => NULL,
    2 => NULL,
  ),
)
[ info ] [ HEADER ] array (
  'accept-encoding' => 'gzip',
  'accept' => '*/*',
  'user-agent' => 'Mozilla/5.0 (Windows NT 10.0; Win64; x64) AppleWebKit/537.36 (KHTML, like Gecko) Chrome/57.0.2987.133 Safari/537.36',
  'host' => '39.107.111.90',
  'content-type' => '',
  'content-length' => '',
)
[ info ] [ PARAM ] array (
)
[ info ] [ SESSION ] INIT array (
  'id' => '',
  'var_session_id' => '',
  'prefix' => 'think',
  'type' => '',
  'auto_start' => true,
)
[ info ] [ LOG ] INIT File
---------------------------------------------------------------
[ 2018-09-18T02:26:11+08:00 ] 172.17.0.24 51.38.12.13 GET /
[ info ] 39.107.111.90/ [运行时间：0.017265s][吞吐率：57.92req/s] [内存消耗：1,913.94kb] [文件加载：53]
[ info ] [ LANG ] /www/wwwroot/mp.zihai029.com/thinkphp/lang/zh-cn.php
[ info ] [ LANG ] /www/wwwroot/mp.zihai029.com/application/lang/zh-cn.php
[ info ] [ ROUTE ] array (
  'type' => 'module',
  'module' => 
  array (
    0 => '',
    1 => NULL,
    2 => NULL,
  ),
)
[ info ] [ HEADER ] array (
  'connection' => 'close',
  'host' => '39.107.111.90',
  'user-agent' => 'Mozilla/5.0 (Windows NT 6.1) AppleWebKit/537.36 (KHTML, like Gecko) Chrome/41.0.2228.0 Safari/537.36',
  'content-type' => '',
  'content-length' => '',
)
[ info ] [ PARAM ] array (
)
[ info ] [ SESSION ] INIT array (
  'id' => '',
  'var_session_id' => '',
  'prefix' => 'think',
  'type' => '',
  'auto_start' => true,
)
[ info ] [ LOG ] INIT File
---------------------------------------------------------------
[ 2018-09-18T02:26:12+08:00 ] 172.17.0.24 51.38.12.13 GET /admin/login/index.html
[ info ] 39.107.111.90/admin/login/index.html [运行时间：0.016413s][吞吐率：60.93req/s] [内存消耗：1,842.18kb] [文件加载：51]
[ info ] [ LANG ] /www/wwwroot/mp.zihai029.com/thinkphp/lang/zh-cn.php
[ info ] [ LANG ] /www/wwwroot/mp.zihai029.com/application/lang/zh-cn.php
[ info ] [ ROUTE ] array (
  'type' => 'module',
  'module' => 
  array (
    0 => 'admin',
    1 => 'login',
    2 => 'index',
  ),
)
[ info ] [ HEADER ] array (
  'connection' => 'close',
  'host' => '39.107.111.90',
  'user-agent' => 'Mozilla/5.0 (Windows NT 6.1) AppleWebKit/537.36 (KHTML, like Gecko) Chrome/41.0.2228.0 Safari/537.36',
  'content-type' => '',
  'content-length' => '',
)
[ info ] [ PARAM ] array (
)
[ info ] [ SESSION ] INIT array (
  'id' => '',
  'var_session_id' => '',
  'prefix' => 'think',
  'type' => '',
  'auto_start' => true,
)
[ info ] [ RUN ] app\admin\controller\Login->index[ /www/wwwroot/mp.zihai029.com/application/admin/controller/Login.php ]
[ info ] [ LOG ] INIT File
---------------------------------------------------------------
[ 2018-09-18T02:37:36+08:00 ] 172.17.0.24 183.60.210.52 GET /
[ info ] 39.107.111.90/ [运行时间：0.017267s][吞吐率：57.91req/s] [内存消耗：1,914.35kb] [文件加载：53]
[ info ] [ LANG ] /www/wwwroot/mp.zihai029.com/thinkphp/lang/zh-cn.php
[ info ] [ LANG ] /www/wwwroot/mp.zihai029.com/application/lang/zh-cn.php
[ info ] [ ROUTE ] array (
  'type' => 'module',
  'module' => 
  array (
    0 => '',
    1 => NULL,
    2 => NULL,
  ),
)
[ info ] [ HEADER ] array (
  'host' => '39.107.111.90',
  'user-agent' => 'Mozilla/4.0 (compatible; MSIE 9.0; Windows NT 6.1)',
  'referer' => 'https://39.107.111.90',
  'accept-language' => 'zh-cn',
  'accept' => '*/*',
  'connection' => 'Keep-Alive',
  'content-type' => '',
  'content-length' => '',
)
[ info ] [ PARAM ] array (
)
[ info ] [ SESSION ] INIT array (
  'id' => '',
  'var_session_id' => '',
  'prefix' => 'think',
  'type' => '',
  'auto_start' => true,
)
[ info ] [ LOG ] INIT File
---------------------------------------------------------------
[ 2018-09-18T02:37:36+08:00 ] 172.17.0.24 183.60.210.52 GET /admin/login/index.html
[ info ] 39.107.111.90/admin/login/index.html [运行时间：0.017508s][吞吐率：57.12req/s] [内存消耗：1,844.09kb] [文件加载：51]
[ info ] [ LANG ] /www/wwwroot/mp.zihai029.com/thinkphp/lang/zh-cn.php
[ info ] [ LANG ] /www/wwwroot/mp.zihai029.com/application/lang/zh-cn.php
[ info ] [ ROUTE ] array (
  'type' => 'module',
  'module' => 
  array (
    0 => 'admin',
    1 => 'login',
    2 => 'index',
  ),
)
[ info ] [ HEADER ] array (
  'cookie' => 'PHPSESSID=o3a5kaj32phfth0p34pf0t2rao',
  'host' => '39.107.111.90',
  'user-agent' => 'Mozilla/4.0 (compatible; MSIE 9.0; Windows NT 6.1)',
  'referer' => 'https://39.107.111.90',
  'accept-language' => 'zh-cn',
  'accept' => '*/*',
  'connection' => 'Keep-Alive',
  'content-type' => '',
  'content-length' => '',
)
[ info ] [ PARAM ] array (
)
[ info ] [ SESSION ] INIT array (
  'id' => '',
  'var_session_id' => '',
  'prefix' => 'think',
  'type' => '',
  'auto_start' => true,
)
[ info ] [ RUN ] app\admin\controller\Login->index[ /www/wwwroot/mp.zihai029.com/application/admin/controller/Login.php ]
[ info ] [ LOG ] INIT File
---------------------------------------------------------------
[ 2018-09-18T06:13:32+08:00 ] 172.17.0.24 115.144.122.194 GET /
[ info ] 39.107.111.90/ [运行时间：0.017424s][吞吐率：57.39req/s] [内存消耗：1,914.35kb] [文件加载：53]
[ info ] [ LANG ] /www/wwwroot/mp.zihai029.com/thinkphp/lang/zh-cn.php
[ info ] [ LANG ] /www/wwwroot/mp.zihai029.com/application/lang/zh-cn.php
[ info ] [ ROUTE ] array (
  'type' => 'module',
  'module' => 
  array (
    0 => '',
    1 => NULL,
    2 => NULL,
  ),
)
[ info ] [ HEADER ] array (
  'host' => '39.107.111.90',
  'user-agent' => 'Mozilla/4.0 (compatible; MSIE 9.0; Windows NT 6.1)',
  'referer' => 'https://39.107.111.90',
  'accept-language' => 'zh-cn',
  'accept' => '*/*',
  'connection' => 'Keep-Alive',
  'content-type' => '',
  'content-length' => '',
)
[ info ] [ PARAM ] array (
)
[ info ] [ SESSION ] INIT array (
  'id' => '',
  'var_session_id' => '',
  'prefix' => 'think',
  'type' => '',
  'auto_start' => true,
)
[ info ] [ LOG ] INIT File
---------------------------------------------------------------
[ 2018-09-18T06:13:32+08:00 ] 172.17.0.24 115.144.122.194 GET /admin/login/index.html
[ info ] 39.107.111.90/admin/login/index.html [运行时间：0.022121s][吞吐率：45.21req/s] [内存消耗：1,844.09kb] [文件加载：51]
[ info ] [ LANG ] /www/wwwroot/mp.zihai029.com/thinkphp/lang/zh-cn.php
[ info ] [ LANG ] /www/wwwroot/mp.zihai029.com/application/lang/zh-cn.php
[ info ] [ ROUTE ] array (
  'type' => 'module',
  'module' => 
  array (
    0 => 'admin',
    1 => 'login',
    2 => 'index',
  ),
)
[ info ] [ HEADER ] array (
  'cookie' => 'PHPSESSID=gg94obj891ubvq5p5ib205suq0',
  'host' => '39.107.111.90',
  'user-agent' => 'Mozilla/4.0 (compatible; MSIE 9.0; Windows NT 6.1)',
  'referer' => 'https://39.107.111.90',
  'accept-language' => 'zh-cn',
  'accept' => '*/*',
  'connection' => 'Keep-Alive',
  'content-type' => '',
  'content-length' => '',
)
[ info ] [ PARAM ] array (
)
[ info ] [ SESSION ] INIT array (
  'id' => '',
  'var_session_id' => '',
  'prefix' => 'think',
  'type' => '',
  'auto_start' => true,
)
[ info ] [ RUN ] app\admin\controller\Login->index[ /www/wwwroot/mp.zihai029.com/application/admin/controller/Login.php ]
[ info ] [ LOG ] INIT File
---------------------------------------------------------------
[ 2018-09-18T06:13:35+08:00 ] 172.17.0.24 107.170.203.51 GET /
[ info ] 39.107.111.90/ [运行时间：0.017231s][吞吐率：58.03req/s] [内存消耗：1,913.88kb] [文件加载：53]
[ info ] [ LANG ] /www/wwwroot/mp.zihai029.com/thinkphp/lang/zh-cn.php
[ info ] [ LANG ] /www/wwwroot/mp.zihai029.com/application/lang/zh-cn.php
[ info ] [ ROUTE ] array (
  'type' => 'module',
  'module' => 
  array (
    0 => '',
    1 => NULL,
    2 => NULL,
  ),
)
[ info ] [ HEADER ] array (
  'accept-encoding' => 'gzip',
  'accept' => '*/*',
  'user-agent' => 'Mozilla/5.0 zgrab/0.x',
  'host' => '39.107.111.90',
  'content-type' => '',
  'content-length' => '',
)
[ info ] [ PARAM ] array (
)
[ info ] [ SESSION ] INIT array (
  'id' => '',
  'var_session_id' => '',
  'prefix' => 'think',
  'type' => '',
  'auto_start' => true,
)
[ info ] [ LOG ] INIT File
---------------------------------------------------------------
[ 2018-09-18T08:49:03+08:00 ] 172.17.0.24 123.234.210.248 GET /
[ info ] 39.107.111.90/ [运行时间：0.017545s][吞吐率：57.00req/s] [内存消耗：1,914.35kb] [文件加载：53]
[ info ] [ LANG ] /www/wwwroot/mp.zihai029.com/thinkphp/lang/zh-cn.php
[ info ] [ LANG ] /www/wwwroot/mp.zihai029.com/application/lang/zh-cn.php
[ info ] [ ROUTE ] array (
  'type' => 'module',
  'module' => 
  array (
    0 => '',
    1 => NULL,
    2 => NULL,
  ),
)
[ info ] [ HEADER ] array (
  'host' => '39.107.111.90',
  'user-agent' => 'Mozilla/4.0 (compatible; MSIE 9.0; Windows NT 6.1)',
  'referer' => 'https://39.107.111.90:443',
  'accept-language' => 'zh-cn',
  'accept' => '*/*',
  'connection' => 'Keep-Alive',
  'content-type' => '',
  'content-length' => '',
)
[ info ] [ PARAM ] array (
)
[ info ] [ SESSION ] INIT array (
  'id' => '',
  'var_session_id' => '',
  'prefix' => 'think',
  'type' => '',
  'auto_start' => true,
)
[ info ] [ LOG ] INIT File
---------------------------------------------------------------
[ 2018-09-18T08:49:04+08:00 ] 172.17.0.24 123.234.210.248 GET /admin/login/index.html
[ info ] 39.107.111.90/admin/login/index.html [运行时间：0.016290s][吞吐率：61.39req/s] [内存消耗：1,844.09kb] [文件加载：51]
[ info ] [ LANG ] /www/wwwroot/mp.zihai029.com/thinkphp/lang/zh-cn.php
[ info ] [ LANG ] /www/wwwroot/mp.zihai029.com/application/lang/zh-cn.php
[ info ] [ ROUTE ] array (
  'type' => 'module',
  'module' => 
  array (
    0 => 'admin',
    1 => 'login',
    2 => 'index',
  ),
)
[ info ] [ HEADER ] array (
  'cookie' => 'PHPSESSID=b27bblj6jgn4t6rh7i26mu0lt7',
  'host' => '39.107.111.90',
  'user-agent' => 'Mozilla/4.0 (compatible; MSIE 9.0; Windows NT 6.1)',
  'referer' => 'https://39.107.111.90:443',
  'accept-language' => 'zh-cn',
  'accept' => '*/*',
  'connection' => 'Keep-Alive',
  'content-type' => '',
  'content-length' => '',
)
[ info ] [ PARAM ] array (
)
[ info ] [ SESSION ] INIT array (
  'id' => '',
  'var_session_id' => '',
  'prefix' => 'think',
  'type' => '',
  'auto_start' => true,
)
[ info ] [ RUN ] app\admin\controller\Login->index[ /www/wwwroot/mp.zihai029.com/application/admin/controller/Login.php ]
[ info ] [ LOG ] INIT File
---------------------------------------------------------------
[ 2018-09-18T08:56:12+08:00 ] 172.17.0.24 61.139.73.169 GET /
[ info ] 39.107.111.90/ [运行时间：0.017516s][吞吐率：57.09req/s] [内存消耗：1,914.42kb] [文件加载：53]
[ info ] [ LANG ] /www/wwwroot/mp.zihai029.com/thinkphp/lang/zh-cn.php
[ info ] [ LANG ] /www/wwwroot/mp.zihai029.com/application/lang/zh-cn.php
[ info ] [ ROUTE ] array (
  'type' => 'module',
  'module' => 
  array (
    0 => '',
    1 => NULL,
    2 => NULL,
  ),
)
[ info ] [ HEADER ] array (
  'accept-language' => 'zh-cn,zh;q=0.8,en-us;q=0.5,en;q=0.3',
  'user-agent' => 'Mozilla/5.0 (Windows NT 6.3; WOW64) AppleWebKit/537.36 (KHTML, like Gecko) Chrome/54.0.2840.71 Safari/537.36',
  'accept' => '*/*',
  'accept-encoding' => 'gzip, deflate',
  'connection' => 'close',
  'host' => '39.107.111.90',
  'content-type' => '',
  'content-length' => '',
)
[ info ] [ PARAM ] array (
)
[ info ] [ SESSION ] INIT array (
  'id' => '',
  'var_session_id' => '',
  'prefix' => 'think',
  'type' => '',
  'auto_start' => true,
)
[ info ] [ LOG ] INIT File
---------------------------------------------------------------
[ 2018-09-18T09:50:46+08:00 ] 172.17.0.24 115.144.122.194 GET /
[ info ] 39.107.111.90/ [运行时间：0.017713s][吞吐率：56.46req/s] [内存消耗：1,914.35kb] [文件加载：53]
[ info ] [ LANG ] /www/wwwroot/mp.zihai029.com/thinkphp/lang/zh-cn.php
[ info ] [ LANG ] /www/wwwroot/mp.zihai029.com/application/lang/zh-cn.php
[ info ] [ ROUTE ] array (
  'type' => 'module',
  'module' => 
  array (
    0 => '',
    1 => NULL,
    2 => NULL,
  ),
)
[ info ] [ HEADER ] array (
  'host' => '39.107.111.90',
  'user-agent' => 'Mozilla/4.0 (compatible; MSIE 9.0; Windows NT 6.1)',
  'referer' => 'https://39.107.111.90',
  'accept-language' => 'zh-cn',
  'accept' => '*/*',
  'connection' => 'Keep-Alive',
  'content-type' => '',
  'content-length' => '',
)
[ info ] [ PARAM ] array (
)
[ info ] [ SESSION ] INIT array (
  'id' => '',
  'var_session_id' => '',
  'prefix' => 'think',
  'type' => '',
  'auto_start' => true,
)
[ info ] [ LOG ] INIT File
---------------------------------------------------------------
[ 2018-09-18T09:50:46+08:00 ] 172.17.0.24 115.144.122.194 GET /
[ info ] 39.107.111.90/ [运行时间：0.019806s][吞吐率：50.49req/s] [内存消耗：1,914.35kb] [文件加载：53]
[ info ] [ LANG ] /www/wwwroot/mp.zihai029.com/thinkphp/lang/zh-cn.php
[ info ] [ LANG ] /www/wwwroot/mp.zihai029.com/application/lang/zh-cn.php
[ info ] [ ROUTE ] array (
  'type' => 'module',
  'module' => 
  array (
    0 => '',
    1 => NULL,
    2 => NULL,
  ),
)
[ info ] [ HEADER ] array (
  'host' => '39.107.111.90',
  'user-agent' => 'Mozilla/4.0 (compatible; MSIE 9.0; Windows NT 6.1)',
  'referer' => 'https://39.107.111.90',
  'accept-language' => 'zh-cn',
  'accept' => '*/*',
  'connection' => 'Keep-Alive',
  'content-type' => '',
  'content-length' => '',
)
[ info ] [ PARAM ] array (
)
[ info ] [ SESSION ] INIT array (
  'id' => '',
  'var_session_id' => '',
  'prefix' => 'think',
  'type' => '',
  'auto_start' => true,
)
[ info ] [ LOG ] INIT File
---------------------------------------------------------------
[ 2018-09-18T09:50:46+08:00 ] 172.17.0.24 115.144.122.194 GET /admin/login/index.html
[ info ] 39.107.111.90/admin/login/index.html [运行时间：0.016989s][吞吐率：58.86req/s] [内存消耗：1,844.09kb] [文件加载：51]
[ info ] [ LANG ] /www/wwwroot/mp.zihai029.com/thinkphp/lang/zh-cn.php
[ info ] [ LANG ] /www/wwwroot/mp.zihai029.com/application/lang/zh-cn.php
[ info ] [ ROUTE ] array (
  'type' => 'module',
  'module' => 
  array (
    0 => 'admin',
    1 => 'login',
    2 => 'index',
  ),
)
[ info ] [ HEADER ] array (
  'cookie' => 'PHPSESSID=ohrgcc241fksc3osshoi1d0qua',
  'host' => '39.107.111.90',
  'user-agent' => 'Mozilla/4.0 (compatible; MSIE 9.0; Windows NT 6.1)',
  'referer' => 'https://39.107.111.90',
  'accept-language' => 'zh-cn',
  'accept' => '*/*',
  'connection' => 'Keep-Alive',
  'content-type' => '',
  'content-length' => '',
)
[ info ] [ PARAM ] array (
)
[ info ] [ SESSION ] INIT array (
  'id' => '',
  'var_session_id' => '',
  'prefix' => 'think',
  'type' => '',
  'auto_start' => true,
)
[ info ] [ RUN ] app\admin\controller\Login->index[ /www/wwwroot/mp.zihai029.com/application/admin/controller/Login.php ]
[ info ] [ LOG ] INIT File
---------------------------------------------------------------
[ 2018-09-18T09:50:46+08:00 ] 172.17.0.24 115.144.122.194 GET /admin/login/index.html
[ info ] 39.107.111.90/admin/login/index.html [运行时间：0.017868s][吞吐率：55.97req/s] [内存消耗：1,844.09kb] [文件加载：51]
[ info ] [ LANG ] /www/wwwroot/mp.zihai029.com/thinkphp/lang/zh-cn.php
[ info ] [ LANG ] /www/wwwroot/mp.zihai029.com/application/lang/zh-cn.php
[ info ] [ ROUTE ] array (
  'type' => 'module',
  'module' => 
  array (
    0 => 'admin',
    1 => 'login',
    2 => 'index',
  ),
)
[ info ] [ HEADER ] array (
  'cookie' => 'PHPSESSID=mirgmd49lcpq24r25j34cqj0q4',
  'host' => '39.107.111.90',
  'user-agent' => 'Mozilla/4.0 (compatible; MSIE 9.0; Windows NT 6.1)',
  'referer' => 'https://39.107.111.90',
  'accept-language' => 'zh-cn',
  'accept' => '*/*',
  'connection' => 'Keep-Alive',
  'content-type' => '',
  'content-length' => '',
)
[ info ] [ PARAM ] array (
)
[ info ] [ SESSION ] INIT array (
  'id' => '',
  'var_session_id' => '',
  'prefix' => 'think',
  'type' => '',
  'auto_start' => true,
)
[ info ] [ RUN ] app\admin\controller\Login->index[ /www/wwwroot/mp.zihai029.com/application/admin/controller/Login.php ]
[ info ] [ LOG ] INIT File
---------------------------------------------------------------
[ 2018-09-18T10:14:45+08:00 ] 172.17.0.24 140.205.205.25 HEAD /
[ info ] mp.zihai029.com:443/ [运行时间：0.017372s][吞吐率：57.56req/s] [内存消耗：1,913.23kb] [文件加载：53]
[ info ] [ LANG ] /www/wwwroot/mp.zihai029.com/thinkphp/lang/zh-cn.php
[ info ] [ LANG ] /www/wwwroot/mp.zihai029.com/application/lang/zh-cn.php
[ info ] [ ROUTE ] array (
  'type' => 'module',
  'module' => 
  array (
    0 => '',
    1 => NULL,
    2 => NULL,
  ),
)
[ info ] [ HEADER ] array (
  'connection' => 'close',
  'user-agent' => 'Go-http-client/1.1',
  'host' => 'mp.zihai029.com:443',
  'content-type' => '',
  'content-length' => '',
)
[ info ] [ PARAM ] array (
)
[ info ] [ SESSION ] INIT array (
  'id' => '',
  'var_session_id' => '',
  'prefix' => 'think',
  'type' => '',
  'auto_start' => true,
)
[ info ] [ LOG ] INIT File
---------------------------------------------------------------
[ 2018-09-18T13:28:46+08:00 ] 172.17.0.24 183.60.210.46 GET /
[ info ] 39.107.111.90/ [运行时间：0.018262s][吞吐率：54.76req/s] [内存消耗：1,914.35kb] [文件加载：53]
[ info ] [ LANG ] /www/wwwroot/mp.zihai029.com/thinkphp/lang/zh-cn.php
[ info ] [ LANG ] /www/wwwroot/mp.zihai029.com/application/lang/zh-cn.php
[ info ] [ ROUTE ] array (
  'type' => 'module',
  'module' => 
  array (
    0 => '',
    1 => NULL,
    2 => NULL,
  ),
)
[ info ] [ HEADER ] array (
  'host' => '39.107.111.90',
  'user-agent' => 'Mozilla/4.0 (compatible; MSIE 9.0; Windows NT 6.1)',
  'referer' => 'https://39.107.111.90',
  'accept-language' => 'zh-cn',
  'accept' => '*/*',
  'connection' => 'Keep-Alive',
  'content-type' => '',
  'content-length' => '',
)
[ info ] [ PARAM ] array (
)
[ info ] [ SESSION ] INIT array (
  'id' => '',
  'var_session_id' => '',
  'prefix' => 'think',
  'type' => '',
  'auto_start' => true,
)
[ info ] [ LOG ] INIT File
---------------------------------------------------------------
[ 2018-09-18T13:28:46+08:00 ] 172.17.0.24 183.60.210.46 GET /
[ info ] 39.107.111.90/ [运行时间：0.017420s][吞吐率：57.41req/s] [内存消耗：1,914.35kb] [文件加载：53]
[ info ] [ LANG ] /www/wwwroot/mp.zihai029.com/thinkphp/lang/zh-cn.php
[ info ] [ LANG ] /www/wwwroot/mp.zihai029.com/application/lang/zh-cn.php
[ info ] [ ROUTE ] array (
  'type' => 'module',
  'module' => 
  array (
    0 => '',
    1 => NULL,
    2 => NULL,
  ),
)
[ info ] [ HEADER ] array (
  'host' => '39.107.111.90',
  'user-agent' => 'Mozilla/4.0 (compatible; MSIE 9.0; Windows NT 6.1)',
  'referer' => 'https://39.107.111.90',
  'accept-language' => 'zh-cn',
  'accept' => '*/*',
  'connection' => 'Keep-Alive',
  'content-type' => '',
  'content-length' => '',
)
[ info ] [ PARAM ] array (
)
[ info ] [ SESSION ] INIT array (
  'id' => '',
  'var_session_id' => '',
  'prefix' => 'think',
  'type' => '',
  'auto_start' => true,
)
[ info ] [ LOG ] INIT File
---------------------------------------------------------------
[ 2018-09-18T13:28:46+08:00 ] 172.17.0.24 183.60.210.46 GET /admin/login/index.html
[ info ] 39.107.111.90/admin/login/index.html [运行时间：0.016097s][吞吐率：62.12req/s] [内存消耗：1,844.09kb] [文件加载：51]
[ info ] [ LANG ] /www/wwwroot/mp.zihai029.com/thinkphp/lang/zh-cn.php
[ info ] [ LANG ] /www/wwwroot/mp.zihai029.com/application/lang/zh-cn.php
[ info ] [ ROUTE ] array (
  'type' => 'module',
  'module' => 
  array (
    0 => 'admin',
    1 => 'login',
    2 => 'index',
  ),
)
[ info ] [ HEADER ] array (
  'cookie' => 'PHPSESSID=06615pdhb0oktg61lk5iiooiod',
  'host' => '39.107.111.90',
  'user-agent' => 'Mozilla/4.0 (compatible; MSIE 9.0; Windows NT 6.1)',
  'referer' => 'https://39.107.111.90',
  'accept-language' => 'zh-cn',
  'accept' => '*/*',
  'connection' => 'Keep-Alive',
  'content-type' => '',
  'content-length' => '',
)
[ info ] [ PARAM ] array (
)
[ info ] [ SESSION ] INIT array (
  'id' => '',
  'var_session_id' => '',
  'prefix' => 'think',
  'type' => '',
  'auto_start' => true,
)
[ info ] [ RUN ] app\admin\controller\Login->index[ /www/wwwroot/mp.zihai029.com/application/admin/controller/Login.php ]
[ info ] [ LOG ] INIT File
---------------------------------------------------------------
[ 2018-09-18T13:28:46+08:00 ] 172.17.0.24 183.60.210.46 GET /admin/login/index.html
[ info ] 39.107.111.90/admin/login/index.html [运行时间：0.016602s][吞吐率：60.23req/s] [内存消耗：1,844.09kb] [文件加载：51]
[ info ] [ LANG ] /www/wwwroot/mp.zihai029.com/thinkphp/lang/zh-cn.php
[ info ] [ LANG ] /www/wwwroot/mp.zihai029.com/application/lang/zh-cn.php
[ info ] [ ROUTE ] array (
  'type' => 'module',
  'module' => 
  array (
    0 => 'admin',
    1 => 'login',
    2 => 'index',
  ),
)
[ info ] [ HEADER ] array (
  'cookie' => 'PHPSESSID=3dithmjrv1ln7g5e68c717f9r2',
  'host' => '39.107.111.90',
  'user-agent' => 'Mozilla/4.0 (compatible; MSIE 9.0; Windows NT 6.1)',
  'referer' => 'https://39.107.111.90',
  'accept-language' => 'zh-cn',
  'accept' => '*/*',
  'connection' => 'Keep-Alive',
  'content-type' => '',
  'content-length' => '',
)
[ info ] [ PARAM ] array (
)
[ info ] [ SESSION ] INIT array (
  'id' => '',
  'var_session_id' => '',
  'prefix' => 'think',
  'type' => '',
  'auto_start' => true,
)
[ info ] [ RUN ] app\admin\controller\Login->index[ /www/wwwroot/mp.zihai029.com/application/admin/controller/Login.php ]
[ info ] [ LOG ] INIT File
---------------------------------------------------------------
[ 2018-09-18T13:51:40+08:00 ] 172.17.0.24 106.75.92.187 GET /
[ info ] 39.107.111.90:443/ [运行时间：0.017456s][吞吐率：57.29req/s] [内存消耗：1,914.68kb] [文件加载：53]
[ info ] [ LANG ] /www/wwwroot/mp.zihai029.com/thinkphp/lang/zh-cn.php
[ info ] [ LANG ] /www/wwwroot/mp.zihai029.com/application/lang/zh-cn.php
[ info ] [ ROUTE ] array (
  'type' => 'module',
  'module' => 
  array (
    0 => '',
    1 => NULL,
    2 => NULL,
  ),
)
[ info ] [ HEADER ] array (
  'accept' => 'application/json, text/plain, */*',
  'accept-charset' => 'GBK,utf-8;q=0.7,*;q=0.3',
  'accept-language' => 'zh-CN,zh;q=0.8,en-US;q=0.5,en;q=0.3',
  'accept-encoding' => 'gzip, deflate, br',
  'user-agent' => 'Mozilla/5.0 (Windows NT 6.1; WOW64; rv:52.0) Gecko/20100101 Firefox/52.0',
  'host' => '39.107.111.90:443',
  'content-type' => '',
  'content-length' => '',
)
[ info ] [ PARAM ] array (
)
[ info ] [ SESSION ] INIT array (
  'id' => '',
  'var_session_id' => '',
  'prefix' => 'think',
  'type' => '',
  'auto_start' => true,
)
[ info ] [ LOG ] INIT File
---------------------------------------------------------------
[ 2018-09-18T15:35:51+08:00 ] 172.17.0.24 123.139.18.13 POST /api/v1/token/verify
[ info ] mp.zihai029.com/api/v1/token/verify [运行时间：0.017702s][吞吐率：56.49req/s] [内存消耗：1,919.47kb] [文件加载：56]
[ info ] [ LANG ] /www/wwwroot/mp.zihai029.com/thinkphp/lang/zh-cn.php
[ info ] [ LANG ] /www/wwwroot/mp.zihai029.com/application/lang/zh-cn.php
[ info ] [ ROUTE ] array (
  'type' => 'module',
  'module' => 
  array (
    0 => 'api',
    1 => 'v1.Token',
    2 => 'verifyToken',
  ),
  'convert' => false,
)
[ info ] [ HEADER ] array (
  'accept-encoding' => 'gzip, deflate, br',
  'referer' => 'https://servicewechat.com/wxd9eaebc340cb1e7f/devtools/page-frame.html',
  'accept' => '*/*',
  'content-type' => 'application/json',
  'user-agent' => 'Mozilla/5.0 (iPhone; CPU iPhone OS 9_1 like Mac OS X) AppleWebKit/601.1.46 (KHTML, like Gecko) Version/9.0 Mobile/13B143 Safari/601.1 wechatdevtools/1.02.1809111 MicroMessenger/6.5.7 Language/zh_CN webview/ token/47507b2fb187c5dd45f8fd3ed13b6096',
  'origin' => 'http://127.0.0.1:20398',
  'cache-control' => 'no-cache',
  'pragma' => 'no-cache',
  'content-length' => '44',
  'connection' => 'keep-alive',
  'host' => 'mp.zihai029.com',
)
[ info ] [ PARAM ] array (
  'token' => '1c44d8e2ca7d5e9e1bf498a8f00c3f43',
  'version' => 'v1',
)
[ info ] [ RUN ] app\api\controller\v1\Token->verifyToken[ /www/wwwroot/mp.zihai029.com/application/api/controller/v1/Token.php ]
[ info ] [ CACHE ] INIT File
[ info ] [ LOG ] INIT File
---------------------------------------------------------------
[ 2018-09-18T15:35:51+08:00 ] 172.17.0.24 123.139.18.13 GET /api/v1/getPv
[ info ] mp.zihai029.com/api/v1/getPv [运行时间：0.035414s][吞吐率：28.24req/s] [内存消耗：2,529.78kb] [文件加载：59]
[ info ] [ LANG ] /www/wwwroot/mp.zihai029.com/thinkphp/lang/zh-cn.php
[ info ] [ LANG ] /www/wwwroot/mp.zihai029.com/application/lang/zh-cn.php
[ info ] [ ROUTE ] array (
  'type' => 'module',
  'module' => 
  array (
    0 => 'api',
    1 => 'v1.Pv',
    2 => 'getPv',
  ),
  'convert' => false,
)
[ info ] [ HEADER ] array (
  'accept-encoding' => 'gzip, deflate, br',
  'referer' => 'https://servicewechat.com/wxd9eaebc340cb1e7f/devtools/page-frame.html',
  'accept' => '*/*',
  'content-type' => 'application/json',
  'token' => '1c44d8e2ca7d5e9e1bf498a8f00c3f43',
  'user-agent' => 'Mozilla/5.0 (iPhone; CPU iPhone OS 9_1 like Mac OS X) AppleWebKit/601.1.46 (KHTML, like Gecko) Version/9.0 Mobile/13B143 Safari/601.1 wechatdevtools/1.02.1809111 MicroMessenger/6.5.7 Language/zh_CN webview/ token/47507b2fb187c5dd45f8fd3ed13b6096',
  'cache-control' => 'no-cache',
  'pragma' => 'no-cache',
  'connection' => 'keep-alive',
  'host' => 'mp.zihai029.com',
  'content-length' => '',
)
[ info ] [ PARAM ] array (
  'version' => 'v1',
)
[ info ] [ RUN ] app\api\controller\v1\Pv->getPv[ /www/wwwroot/mp.zihai029.com/application/api/controller/v1/Pv.php ]
[ info ] [ DB ] INIT mysql
[ info ] [ LOG ] INIT File
[ sql ] [ DB ] CONNECT:[ UseTime:0.000287s ] mysql:host=127.0.0.1;port=3306;dbname=mp_zihai029_com;charset=utf8
[ sql ] [ SQL ] SHOW COLUMNS FROM `tp_pv` [ RunTime:0.000607s ]
[ sql ] [ SQL ] SELECT `id` FROM `tp_pv` WHERE  `date` = '18-09-18' LIMIT 1 [ RunTime:0.000314s ]
[ sql ] [ SQL ] INSERT INTO `tp_pv` (`num` , `date`) VALUES (1 , '18-09-18') [ RunTime:0.011127s ]
---------------------------------------------------------------
[ 2018-09-18T15:35:51+08:00 ] 172.17.0.24 123.139.18.13 GET /api/v1/banner
[ info ] mp.zihai029.com/api/v1/banner [运行时间：0.025873s][吞吐率：38.65req/s] [内存消耗：2,952.16kb] [文件加载：67]
[ info ] [ LANG ] /www/wwwroot/mp.zihai029.com/thinkphp/lang/zh-cn.php
[ info ] [ LANG ] /www/wwwroot/mp.zihai029.com/application/lang/zh-cn.php
[ info ] [ ROUTE ] array (
  'type' => 'module',
  'module' => 
  array (
    0 => 'api',
    1 => 'v1.Index',
    2 => 'getBanner',
  ),
  'convert' => false,
)
[ info ] [ HEADER ] array (
  'accept-encoding' => 'gzip, deflate, br',
  'referer' => 'https://servicewechat.com/wxd9eaebc340cb1e7f/devtools/page-frame.html',
  'accept' => '*/*',
  'content-type' => 'application/json',
  'token' => '1c44d8e2ca7d5e9e1bf498a8f00c3f43',
  'user-agent' => 'Mozilla/5.0 (iPhone; CPU iPhone OS 9_1 like Mac OS X) AppleWebKit/601.1.46 (KHTML, like Gecko) Version/9.0 Mobile/13B143 Safari/601.1 wechatdevtools/1.02.1809111 MicroMessenger/6.5.7 Language/zh_CN webview/ token/47507b2fb187c5dd45f8fd3ed13b6096',
  'cache-control' => 'no-cache',
  'pragma' => 'no-cache',
  'connection' => 'keep-alive',
  'host' => 'mp.zihai029.com',
  'content-length' => '',
)
[ info ] [ PARAM ] array (
  'version' => 'v1',
)
[ info ] [ RUN ] app\api\controller\v1\Index->getBanner[ /www/wwwroot/mp.zihai029.com/application/api/controller/v1/Index.php ]
[ info ] [ DB ] INIT mysql
[ info ] [ LOG ] INIT File
[ sql ] [ DB ] CONNECT:[ UseTime:0.000356s ] mysql:host=127.0.0.1;port=3306;dbname=mp_zihai029_com;charset=utf8
[ sql ] [ SQL ] SHOW COLUMNS FROM `tp_goods` [ RunTime:0.000660s ]
[ sql ] [ SQL ] SELECT `g`.`id`,`g`.`images` FROM `tp_goods` `g` LEFT JOIN `tp_goods_category` `c` ON `g`.`goods_category_id`=`c`.`id` WHERE  `g`.`status` = 1  AND `g`.`open_banner` = 1  AND `c`.`status` = 1 ORDER BY g.sort asc [ RunTime:0.000176s ]
[ error ] [200][/www/wwwroot/mp.zihai029.com/application/api/model/Goods.php:16]
---------------------------------------------------------------
[ 2018-09-18T15:35:51+08:00 ] 172.17.0.24 123.139.18.13 GET /api/v1/getGoods/0/1
[ info ] mp.zihai029.com/api/v1/getGoods/0/1 [运行时间：0.029963s][吞吐率：33.37req/s] [内存消耗：3,036.84kb] [文件加载：70]
[ info ] [ LANG ] /www/wwwroot/mp.zihai029.com/thinkphp/lang/zh-cn.php
[ info ] [ LANG ] /www/wwwroot/mp.zihai029.com/application/lang/zh-cn.php
[ info ] [ ROUTE ] array (
  'type' => 'module',
  'module' => 
  array (
    0 => 'api',
    1 => 'v1.Index',
    2 => 'getGoods',
  ),
  'convert' => false,
)
[ info ] [ HEADER ] array (
  'accept-encoding' => 'gzip, deflate, br',
  'referer' => 'https://servicewechat.com/wxd9eaebc340cb1e7f/devtools/page-frame.html',
  'accept' => '*/*',
  'content-type' => 'application/json',
  'token' => '1c44d8e2ca7d5e9e1bf498a8f00c3f43',
  'user-agent' => 'Mozilla/5.0 (iPhone; CPU iPhone OS 9_1 like Mac OS X) AppleWebKit/601.1.46 (KHTML, like Gecko) Version/9.0 Mobile/13B143 Safari/601.1 wechatdevtools/1.02.1809111 MicroMessenger/6.5.7 Language/zh_CN webview/ token/47507b2fb187c5dd45f8fd3ed13b6096',
  'cache-control' => 'no-cache',
  'pragma' => 'no-cache',
  'connection' => 'keep-alive',
  'host' => 'mp.zihai029.com',
  'content-length' => '',
)
[ info ] [ PARAM ] array (
  'version' => 'v1',
  'type' => '0',
  'page' => '1',
)
[ info ] [ RUN ] app\api\controller\v1\Index->getGoods[ /www/wwwroot/mp.zihai029.com/application/api/controller/v1/Index.php ]
[ info ] [ DB ] INIT mysql
[ info ] [ LOG ] INIT File
[ sql ] [ DB ] CONNECT:[ UseTime:0.000316s ] mysql:host=127.0.0.1;port=3306;dbname=mp_zihai029_com;charset=utf8
[ sql ] [ SQL ] SHOW COLUMNS FROM `tp_goods` [ RunTime:0.000595s ]
[ sql ] [ SQL ] SELECT COUNT(*) AS tp_count FROM `tp_goods` `g` LEFT JOIN `tp_goods_category` `c` ON `g`.`goods_category_id`=`c`.`id` WHERE  `g`.`status` = 1  AND `c`.`status` = 1 LIMIT 1 [ RunTime:0.000158s ]
[ sql ] [ SQL ] SELECT `g`.`id`,`g`.`image`,`g`.`name`,`g`.`sales_sum`,`g`.`shop_price`,`g`.`market_price` FROM `tp_goods` `g` LEFT JOIN `tp_goods_category` `c` ON `g`.`goods_category_id`=`c`.`id` WHERE  `g`.`status` = 1  AND `c`.`status` = 1 ORDER BY g.sort asc LIMIT 0,10 [ RunTime:0.000127s ]
[ error ] [200][/www/wwwroot/mp.zihai029.com/application/api/model/Goods.php:43]
---------------------------------------------------------------
[ 2018-09-18T15:35:52+08:00 ] 172.17.0.24 123.139.18.13 POST /api/v1/token/user
[ info ] mp.zihai029.com/api/v1/token/user [运行时间：0.274592s][吞吐率：3.64req/s] [内存消耗：2,991.69kb] [文件加载：69]
[ info ] [ LANG ] /www/wwwroot/mp.zihai029.com/thinkphp/lang/zh-cn.php
[ info ] [ LANG ] /www/wwwroot/mp.zihai029.com/application/lang/zh-cn.php
[ info ] [ ROUTE ] array (
  'type' => 'module',
  'module' => 
  array (
    0 => 'api',
    1 => 'v1.Token',
    2 => 'getToken',
  ),
  'convert' => false,
)
[ info ] [ HEADER ] array (
  'accept-encoding' => 'gzip, deflate, br',
  'referer' => 'https://servicewechat.com/wxd9eaebc340cb1e7f/devtools/page-frame.html',
  'accept' => '*/*',
  'content-type' => 'application/json',
  'user-agent' => 'Mozilla/5.0 (iPhone; CPU iPhone OS 9_1 like Mac OS X) AppleWebKit/601.1.46 (KHTML, like Gecko) Version/9.0 Mobile/13B143 Safari/601.1 wechatdevtools/1.02.1809111 MicroMessenger/6.5.7 Language/zh_CN webview/ token/47507b2fb187c5dd45f8fd3ed13b6096',
  'origin' => 'http://127.0.0.1:20398',
  'cache-control' => 'no-cache',
  'pragma' => 'no-cache',
  'content-length' => '43',
  'connection' => 'keep-alive',
  'host' => 'mp.zihai029.com',
)
[ info ] [ PARAM ] array (
  'code' => '023lpiHf2QQ85B0VdEFf2JP9Hf2lpiHx',
  'version' => 'v1',
)
[ info ] [ RUN ] app\api\controller\v1\Token->getToken[ /www/wwwroot/mp.zihai029.com/application/api/controller/v1/Token.php ]
[ info ] [ DB ] INIT mysql
[ info ] [ CACHE ] INIT File
[ info ] [ LOG ] INIT File
[ sql ] [ DB ] CONNECT:[ UseTime:0.000465s ] mysql:host=127.0.0.1;port=3306;dbname=mp_zihai029_com;charset=utf8
[ sql ] [ SQL ] SHOW COLUMNS FROM `tp_user` [ RunTime:0.000771s ]
[ sql ] [ SQL ] SELECT `id` FROM `tp_user` WHERE  `openid` = 'ofkQQ5UghVE1P74QWcLv0RNmrQ9k' LIMIT 1 [ RunTime:0.000163s ]
---------------------------------------------------------------
[ 2018-09-18T15:55:05+08:00 ] 172.17.0.24 123.139.18.13 GET /api/v1/banner
[ info ] mp.zihai029.com/api/v1/banner [运行时间：0.031720s][吞吐率：31.53req/s] [内存消耗：2,951.96kb] [文件加载：67]
[ info ] [ LANG ] /www/wwwroot/mp.zihai029.com/thinkphp/lang/zh-cn.php
[ info ] [ LANG ] /www/wwwroot/mp.zihai029.com/application/lang/zh-cn.php
[ info ] [ ROUTE ] array (
  'type' => 'module',
  'module' => 
  array (
    0 => 'api',
    1 => 'v1.Index',
    2 => 'getBanner',
  ),
  'convert' => false,
)
[ info ] [ HEADER ] array (
  'accept-language' => 'zh-CN,zh;q=0.9',
  'accept-encoding' => 'gzip, deflate, br',
  'accept' => 'text/html,application/xhtml+xml,application/xml;q=0.9,image/webp,image/apng,*/*;q=0.8',
  'user-agent' => 'Mozilla/5.0 (Windows NT 6.1; Win64; x64) AppleWebKit/537.36 (KHTML, like Gecko) Chrome/69.0.3497.81 Safari/537.36',
  'upgrade-insecure-requests' => '1',
  'connection' => 'keep-alive',
  'host' => 'mp.zihai029.com',
  'content-type' => '',
  'content-length' => '',
)
[ info ] [ PARAM ] array (
  'version' => 'v1',
)
[ info ] [ RUN ] app\api\controller\v1\Index->getBanner[ /www/wwwroot/mp.zihai029.com/application/api/controller/v1/Index.php ]
[ info ] [ DB ] INIT mysql
[ info ] [ LOG ] INIT File
[ sql ] [ DB ] CONNECT:[ UseTime:0.000493s ] mysql:host=127.0.0.1;port=3306;dbname=mp_zihai029_com;charset=utf8
[ sql ] [ SQL ] SHOW COLUMNS FROM `tp_goods` [ RunTime:0.000805s ]
[ sql ] [ SQL ] SELECT `g`.`id`,`g`.`images` FROM `tp_goods` `g` LEFT JOIN `tp_goods_category` `c` ON `g`.`goods_category_id`=`c`.`id` WHERE  `g`.`status` = 1  AND `g`.`open_banner` = 1  AND `c`.`status` = 1 ORDER BY g.sort asc [ RunTime:0.000162s ]
[ error ] [200][/www/wwwroot/mp.zihai029.com/application/api/model/Goods.php:16]
---------------------------------------------------------------
[ 2018-09-18T15:55:56+08:00 ] 172.17.0.24 123.139.18.13 OPTIONS /api/v1/banner
[ info ] mp.zihai029.com/api/v1/banner [运行时间：0.015433s][吞吐率：64.80req/s] [内存消耗：1,663.82kb] [文件加载：48]
[ info ] [ LANG ] /www/wwwroot/mp.zihai029.com/thinkphp/lang/zh-cn.php
[ info ] [ LANG ] /www/wwwroot/mp.zihai029.com/application/lang/zh-cn.php
[ info ] [ ROUTE ] array (
  'type' => 'module',
  'module' => 
  array (
    0 => 'api',
    1 => 'v1',
    2 => 'banner',
  ),
)
[ info ] [ HEADER ] array (
  'accept-language' => 'zh-CN,zh;q=0.9',
  'accept-encoding' => 'gzip, deflate, br',
  'accept' => '*/*',
  'access-control-request-headers' => 'test',
  'user-agent' => 'Mozilla/5.0 (iPhone; CPU iPhone OS 11_0 like Mac OS X) AppleWebKit/604.1.38 (KHTML, like Gecko) Version/11.0 Mobile/15A372 Safari/604.1',
  'origin' => 'null',
  'access-control-request-method' => 'GET',
  'connection' => 'keep-alive',
  'host' => 'mp.zihai029.com',
  'content-type' => '',
  'content-length' => '',
)
[ info ] [ PARAM ] array (
)
[ info ] [ LOG ] INIT File
---------------------------------------------------------------
[ 2018-09-18T15:57:02+08:00 ] 172.17.0.24 123.139.18.13 GET /api/v1/banner
[ info ] mp.zihai029.com/api/v1/banner [运行时间：0.026031s][吞吐率：38.42req/s] [内存消耗：2,951.50kb] [文件加载：67]
[ info ] [ LANG ] /www/wwwroot/mp.zihai029.com/thinkphp/lang/zh-cn.php
[ info ] [ LANG ] /www/wwwroot/mp.zihai029.com/application/lang/zh-cn.php
[ info ] [ ROUTE ] array (
  'type' => 'module',
  'module' => 
  array (
    0 => 'api',
    1 => 'v1.Index',
    2 => 'getBanner',
  ),
  'convert' => false,
)
[ info ] [ HEADER ] array (
  'accept-language' => 'zh-CN,zh;q=0.9',
  'accept-encoding' => 'gzip, deflate, br',
  'user-agent' => 'Mozilla/5.0 (iPhone; CPU iPhone OS 11_0 like Mac OS X) AppleWebKit/604.1.38 (KHTML, like Gecko) Version/11.0 Mobile/15A372 Safari/604.1',
  'origin' => 'null',
  'accept' => '*/*',
  'connection' => 'keep-alive',
  'host' => 'mp.zihai029.com',
  'content-type' => '',
  'content-length' => '',
)
[ info ] [ PARAM ] array (
  'version' => 'v1',
)
[ info ] [ RUN ] app\api\controller\v1\Index->getBanner[ /www/wwwroot/mp.zihai029.com/application/api/controller/v1/Index.php ]
[ info ] [ DB ] INIT mysql
[ info ] [ LOG ] INIT File
[ sql ] [ DB ] CONNECT:[ UseTime:0.000454s ] mysql:host=127.0.0.1;port=3306;dbname=mp_zihai029_com;charset=utf8
[ sql ] [ SQL ] SHOW COLUMNS FROM `tp_goods` [ RunTime:0.000682s ]
[ sql ] [ SQL ] SELECT `g`.`id`,`g`.`images` FROM `tp_goods` `g` LEFT JOIN `tp_goods_category` `c` ON `g`.`goods_category_id`=`c`.`id` WHERE  `g`.`status` = 1  AND `g`.`open_banner` = 1  AND `c`.`status` = 1 ORDER BY g.sort asc [ RunTime:0.000149s ]
[ error ] [200][/www/wwwroot/mp.zihai029.com/application/api/model/Goods.php:16]
---------------------------------------------------------------
[ 2018-09-18T15:57:24+08:00 ] 172.17.0.24 123.139.18.13 OPTIONS /api/v1/banner
[ info ] mp.zihai029.com/api/v1/banner [运行时间：0.015755s][吞吐率：63.47req/s] [内存消耗：1,663.82kb] [文件加载：48]
[ info ] [ LANG ] /www/wwwroot/mp.zihai029.com/thinkphp/lang/zh-cn.php
[ info ] [ LANG ] /www/wwwroot/mp.zihai029.com/application/lang/zh-cn.php
[ info ] [ ROUTE ] array (
  'type' => 'module',
  'module' => 
  array (
    0 => 'api',
    1 => 'v1',
    2 => 'banner',
  ),
)
[ info ] [ HEADER ] array (
  'accept-language' => 'zh-CN,zh;q=0.9',
  'accept-encoding' => 'gzip, deflate, br',
  'accept' => '*/*',
  'access-control-request-headers' => 'test',
  'user-agent' => 'Mozilla/5.0 (iPhone; CPU iPhone OS 11_0 like Mac OS X) AppleWebKit/604.1.38 (KHTML, like Gecko) Version/11.0 Mobile/15A372 Safari/604.1',
  'origin' => 'null',
  'access-control-request-method' => 'GET',
  'connection' => 'keep-alive',
  'host' => 'mp.zihai029.com',
  'content-type' => '',
  'content-length' => '',
)
[ info ] [ PARAM ] array (
)
[ info ] [ LOG ] INIT File
---------------------------------------------------------------
[ 2018-09-18T15:57:25+08:00 ] 172.17.0.24 123.139.18.13 GET /api/v1/banner
[ info ] mp.zihai029.com/api/v1/banner [运行时间：0.025727s][吞吐率：38.87req/s] [内存消耗：2,951.96kb] [文件加载：67]
[ info ] [ LANG ] /www/wwwroot/mp.zihai029.com/thinkphp/lang/zh-cn.php
[ info ] [ LANG ] /www/wwwroot/mp.zihai029.com/application/lang/zh-cn.php
[ info ] [ ROUTE ] array (
  'type' => 'module',
  'module' => 
  array (
    0 => 'api',
    1 => 'v1.Index',
    2 => 'getBanner',
  ),
  'convert' => false,
)
[ info ] [ HEADER ] array (
  'accept-language' => 'zh-CN,zh;q=0.9',
  'accept-encoding' => 'gzip, deflate, br',
  'accept' => 'text/html,application/xhtml+xml,application/xml;q=0.9,image/webp,image/apng,*/*;q=0.8',
  'user-agent' => 'Mozilla/5.0 (Windows NT 6.1; Win64; x64) AppleWebKit/537.36 (KHTML, like Gecko) Chrome/69.0.3497.81 Safari/537.36',
  'upgrade-insecure-requests' => '1',
  'connection' => 'keep-alive',
  'host' => 'mp.zihai029.com',
  'content-type' => '',
  'content-length' => '',
)
[ info ] [ PARAM ] array (
  'version' => 'v1',
)
[ info ] [ RUN ] app\api\controller\v1\Index->getBanner[ /www/wwwroot/mp.zihai029.com/application/api/controller/v1/Index.php ]
[ info ] [ DB ] INIT mysql
[ info ] [ LOG ] INIT File
[ sql ] [ DB ] CONNECT:[ UseTime:0.000411s ] mysql:host=127.0.0.1;port=3306;dbname=mp_zihai029_com;charset=utf8
[ sql ] [ SQL ] SHOW COLUMNS FROM `tp_goods` [ RunTime:0.000670s ]
[ sql ] [ SQL ] SELECT `g`.`id`,`g`.`images` FROM `tp_goods` `g` LEFT JOIN `tp_goods_category` `c` ON `g`.`goods_category_id`=`c`.`id` WHERE  `g`.`status` = 1  AND `g`.`open_banner` = 1  AND `c`.`status` = 1 ORDER BY g.sort asc [ RunTime:0.000149s ]
[ error ] [200][/www/wwwroot/mp.zihai029.com/application/api/model/Goods.php:16]
---------------------------------------------------------------
[ 2018-09-18T16:01:17+08:00 ] 172.17.0.24 123.139.18.13 OPTIONS /api/v1/banner
[ info ] mp.zihai029.com/api/v1/banner [运行时间：0.015353s][吞吐率：65.13req/s] [内存消耗：1,663.82kb] [文件加载：48]
[ info ] [ LANG ] /www/wwwroot/mp.zihai029.com/thinkphp/lang/zh-cn.php
[ info ] [ LANG ] /www/wwwroot/mp.zihai029.com/application/lang/zh-cn.php
[ info ] [ ROUTE ] array (
  'type' => 'module',
  'module' => 
  array (
    0 => 'api',
    1 => 'v1',
    2 => 'banner',
  ),
)
[ info ] [ HEADER ] array (
  'accept-language' => 'zh-CN,zh;q=0.9',
  'accept-encoding' => 'gzip, deflate, br',
  'accept' => '*/*',
  'access-control-request-headers' => 'test',
  'user-agent' => 'Mozilla/5.0 (iPhone; CPU iPhone OS 11_0 like Mac OS X) AppleWebKit/604.1.38 (KHTML, like Gecko) Version/11.0 Mobile/15A372 Safari/604.1',
  'origin' => 'null',
  'access-control-request-method' => 'POST',
  'connection' => 'keep-alive',
  'host' => 'mp.zihai029.com',
  'content-type' => '',
  'content-length' => '',
)
[ info ] [ PARAM ] array (
)
[ info ] [ LOG ] INIT File
---------------------------------------------------------------
[ 2018-09-18T16:07:12+08:00 ] 172.17.0.24 123.139.18.13 OPTIONS /api/v1/banner
[ info ] mp.zihai029.com/api/v1/banner [运行时间：0.015711s][吞吐率：63.65req/s] [内存消耗：1,663.82kb] [文件加载：48]
[ info ] [ LANG ] /www/wwwroot/mp.zihai029.com/thinkphp/lang/zh-cn.php
[ info ] [ LANG ] /www/wwwroot/mp.zihai029.com/application/lang/zh-cn.php
[ info ] [ ROUTE ] array (
  'type' => 'module',
  'module' => 
  array (
    0 => 'api',
    1 => 'v1',
    2 => 'banner',
  ),
)
[ info ] [ HEADER ] array (
  'accept-language' => 'zh-CN,zh;q=0.9',
  'accept-encoding' => 'gzip, deflate, br',
  'accept' => '*/*',
  'access-control-request-headers' => 'test',
  'user-agent' => 'Mozilla/5.0 (iPhone; CPU iPhone OS 11_0 like Mac OS X) AppleWebKit/604.1.38 (KHTML, like Gecko) Version/11.0 Mobile/15A372 Safari/604.1',
  'origin' => 'null',
  'access-control-request-method' => 'POST',
  'connection' => 'keep-alive',
  'host' => 'mp.zihai029.com',
  'content-type' => '',
  'content-length' => '',
)
[ info ] [ PARAM ] array (
)
[ info ] [ LOG ] INIT File
---------------------------------------------------------------
[ 2018-09-18T16:07:16+08:00 ] 172.17.0.24 123.139.18.13 OPTIONS /api/v1/banner
[ info ] mp.zihai029.com/api/v1/banner [运行时间：0.015285s][吞吐率：65.42req/s] [内存消耗：1,663.82kb] [文件加载：48]
[ info ] [ LANG ] /www/wwwroot/mp.zihai029.com/thinkphp/lang/zh-cn.php
[ info ] [ LANG ] /www/wwwroot/mp.zihai029.com/application/lang/zh-cn.php
[ info ] [ ROUTE ] array (
  'type' => 'module',
  'module' => 
  array (
    0 => 'api',
    1 => 'v1',
    2 => 'banner',
  ),
)
[ info ] [ HEADER ] array (
  'accept-language' => 'zh-CN,zh;q=0.9',
  'accept-encoding' => 'gzip, deflate, br',
  'accept' => '*/*',
  'access-control-request-headers' => 'test',
  'user-agent' => 'Mozilla/5.0 (iPhone; CPU iPhone OS 11_0 like Mac OS X) AppleWebKit/604.1.38 (KHTML, like Gecko) Version/11.0 Mobile/15A372 Safari/604.1',
  'origin' => 'null',
  'access-control-request-method' => 'POST',
  'connection' => 'keep-alive',
  'host' => 'mp.zihai029.com',
  'content-type' => '',
  'content-length' => '',
)
[ info ] [ PARAM ] array (
)
[ info ] [ LOG ] INIT File
---------------------------------------------------------------
[ 2018-09-18T16:08:34+08:00 ] 172.17.0.24 123.139.18.13 POST /api/v1/token/verify
[ info ] mp.zihai029.com/api/v1/token/verify [运行时间：0.016986s][吞吐率：58.87req/s] [内存消耗：1,919.50kb] [文件加载：56]
[ info ] [ LANG ] /www/wwwroot/mp.zihai029.com/thinkphp/lang/zh-cn.php
[ info ] [ LANG ] /www/wwwroot/mp.zihai029.com/application/lang/zh-cn.php
[ info ] [ ROUTE ] array (
  'type' => 'module',
  'module' => 
  array (
    0 => 'api',
    1 => 'v1.Token',
    2 => 'verifyToken',
  ),
  'convert' => false,
)
[ info ] [ HEADER ] array (
  'accept-encoding' => 'gzip, deflate, br',
  'referer' => 'https://servicewechat.com/wxd9eaebc340cb1e7f/devtools/page-frame.html',
  'accept' => '*/*',
  'content-type' => 'application/json',
  'user-agent' => 'Mozilla/5.0 (iPhone; CPU iPhone OS 9_1 like Mac OS X) AppleWebKit/601.1.46 (KHTML, like Gecko) Version/9.0 Mobile/13B143 Safari/601.1 wechatdevtools/1.02.1809111 MicroMessenger/6.5.7 Language/zh_CN webview/ token/47507b2fb187c5dd45f8fd3ed13b6096',
  'origin' => 'http://127.0.0.1:20398',
  'cache-control' => 'no-cache',
  'pragma' => 'no-cache',
  'content-length' => '44',
  'connection' => 'keep-alive',
  'host' => 'mp.zihai029.com',
)
[ info ] [ PARAM ] array (
  'token' => 'ff7599a22e85d1fe2823435a1d14fc6a',
  'version' => 'v1',
)
[ info ] [ RUN ] app\api\controller\v1\Token->verifyToken[ /www/wwwroot/mp.zihai029.com/application/api/controller/v1/Token.php ]
[ info ] [ CACHE ] INIT File
[ info ] [ LOG ] INIT File
---------------------------------------------------------------
[ 2018-09-18T16:08:34+08:00 ] 172.17.0.24 123.139.18.13 GET /api/v1/getPv
[ info ] mp.zihai029.com/api/v1/getPv [运行时间：0.024264s][吞吐率：41.21req/s] [内存消耗：2,591.29kb] [文件加载：62]
[ info ] [ LANG ] /www/wwwroot/mp.zihai029.com/thinkphp/lang/zh-cn.php
[ info ] [ LANG ] /www/wwwroot/mp.zihai029.com/application/lang/zh-cn.php
[ info ] [ ROUTE ] array (
  'type' => 'module',
  'module' => 
  array (
    0 => 'api',
    1 => 'v1.Pv',
    2 => 'getPv',
  ),
  'convert' => false,
)
[ info ] [ HEADER ] array (
  'accept-encoding' => 'gzip, deflate, br',
  'referer' => 'https://servicewechat.com/wxd9eaebc340cb1e7f/devtools/page-frame.html',
  'accept' => '*/*',
  'content-type' => 'application/json',
  'token' => 'ff7599a22e85d1fe2823435a1d14fc6a',
  'user-agent' => 'Mozilla/5.0 (iPhone; CPU iPhone OS 9_1 like Mac OS X) AppleWebKit/601.1.46 (KHTML, like Gecko) Version/9.0 Mobile/13B143 Safari/601.1 wechatdevtools/1.02.1809111 MicroMessenger/6.5.7 Language/zh_CN webview/ token/47507b2fb187c5dd45f8fd3ed13b6096',
  'cache-control' => 'no-cache',
  'pragma' => 'no-cache',
  'connection' => 'keep-alive',
  'host' => 'mp.zihai029.com',
  'content-length' => '',
)
[ info ] [ PARAM ] array (
  'version' => 'v1',
)
[ info ] [ RUN ] app\api\controller\v1\Pv->getPv[ /www/wwwroot/mp.zihai029.com/application/api/controller/v1/Pv.php ]
[ info ] [ DB ] INIT mysql
[ info ] [ CACHE ] INIT File
[ info ] [ LOG ] INIT File
[ sql ] [ DB ] CONNECT:[ UseTime:0.000432s ] mysql:host=127.0.0.1;port=3306;dbname=mp_zihai029_com;charset=utf8
[ sql ] [ SQL ] SHOW COLUMNS FROM `tp_pv` [ RunTime:0.000591s ]
[ sql ] [ SQL ] SELECT `id` FROM `tp_pv` WHERE  `date` = '18-09-18' LIMIT 1 [ RunTime:0.000249s ]
[ sql ] [ SQL ] UPDATE `tp_pv`  SET `num`=num+1  WHERE  `id` = 36 [ RunTime:0.000185s ]
---------------------------------------------------------------
[ 2018-09-18T16:08:34+08:00 ] 172.17.0.24 123.139.18.13 GET /api/v1/banner
[ info ] mp.zihai029.com/api/v1/banner [运行时间：0.026166s][吞吐率：38.22req/s] [内存消耗：2,952.20kb] [文件加载：67]
[ info ] [ LANG ] /www/wwwroot/mp.zihai029.com/thinkphp/lang/zh-cn.php
[ info ] [ LANG ] /www/wwwroot/mp.zihai029.com/application/lang/zh-cn.php
[ info ] [ ROUTE ] array (
  'type' => 'module',
  'module' => 
  array (
    0 => 'api',
    1 => 'v1.Index',
    2 => 'getBanner',
  ),
  'convert' => false,
)
[ info ] [ HEADER ] array (
  'accept-encoding' => 'gzip, deflate, br',
  'referer' => 'https://servicewechat.com/wxd9eaebc340cb1e7f/devtools/page-frame.html',
  'accept' => '*/*',
  'content-type' => 'application/json',
  'token' => 'ff7599a22e85d1fe2823435a1d14fc6a',
  'user-agent' => 'Mozilla/5.0 (iPhone; CPU iPhone OS 9_1 like Mac OS X) AppleWebKit/601.1.46 (KHTML, like Gecko) Version/9.0 Mobile/13B143 Safari/601.1 wechatdevtools/1.02.1809111 MicroMessenger/6.5.7 Language/zh_CN webview/ token/47507b2fb187c5dd45f8fd3ed13b6096',
  'cache-control' => 'no-cache',
  'pragma' => 'no-cache',
  'connection' => 'keep-alive',
  'host' => 'mp.zihai029.com',
  'content-length' => '',
)
[ info ] [ PARAM ] array (
  'version' => 'v1',
)
[ info ] [ RUN ] app\api\controller\v1\Index->getBanner[ /www/wwwroot/mp.zihai029.com/application/api/controller/v1/Index.php ]
[ info ] [ DB ] INIT mysql
[ info ] [ LOG ] INIT File
[ sql ] [ DB ] CONNECT:[ UseTime:0.000646s ] mysql:host=127.0.0.1;port=3306;dbname=mp_zihai029_com;charset=utf8
[ sql ] [ SQL ] SHOW COLUMNS FROM `tp_goods` [ RunTime:0.000789s ]
[ sql ] [ SQL ] SELECT `g`.`id`,`g`.`images` FROM `tp_goods` `g` LEFT JOIN `tp_goods_category` `c` ON `g`.`goods_category_id`=`c`.`id` WHERE  `g`.`status` = 1  AND `g`.`open_banner` = 1  AND `c`.`status` = 1 ORDER BY g.sort asc [ RunTime:0.000184s ]
[ error ] [200][/www/wwwroot/mp.zihai029.com/application/api/model/Goods.php:16]
---------------------------------------------------------------
[ 2018-09-18T16:08:34+08:00 ] 172.17.0.24 123.139.18.13 GET /api/v1/getGoods/0/1
[ info ] mp.zihai029.com/api/v1/getGoods/0/1 [运行时间：0.026738s][吞吐率：37.40req/s] [内存消耗：3,036.88kb] [文件加载：70]
[ info ] [ LANG ] /www/wwwroot/mp.zihai029.com/thinkphp/lang/zh-cn.php
[ info ] [ LANG ] /www/wwwroot/mp.zihai029.com/application/lang/zh-cn.php
[ info ] [ ROUTE ] array (
  'type' => 'module',
  'module' => 
  array (
    0 => 'api',
    1 => 'v1.Index',
    2 => 'getGoods',
  ),
  'convert' => false,
)
[ info ] [ HEADER ] array (
  'accept-encoding' => 'gzip, deflate, br',
  'referer' => 'https://servicewechat.com/wxd9eaebc340cb1e7f/devtools/page-frame.html',
  'accept' => '*/*',
  'content-type' => 'application/json',
  'token' => 'ff7599a22e85d1fe2823435a1d14fc6a',
  'user-agent' => 'Mozilla/5.0 (iPhone; CPU iPhone OS 9_1 like Mac OS X) AppleWebKit/601.1.46 (KHTML, like Gecko) Version/9.0 Mobile/13B143 Safari/601.1 wechatdevtools/1.02.1809111 MicroMessenger/6.5.7 Language/zh_CN webview/ token/47507b2fb187c5dd45f8fd3ed13b6096',
  'cache-control' => 'no-cache',
  'pragma' => 'no-cache',
  'connection' => 'keep-alive',
  'host' => 'mp.zihai029.com',
  'content-length' => '',
)
[ info ] [ PARAM ] array (
  'version' => 'v1',
  'type' => '0',
  'page' => '1',
)
[ info ] [ RUN ] app\api\controller\v1\Index->getGoods[ /www/wwwroot/mp.zihai029.com/application/api/controller/v1/Index.php ]
[ info ] [ DB ] INIT mysql
[ info ] [ LOG ] INIT File
[ sql ] [ DB ] CONNECT:[ UseTime:0.000332s ] mysql:host=127.0.0.1;port=3306;dbname=mp_zihai029_com;charset=utf8
[ sql ] [ SQL ] SHOW COLUMNS FROM `tp_goods` [ RunTime:0.000622s ]
[ sql ] [ SQL ] SELECT COUNT(*) AS tp_count FROM `tp_goods` `g` LEFT JOIN `tp_goods_category` `c` ON `g`.`goods_category_id`=`c`.`id` WHERE  `g`.`status` = 1  AND `c`.`status` = 1 LIMIT 1 [ RunTime:0.000142s ]
[ sql ] [ SQL ] SELECT `g`.`id`,`g`.`image`,`g`.`name`,`g`.`sales_sum`,`g`.`shop_price`,`g`.`market_price` FROM `tp_goods` `g` LEFT JOIN `tp_goods_category` `c` ON `g`.`goods_category_id`=`c`.`id` WHERE  `g`.`status` = 1  AND `c`.`status` = 1 ORDER BY g.sort asc LIMIT 0,10 [ RunTime:0.000121s ]
[ error ] [200][/www/wwwroot/mp.zihai029.com/application/api/model/Goods.php:43]
---------------------------------------------------------------
[ 2018-09-18T16:10:17+08:00 ] 172.17.0.24 123.139.18.13 OPTIONS /api/v1/banner
[ info ] mp.zihai029.com/api/v1/banner [运行时间：0.015333s][吞吐率：65.22req/s] [内存消耗：1,663.82kb] [文件加载：48]
[ info ] [ LANG ] /www/wwwroot/mp.zihai029.com/thinkphp/lang/zh-cn.php
[ info ] [ LANG ] /www/wwwroot/mp.zihai029.com/application/lang/zh-cn.php
[ info ] [ ROUTE ] array (
  'type' => 'module',
  'module' => 
  array (
    0 => 'api',
    1 => 'v1',
    2 => 'banner',
  ),
)
[ info ] [ HEADER ] array (
  'accept-language' => 'zh-CN,zh;q=0.9',
  'accept-encoding' => 'gzip, deflate, br',
  'accept' => '*/*',
  'access-control-request-headers' => 'test',
  'user-agent' => 'Mozilla/5.0 (iPhone; CPU iPhone OS 11_0 like Mac OS X) AppleWebKit/604.1.38 (KHTML, like Gecko) Version/11.0 Mobile/15A372 Safari/604.1',
  'origin' => 'null',
  'access-control-request-method' => 'POST',
  'connection' => 'keep-alive',
  'host' => 'mp.zihai029.com',
  'content-type' => '',
  'content-length' => '',
)
[ info ] [ PARAM ] array (
)
[ info ] [ LOG ] INIT File
---------------------------------------------------------------
[ 2018-09-18T16:37:15+08:00 ] 172.17.0.24 123.139.18.13 OPTIONS /api/v1/banner
[ info ] mp.zihai029.com/api/v1/banner [运行时间：0.017403s][吞吐率：57.46req/s] [内存消耗：1,663.82kb] [文件加载：48]
[ info ] [ LANG ] /www/wwwroot/mp.zihai029.com/thinkphp/lang/zh-cn.php
[ info ] [ LANG ] /www/wwwroot/mp.zihai029.com/application/lang/zh-cn.php
[ info ] [ ROUTE ] array (
  'type' => 'module',
  'module' => 
  array (
    0 => 'api',
    1 => 'v1',
    2 => 'banner',
  ),
)
[ info ] [ HEADER ] array (
  'accept-language' => 'zh-CN,zh;q=0.9',
  'accept-encoding' => 'gzip, deflate, br',
  'accept' => '*/*',
  'access-control-request-headers' => 'test',
  'user-agent' => 'Mozilla/5.0 (iPhone; CPU iPhone OS 11_0 like Mac OS X) AppleWebKit/604.1.38 (KHTML, like Gecko) Version/11.0 Mobile/15A372 Safari/604.1',
  'origin' => 'null',
  'access-control-request-method' => 'POST',
  'connection' => 'keep-alive',
  'host' => 'mp.zihai029.com',
  'content-type' => '',
  'content-length' => '',
)
[ info ] [ PARAM ] array (
)
[ info ] [ LOG ] INIT File
---------------------------------------------------------------
[ 2018-09-18T16:37:17+08:00 ] 172.17.0.24 123.139.18.13 OPTIONS /api/v1/banner
[ info ] mp.zihai029.com/api/v1/banner [运行时间：0.015252s][吞吐率：65.57req/s] [内存消耗：1,663.82kb] [文件加载：48]
[ info ] [ LANG ] /www/wwwroot/mp.zihai029.com/thinkphp/lang/zh-cn.php
[ info ] [ LANG ] /www/wwwroot/mp.zihai029.com/application/lang/zh-cn.php
[ info ] [ ROUTE ] array (
  'type' => 'module',
  'module' => 
  array (
    0 => 'api',
    1 => 'v1',
    2 => 'banner',
  ),
)
[ info ] [ HEADER ] array (
  'accept-language' => 'zh-CN,zh;q=0.9',
  'accept-encoding' => 'gzip, deflate, br',
  'accept' => '*/*',
  'access-control-request-headers' => 'test',
  'user-agent' => 'Mozilla/5.0 (iPhone; CPU iPhone OS 11_0 like Mac OS X) AppleWebKit/604.1.38 (KHTML, like Gecko) Version/11.0 Mobile/15A372 Safari/604.1',
  'origin' => 'null',
  'access-control-request-method' => 'POST',
  'connection' => 'keep-alive',
  'host' => 'mp.zihai029.com',
  'content-type' => '',
  'content-length' => '',
)
[ info ] [ PARAM ] array (
)
[ info ] [ LOG ] INIT File
---------------------------------------------------------------
[ 2018-09-18T16:38:02+08:00 ] 172.17.0.24 123.139.18.13 OPTIONS /api/v1/banner
[ info ] mp.zihai029.com/api/v1/banner [运行时间：0.016332s][吞吐率：61.23req/s] [内存消耗：1,663.82kb] [文件加载：48]
[ info ] [ LANG ] /www/wwwroot/mp.zihai029.com/thinkphp/lang/zh-cn.php
[ info ] [ LANG ] /www/wwwroot/mp.zihai029.com/application/lang/zh-cn.php
[ info ] [ ROUTE ] array (
  'type' => 'module',
  'module' => 
  array (
    0 => 'api',
    1 => 'v1',
    2 => 'banner',
  ),
)
[ info ] [ HEADER ] array (
  'accept-language' => 'zh-CN,zh;q=0.9',
  'accept-encoding' => 'gzip, deflate, br',
  'accept' => '*/*',
  'access-control-request-headers' => 'test',
  'user-agent' => 'Mozilla/5.0 (iPhone; CPU iPhone OS 11_0 like Mac OS X) AppleWebKit/604.1.38 (KHTML, like Gecko) Version/11.0 Mobile/15A372 Safari/604.1',
  'origin' => 'null',
  'access-control-request-method' => 'POST',
  'connection' => 'keep-alive',
  'host' => 'mp.zihai029.com',
  'content-type' => '',
  'content-length' => '',
)
[ info ] [ PARAM ] array (
)
[ info ] [ LOG ] INIT File
---------------------------------------------------------------
[ 2018-09-18T16:38:16+08:00 ] 172.17.0.24 123.139.18.13 OPTIONS /api/v1/banner
[ info ] mp.zihai029.com/api/v1/banner [运行时间：0.016304s][吞吐率：61.33req/s] [内存消耗：1,663.82kb] [文件加载：48]
[ info ] [ LANG ] /www/wwwroot/mp.zihai029.com/thinkphp/lang/zh-cn.php
[ info ] [ LANG ] /www/wwwroot/mp.zihai029.com/application/lang/zh-cn.php
[ info ] [ ROUTE ] array (
  'type' => 'module',
  'module' => 
  array (
    0 => 'api',
    1 => 'v1',
    2 => 'banner',
  ),
)
[ info ] [ HEADER ] array (
  'accept-language' => 'zh-CN,zh;q=0.9',
  'accept-encoding' => 'gzip, deflate, br',
  'accept' => '*/*',
  'access-control-request-headers' => 'test',
  'user-agent' => 'Mozilla/5.0 (iPhone; CPU iPhone OS 11_0 like Mac OS X) AppleWebKit/604.1.38 (KHTML, like Gecko) Version/11.0 Mobile/15A372 Safari/604.1',
  'origin' => 'null',
  'access-control-request-method' => 'POST',
  'connection' => 'keep-alive',
  'host' => 'mp.zihai029.com',
  'content-type' => '',
  'content-length' => '',
)
[ info ] [ PARAM ] array (
)
[ info ] [ LOG ] INIT File
---------------------------------------------------------------
[ 2018-09-18T16:38:43+08:00 ] 172.17.0.24 123.139.18.13 POST /api/v1/banner
[ info ] mp.zihai029.com/api/v1/banner [运行时间：0.015436s][吞吐率：64.78req/s] [内存消耗：1,664.24kb] [文件加载：48]
[ info ] [ LANG ] /www/wwwroot/mp.zihai029.com/thinkphp/lang/zh-cn.php
[ info ] [ LANG ] /www/wwwroot/mp.zihai029.com/application/lang/zh-cn.php
[ info ] [ ROUTE ] array (
  'type' => 'module',
  'module' => 
  array (
    0 => 'api',
    1 => 'v1',
    2 => 'banner',
  ),
)
[ info ] [ HEADER ] array (
  'accept-language' => 'zh-CN,zh;q=0.9',
  'accept-encoding' => 'gzip, deflate, br',
  'user-agent' => 'Mozilla/5.0 (iPhone; CPU iPhone OS 11_0 like Mac OS X) AppleWebKit/604.1.38 (KHTML, like Gecko) Version/11.0 Mobile/15A372 Safari/604.1',
  'origin' => 'null',
  'accept' => '*/*',
  'content-length' => '0',
  'connection' => 'keep-alive',
  'host' => 'mp.zihai029.com',
  'content-type' => '',
)
[ info ] [ PARAM ] array (
)
[ info ] [ LOG ] INIT File
---------------------------------------------------------------
[ 2018-09-18T16:38:53+08:00 ] 172.17.0.24 123.139.18.13 POST /api/v1/banner
[ info ] mp.zihai029.com/api/v1/banner [运行时间：0.015558s][吞吐率：64.28req/s] [内存消耗：1,664.24kb] [文件加载：48]
[ info ] [ LANG ] /www/wwwroot/mp.zihai029.com/thinkphp/lang/zh-cn.php
[ info ] [ LANG ] /www/wwwroot/mp.zihai029.com/application/lang/zh-cn.php
[ info ] [ ROUTE ] array (
  'type' => 'module',
  'module' => 
  array (
    0 => 'api',
    1 => 'v1',
    2 => 'banner',
  ),
)
[ info ] [ HEADER ] array (
  'accept-language' => 'zh-CN,zh;q=0.9',
  'accept-encoding' => 'gzip, deflate, br',
  'user-agent' => 'Mozilla/5.0 (iPhone; CPU iPhone OS 11_0 like Mac OS X) AppleWebKit/604.1.38 (KHTML, like Gecko) Version/11.0 Mobile/15A372 Safari/604.1',
  'origin' => 'null',
  'accept' => '*/*',
  'content-length' => '0',
  'connection' => 'keep-alive',
  'host' => 'mp.zihai029.com',
  'content-type' => '',
)
[ info ] [ PARAM ] array (
)
[ info ] [ LOG ] INIT File
---------------------------------------------------------------
[ 2018-09-18T16:39:13+08:00 ] 172.17.0.24 123.139.18.13 GET /api/v1/banner
[ info ] mp.zihai029.com/api/v1/banner [运行时间：0.026482s][吞吐率：37.76req/s] [内存消耗：2,951.53kb] [文件加载：67]
[ info ] [ LANG ] /www/wwwroot/mp.zihai029.com/thinkphp/lang/zh-cn.php
[ info ] [ LANG ] /www/wwwroot/mp.zihai029.com/application/lang/zh-cn.php
[ info ] [ ROUTE ] array (
  'type' => 'module',
  'module' => 
  array (
    0 => 'api',
    1 => 'v1.Index',
    2 => 'getBanner',
  ),
  'convert' => false,
)
[ info ] [ HEADER ] array (
  'accept-language' => 'zh-CN,zh;q=0.9',
  'accept-encoding' => 'gzip, deflate, br',
  'user-agent' => 'Mozilla/5.0 (iPhone; CPU iPhone OS 11_0 like Mac OS X) AppleWebKit/604.1.38 (KHTML, like Gecko) Version/11.0 Mobile/15A372 Safari/604.1',
  'origin' => 'null',
  'accept' => '*/*',
  'connection' => 'keep-alive',
  'host' => 'mp.zihai029.com',
  'content-type' => '',
  'content-length' => '',
)
[ info ] [ PARAM ] array (
  'version' => 'v1',
)
[ info ] [ RUN ] app\api\controller\v1\Index->getBanner[ /www/wwwroot/mp.zihai029.com/application/api/controller/v1/Index.php ]
[ info ] [ DB ] INIT mysql
[ info ] [ LOG ] INIT File
[ sql ] [ DB ] CONNECT:[ UseTime:0.000497s ] mysql:host=127.0.0.1;port=3306;dbname=mp_zihai029_com;charset=utf8
[ sql ] [ SQL ] SHOW COLUMNS FROM `tp_goods` [ RunTime:0.000743s ]
[ sql ] [ SQL ] SELECT `g`.`id`,`g`.`images` FROM `tp_goods` `g` LEFT JOIN `tp_goods_category` `c` ON `g`.`goods_category_id`=`c`.`id` WHERE  `g`.`status` = 1  AND `g`.`open_banner` = 1  AND `c`.`status` = 1 ORDER BY g.sort asc [ RunTime:0.000172s ]
[ error ] [200][/www/wwwroot/mp.zihai029.com/application/api/model/Goods.php:16]
---------------------------------------------------------------
[ 2018-09-18T16:39:26+08:00 ] 172.17.0.24 123.139.18.13 OPTIONS /api/v1/banner
[ info ] mp.zihai029.com/api/v1/banner [运行时间：0.015516s][吞吐率：64.45req/s] [内存消耗：1,663.82kb] [文件加载：48]
[ info ] [ LANG ] /www/wwwroot/mp.zihai029.com/thinkphp/lang/zh-cn.php
[ info ] [ LANG ] /www/wwwroot/mp.zihai029.com/application/lang/zh-cn.php
[ info ] [ ROUTE ] array (
  'type' => 'module',
  'module' => 
  array (
    0 => 'api',
    1 => 'v1',
    2 => 'banner',
  ),
)
[ info ] [ HEADER ] array (
  'accept-language' => 'zh-CN,zh;q=0.9',
  'accept-encoding' => 'gzip, deflate, br',
  'accept' => '*/*',
  'access-control-request-headers' => 'test',
  'user-agent' => 'Mozilla/5.0 (iPhone; CPU iPhone OS 11_0 like Mac OS X) AppleWebKit/604.1.38 (KHTML, like Gecko) Version/11.0 Mobile/15A372 Safari/604.1',
  'origin' => 'null',
  'access-control-request-method' => 'GET',
  'connection' => 'keep-alive',
  'host' => 'mp.zihai029.com',
  'content-type' => '',
  'content-length' => '',
)
[ info ] [ PARAM ] array (
)
[ info ] [ LOG ] INIT File
---------------------------------------------------------------
[ 2018-09-18T16:39:40+08:00 ] 172.17.0.24 123.139.18.13 OPTIONS /api/v1/banner
[ info ] mp.zihai029.com/api/v1/banner [运行时间：0.015829s][吞吐率：63.17req/s] [内存消耗：1,663.82kb] [文件加载：48]
[ info ] [ LANG ] /www/wwwroot/mp.zihai029.com/thinkphp/lang/zh-cn.php
[ info ] [ LANG ] /www/wwwroot/mp.zihai029.com/application/lang/zh-cn.php
[ info ] [ ROUTE ] array (
  'type' => 'module',
  'module' => 
  array (
    0 => 'api',
    1 => 'v1',
    2 => 'banner',
  ),
)
[ info ] [ HEADER ] array (
  'accept-language' => 'zh-CN,zh;q=0.9',
  'accept-encoding' => 'gzip, deflate, br',
  'accept' => '*/*',
  'access-control-request-headers' => 'test',
  'user-agent' => 'Mozilla/5.0 (iPhone; CPU iPhone OS 11_0 like Mac OS X) AppleWebKit/604.1.38 (KHTML, like Gecko) Version/11.0 Mobile/15A372 Safari/604.1',
  'origin' => 'null',
  'access-control-request-method' => 'GET',
  'connection' => 'keep-alive',
  'host' => 'mp.zihai029.com',
  'content-type' => '',
  'content-length' => '',
)
[ info ] [ PARAM ] array (
)
[ info ] [ LOG ] INIT File
---------------------------------------------------------------
[ 2018-09-18T16:39:47+08:00 ] 172.17.0.24 123.139.18.13 GET /api/v1/banner
[ info ] mp.zihai029.com/api/v1/banner [运行时间：0.026482s][吞吐率：37.76req/s] [内存消耗：2,950.56kb] [文件加载：67]
[ info ] [ LANG ] /www/wwwroot/mp.zihai029.com/thinkphp/lang/zh-cn.php
[ info ] [ LANG ] /www/wwwroot/mp.zihai029.com/application/lang/zh-cn.php
[ info ] [ ROUTE ] array (
  'type' => 'module',
  'module' => 
  array (
    0 => 'api',
    1 => 'v1.Index',
    2 => 'getBanner',
  ),
  'convert' => false,
)
[ info ] [ HEADER ] array (
  'accept-language' => 'zh-CN,zh;q=0.9',
  'accept-encoding' => 'gzip, deflate, br',
  'user-agent' => 'Mozilla/5.0 (iPhone; CPU iPhone OS 11_0 like Mac OS X) AppleWebKit/604.1.38 (KHTML, like Gecko) Version/11.0 Mobile/15A372 Safari/604.1',
  'origin' => 'null',
  'accept' => '*/*',
  'connection' => 'keep-alive',
  'host' => 'mp.zihai029.com',
  'content-type' => '',
  'content-length' => '',
)
[ info ] [ PARAM ] array (
  'version' => 'v1',
)
[ info ] [ RUN ] app\api\controller\v1\Index->getBanner[ /www/wwwroot/mp.zihai029.com/application/api/controller/v1/Index.php ]
[ info ] [ DB ] INIT mysql
[ info ] [ LOG ] INIT File
[ sql ] [ DB ] CONNECT:[ UseTime:0.000434s ] mysql:host=127.0.0.1;port=3306;dbname=mp_zihai029_com;charset=utf8
[ sql ] [ SQL ] SHOW COLUMNS FROM `tp_goods` [ RunTime:0.000736s ]
[ sql ] [ SQL ] SELECT `g`.`id`,`g`.`images` FROM `tp_goods` `g` LEFT JOIN `tp_goods_category` `c` ON `g`.`goods_category_id`=`c`.`id` WHERE  `g`.`status` = 1  AND `g`.`open_banner` = 1  AND `c`.`status` = 1 ORDER BY g.sort asc [ RunTime:0.000160s ]
[ error ] [200][/www/wwwroot/mp.zihai029.com/application/api/model/Goods.php:16]
---------------------------------------------------------------
[ 2018-09-18T16:39:50+08:00 ] 172.17.0.24 123.139.18.13 GET /api/v1/banner
[ info ] mp.zihai029.com/api/v1/banner [运行时间：0.026723s][吞吐率：37.42req/s] [内存消耗：2,951.02kb] [文件加载：67]
[ info ] [ LANG ] /www/wwwroot/mp.zihai029.com/thinkphp/lang/zh-cn.php
[ info ] [ LANG ] /www/wwwroot/mp.zihai029.com/application/lang/zh-cn.php
[ info ] [ ROUTE ] array (
  'type' => 'module',
  'module' => 
  array (
    0 => 'api',
    1 => 'v1.Index',
    2 => 'getBanner',
  ),
  'convert' => false,
)
[ info ] [ HEADER ] array (
  'accept-language' => 'zh-CN,zh;q=0.9',
  'accept-encoding' => 'gzip, deflate, br',
  'accept' => 'text/html,application/xhtml+xml,application/xml;q=0.9,image/webp,image/apng,*/*;q=0.8',
  'user-agent' => 'Mozilla/5.0 (Windows NT 6.1; Win64; x64) AppleWebKit/537.36 (KHTML, like Gecko) Chrome/69.0.3497.81 Safari/537.36',
  'upgrade-insecure-requests' => '1',
  'connection' => 'keep-alive',
  'host' => 'mp.zihai029.com',
  'content-type' => '',
  'content-length' => '',
)
[ info ] [ PARAM ] array (
  'version' => 'v1',
)
[ info ] [ RUN ] app\api\controller\v1\Index->getBanner[ /www/wwwroot/mp.zihai029.com/application/api/controller/v1/Index.php ]
[ info ] [ DB ] INIT mysql
[ info ] [ LOG ] INIT File
[ sql ] [ DB ] CONNECT:[ UseTime:0.000416s ] mysql:host=127.0.0.1;port=3306;dbname=mp_zihai029_com;charset=utf8
[ sql ] [ SQL ] SHOW COLUMNS FROM `tp_goods` [ RunTime:0.000702s ]
[ sql ] [ SQL ] SELECT `g`.`id`,`g`.`images` FROM `tp_goods` `g` LEFT JOIN `tp_goods_category` `c` ON `g`.`goods_category_id`=`c`.`id` WHERE  `g`.`status` = 1  AND `g`.`open_banner` = 1  AND `c`.`status` = 1 ORDER BY g.sort asc [ RunTime:0.000173s ]
[ error ] [200][/www/wwwroot/mp.zihai029.com/application/api/model/Goods.php:16]
---------------------------------------------------------------
[ 2018-09-18T16:40:01+08:00 ] 172.17.0.24 123.139.18.13 GET /api/v1/banner
[ info ] mp.zihai029.com/api/v1/banner [运行时间：0.027133s][吞吐率：36.86req/s] [内存消耗：2,951.53kb] [文件加载：67]
[ info ] [ LANG ] /www/wwwroot/mp.zihai029.com/thinkphp/lang/zh-cn.php
[ info ] [ LANG ] /www/wwwroot/mp.zihai029.com/application/lang/zh-cn.php
[ info ] [ ROUTE ] array (
  'type' => 'module',
  'module' => 
  array (
    0 => 'api',
    1 => 'v1.Index',
    2 => 'getBanner',
  ),
  'convert' => false,
)
[ info ] [ HEADER ] array (
  'accept-language' => 'zh-CN,zh;q=0.9',
  'accept-encoding' => 'gzip, deflate, br',
  'user-agent' => 'Mozilla/5.0 (iPhone; CPU iPhone OS 11_0 like Mac OS X) AppleWebKit/604.1.38 (KHTML, like Gecko) Version/11.0 Mobile/15A372 Safari/604.1',
  'origin' => 'null',
  'accept' => '*/*',
  'connection' => 'keep-alive',
  'host' => 'mp.zihai029.com',
  'content-type' => '',
  'content-length' => '',
)
[ info ] [ PARAM ] array (
  'version' => 'v1',
)
[ info ] [ RUN ] app\api\controller\v1\Index->getBanner[ /www/wwwroot/mp.zihai029.com/application/api/controller/v1/Index.php ]
[ info ] [ DB ] INIT mysql
[ info ] [ LOG ] INIT File
[ sql ] [ DB ] CONNECT:[ UseTime:0.000412s ] mysql:host=127.0.0.1;port=3306;dbname=mp_zihai029_com;charset=utf8
[ sql ] [ SQL ] SHOW COLUMNS FROM `tp_goods` [ RunTime:0.000762s ]
[ sql ] [ SQL ] SELECT `g`.`id`,`g`.`images` FROM `tp_goods` `g` LEFT JOIN `tp_goods_category` `c` ON `g`.`goods_category_id`=`c`.`id` WHERE  `g`.`status` = 1  AND `g`.`open_banner` = 1  AND `c`.`status` = 1 ORDER BY g.sort asc [ RunTime:0.000156s ]
[ error ] [200][/www/wwwroot/mp.zihai029.com/application/api/model/Goods.php:16]
---------------------------------------------------------------
[ 2018-09-18T16:40:23+08:00 ] 172.17.0.24 123.139.18.13 OPTIONS /api/v1/banner
[ info ] mp.zihai029.com/api/v1/banner [运行时间：0.015660s][吞吐率：63.86req/s] [内存消耗：1,663.82kb] [文件加载：48]
[ info ] [ LANG ] /www/wwwroot/mp.zihai029.com/thinkphp/lang/zh-cn.php
[ info ] [ LANG ] /www/wwwroot/mp.zihai029.com/application/lang/zh-cn.php
[ info ] [ ROUTE ] array (
  'type' => 'module',
  'module' => 
  array (
    0 => 'api',
    1 => 'v1',
    2 => 'banner',
  ),
)
[ info ] [ HEADER ] array (
  'accept-language' => 'zh-CN,zh;q=0.9',
  'accept-encoding' => 'gzip, deflate, br',
  'accept' => '*/*',
  'access-control-request-headers' => 'test',
  'user-agent' => 'Mozilla/5.0 (iPhone; CPU iPhone OS 11_0 like Mac OS X) AppleWebKit/604.1.38 (KHTML, like Gecko) Version/11.0 Mobile/15A372 Safari/604.1',
  'origin' => 'null',
  'access-control-request-method' => 'GET',
  'connection' => 'keep-alive',
  'host' => 'mp.zihai029.com',
  'content-type' => '',
  'content-length' => '',
)
[ info ] [ PARAM ] array (
)
[ info ] [ LOG ] INIT File
---------------------------------------------------------------
[ 2018-09-18T16:40:42+08:00 ] 172.17.0.24 123.139.18.13 OPTIONS /api/v1/banner
[ info ] mp.zihai029.com/api/v1/banner [运行时间：0.016969s][吞吐率：58.93req/s] [内存消耗：1,663.82kb] [文件加载：48]
[ info ] [ LANG ] /www/wwwroot/mp.zihai029.com/thinkphp/lang/zh-cn.php
[ info ] [ LANG ] /www/wwwroot/mp.zihai029.com/application/lang/zh-cn.php
[ info ] [ ROUTE ] array (
  'type' => 'module',
  'module' => 
  array (
    0 => 'api',
    1 => 'v1',
    2 => 'banner',
  ),
)
[ info ] [ HEADER ] array (
  'accept-language' => 'zh-CN,zh;q=0.9',
  'accept-encoding' => 'gzip, deflate, br',
  'accept' => '*/*',
  'access-control-request-headers' => 'test',
  'user-agent' => 'Mozilla/5.0 (iPhone; CPU iPhone OS 11_0 like Mac OS X) AppleWebKit/604.1.38 (KHTML, like Gecko) Version/11.0 Mobile/15A372 Safari/604.1',
  'origin' => 'null',
  'access-control-request-method' => 'GET',
  'connection' => 'keep-alive',
  'host' => 'mp.zihai029.com',
  'content-type' => '',
  'content-length' => '',
)
[ info ] [ PARAM ] array (
)
[ info ] [ LOG ] INIT File
---------------------------------------------------------------
[ 2018-09-18T16:40:50+08:00 ] 172.17.0.24 123.139.18.13 GET /api/v1/banner
[ info ] mp.zihai029.com/api/v1/banner [运行时间：0.026420s][吞吐率：37.85req/s] [内存消耗：2,951.80kb] [文件加载：67]
[ info ] [ LANG ] /www/wwwroot/mp.zihai029.com/thinkphp/lang/zh-cn.php
[ info ] [ LANG ] /www/wwwroot/mp.zihai029.com/application/lang/zh-cn.php
[ info ] [ ROUTE ] array (
  'type' => 'module',
  'module' => 
  array (
    0 => 'api',
    1 => 'v1.Index',
    2 => 'getBanner',
  ),
  'convert' => false,
)
[ info ] [ HEADER ] array (
  'accept-language' => 'zh-CN,zh;q=0.9',
  'accept-encoding' => 'gzip, deflate, br',
  'user-agent' => 'Mozilla/5.0 (iPhone; CPU iPhone OS 11_0 like Mac OS X) AppleWebKit/604.1.38 (KHTML, like Gecko) Version/11.0 Mobile/15A372 Safari/604.1',
  'origin' => 'null',
  'accept' => '*/*',
  'connection' => 'keep-alive',
  'host' => 'mp.zihai029.com',
  'content-type' => '',
  'content-length' => '',
)
[ info ] [ PARAM ] array (
  'version' => 'v1',
)
[ info ] [ RUN ] app\api\controller\v1\Index->getBanner[ /www/wwwroot/mp.zihai029.com/application/api/controller/v1/Index.php ]
[ info ] [ DB ] INIT mysql
[ info ] [ LOG ] INIT File
[ sql ] [ DB ] CONNECT:[ UseTime:0.000421s ] mysql:host=127.0.0.1;port=3306;dbname=mp_zihai029_com;charset=utf8
[ sql ] [ SQL ] SHOW COLUMNS FROM `tp_goods` [ RunTime:0.000706s ]
[ sql ] [ SQL ] SELECT `g`.`id`,`g`.`images` FROM `tp_goods` `g` LEFT JOIN `tp_goods_category` `c` ON `g`.`goods_category_id`=`c`.`id` WHERE  `g`.`status` = 1  AND `g`.`open_banner` = 1  AND `c`.`status` = 1 ORDER BY g.sort asc [ RunTime:0.000157s ]
[ error ] [200][/www/wwwroot/mp.zihai029.com/application/api/model/Goods.php:16]
---------------------------------------------------------------
[ 2018-09-18T16:41:49+08:00 ] 172.17.0.24 123.139.18.13 OPTIONS /api/v1/banner
[ info ] mp.zihai029.com/api/v1/banner [运行时间：0.017477s][吞吐率：57.22req/s] [内存消耗：1,663.82kb] [文件加载：48]
[ info ] [ LANG ] /www/wwwroot/mp.zihai029.com/thinkphp/lang/zh-cn.php
[ info ] [ LANG ] /www/wwwroot/mp.zihai029.com/application/lang/zh-cn.php
[ info ] [ ROUTE ] array (
  'type' => 'module',
  'module' => 
  array (
    0 => 'api',
    1 => 'v1',
    2 => 'banner',
  ),
)
[ info ] [ HEADER ] array (
  'accept-language' => 'zh-CN,zh;q=0.9',
  'accept-encoding' => 'gzip, deflate, br',
  'accept' => '*/*',
  'access-control-request-headers' => 'test',
  'user-agent' => 'Mozilla/5.0 (iPhone; CPU iPhone OS 11_0 like Mac OS X) AppleWebKit/604.1.38 (KHTML, like Gecko) Version/11.0 Mobile/15A372 Safari/604.1',
  'origin' => 'null',
  'access-control-request-method' => 'GET',
  'connection' => 'keep-alive',
  'host' => 'mp.zihai029.com',
  'content-type' => '',
  'content-length' => '',
)
[ info ] [ PARAM ] array (
)
[ info ] [ LOG ] INIT File
---------------------------------------------------------------
[ 2018-09-18T16:44:02+08:00 ] 172.17.0.24 123.139.18.13 OPTIONS /api/v1/banner
[ info ] mp.zihai029.com/api/v1/banner [运行时间：0.018288s][吞吐率：54.68req/s] [内存消耗：1,663.82kb] [文件加载：48]
[ info ] [ LANG ] /www/wwwroot/mp.zihai029.com/thinkphp/lang/zh-cn.php
[ info ] [ LANG ] /www/wwwroot/mp.zihai029.com/application/lang/zh-cn.php
[ info ] [ ROUTE ] array (
  'type' => 'module',
  'module' => 
  array (
    0 => 'api',
    1 => 'v1',
    2 => 'banner',
  ),
)
[ info ] [ HEADER ] array (
  'accept-language' => 'zh-CN,zh;q=0.9',
  'accept-encoding' => 'gzip, deflate, br',
  'accept' => '*/*',
  'access-control-request-headers' => 'test',
  'user-agent' => 'Mozilla/5.0 (iPhone; CPU iPhone OS 11_0 like Mac OS X) AppleWebKit/604.1.38 (KHTML, like Gecko) Version/11.0 Mobile/15A372 Safari/604.1',
  'origin' => 'null',
  'access-control-request-method' => 'GET',
  'connection' => 'keep-alive',
  'host' => 'mp.zihai029.com',
  'content-type' => '',
  'content-length' => '',
)
[ info ] [ PARAM ] array (
)
[ info ] [ LOG ] INIT File
---------------------------------------------------------------
[ 2018-09-18T16:49:27+08:00 ] 172.17.0.24 123.139.18.13 OPTIONS /api/v1/banner
[ info ] mp.zihai029.com/api/v1/banner [运行时间：0.014881s][吞吐率：67.20req/s] [内存消耗：1,663.82kb] [文件加载：48]
[ info ] [ LANG ] /www/wwwroot/mp.zihai029.com/thinkphp/lang/zh-cn.php
[ info ] [ LANG ] /www/wwwroot/mp.zihai029.com/application/lang/zh-cn.php
[ info ] [ ROUTE ] array (
  'type' => 'module',
  'module' => 
  array (
    0 => 'api',
    1 => 'v1',
    2 => 'banner',
  ),
)
[ info ] [ HEADER ] array (
  'accept-language' => 'zh-CN,zh;q=0.9',
  'accept-encoding' => 'gzip, deflate, br',
  'accept' => '*/*',
  'access-control-request-headers' => 'test',
  'user-agent' => 'Mozilla/5.0 (iPhone; CPU iPhone OS 11_0 like Mac OS X) AppleWebKit/604.1.38 (KHTML, like Gecko) Version/11.0 Mobile/15A372 Safari/604.1',
  'origin' => 'null',
  'access-control-request-method' => 'GET',
  'connection' => 'keep-alive',
  'host' => 'mp.zihai029.com',
  'content-type' => '',
  'content-length' => '',
)
[ info ] [ PARAM ] array (
)
[ info ] [ LOG ] INIT File
---------------------------------------------------------------
[ 2018-09-18T16:49:54+08:00 ] 172.17.0.24 123.139.18.13 OPTIONS /api/v1/banner
[ info ] mp.zihai029.com/api/v1/banner [运行时间：0.019050s][吞吐率：52.49req/s] [内存消耗：1,663.82kb] [文件加载：48]
[ info ] [ LANG ] /www/wwwroot/mp.zihai029.com/thinkphp/lang/zh-cn.php
[ info ] [ LANG ] /www/wwwroot/mp.zihai029.com/application/lang/zh-cn.php
[ info ] [ ROUTE ] array (
  'type' => 'module',
  'module' => 
  array (
    0 => 'api',
    1 => 'v1',
    2 => 'banner',
  ),
)
[ info ] [ HEADER ] array (
  'accept-language' => 'zh-CN,zh;q=0.9',
  'accept-encoding' => 'gzip, deflate, br',
  'accept' => '*/*',
  'access-control-request-headers' => 'test',
  'user-agent' => 'Mozilla/5.0 (iPhone; CPU iPhone OS 11_0 like Mac OS X) AppleWebKit/604.1.38 (KHTML, like Gecko) Version/11.0 Mobile/15A372 Safari/604.1',
  'origin' => 'null',
  'access-control-request-method' => 'GET',
  'connection' => 'keep-alive',
  'host' => 'mp.zihai029.com',
  'content-type' => '',
  'content-length' => '',
)
[ info ] [ PARAM ] array (
)
[ info ] [ LOG ] INIT File
---------------------------------------------------------------
[ 2018-09-18T16:50:00+08:00 ] 172.17.0.24 123.139.18.13 OPTIONS /api/v1/banner
[ info ] mp.zihai029.com/api/v1/banner [运行时间：0.015246s][吞吐率：65.59req/s] [内存消耗：1,663.82kb] [文件加载：48]
[ info ] [ LANG ] /www/wwwroot/mp.zihai029.com/thinkphp/lang/zh-cn.php
[ info ] [ LANG ] /www/wwwroot/mp.zihai029.com/application/lang/zh-cn.php
[ info ] [ ROUTE ] array (
  'type' => 'module',
  'module' => 
  array (
    0 => 'api',
    1 => 'v1',
    2 => 'banner',
  ),
)
[ info ] [ HEADER ] array (
  'accept-language' => 'zh-CN,zh;q=0.9',
  'accept-encoding' => 'gzip, deflate, br',
  'accept' => '*/*',
  'access-control-request-headers' => 'test',
  'user-agent' => 'Mozilla/5.0 (iPhone; CPU iPhone OS 11_0 like Mac OS X) AppleWebKit/604.1.38 (KHTML, like Gecko) Version/11.0 Mobile/15A372 Safari/604.1',
  'origin' => 'null',
  'access-control-request-method' => 'GET',
  'connection' => 'keep-alive',
  'host' => 'mp.zihai029.com',
  'content-type' => '',
  'content-length' => '',
)
[ info ] [ PARAM ] array (
)
[ info ] [ LOG ] INIT File
---------------------------------------------------------------
[ 2018-09-18T17:07:54+08:00 ] 172.17.0.24 183.60.210.52 GET /
[ info ] 39.107.111.90/ [运行时间：0.017269s][吞吐率：57.91req/s] [内存消耗：1,914.35kb] [文件加载：53]
[ info ] [ LANG ] /www/wwwroot/mp.zihai029.com/thinkphp/lang/zh-cn.php
[ info ] [ LANG ] /www/wwwroot/mp.zihai029.com/application/lang/zh-cn.php
[ info ] [ ROUTE ] array (
  'type' => 'module',
  'module' => 
  array (
    0 => '',
    1 => NULL,
    2 => NULL,
  ),
)
[ info ] [ HEADER ] array (
  'host' => '39.107.111.90',
  'user-agent' => 'Mozilla/4.0 (compatible; MSIE 9.0; Windows NT 6.1)',
  'referer' => 'https://39.107.111.90',
  'accept-language' => 'zh-cn',
  'accept' => '*/*',
  'connection' => 'Keep-Alive',
  'content-type' => '',
  'content-length' => '',
)
[ info ] [ PARAM ] array (
)
[ info ] [ SESSION ] INIT array (
  'id' => '',
  'var_session_id' => '',
  'prefix' => 'think',
  'type' => '',
  'auto_start' => true,
)
[ info ] [ LOG ] INIT File
---------------------------------------------------------------
[ 2018-09-18T17:07:54+08:00 ] 172.17.0.24 183.60.210.52 GET /admin/login/index.html
[ info ] 39.107.111.90/admin/login/index.html [运行时间：0.016344s][吞吐率：61.18req/s] [内存消耗：1,844.09kb] [文件加载：51]
[ info ] [ LANG ] /www/wwwroot/mp.zihai029.com/thinkphp/lang/zh-cn.php
[ info ] [ LANG ] /www/wwwroot/mp.zihai029.com/application/lang/zh-cn.php
[ info ] [ ROUTE ] array (
  'type' => 'module',
  'module' => 
  array (
    0 => 'admin',
    1 => 'login',
    2 => 'index',
  ),
)
[ info ] [ HEADER ] array (
  'cookie' => 'PHPSESSID=vah2mmaj1kgtd19drpm7otdeih',
  'host' => '39.107.111.90',
  'user-agent' => 'Mozilla/4.0 (compatible; MSIE 9.0; Windows NT 6.1)',
  'referer' => 'https://39.107.111.90',
  'accept-language' => 'zh-cn',
  'accept' => '*/*',
  'connection' => 'Keep-Alive',
  'content-type' => '',
  'content-length' => '',
)
[ info ] [ PARAM ] array (
)
[ info ] [ SESSION ] INIT array (
  'id' => '',
  'var_session_id' => '',
  'prefix' => 'think',
  'type' => '',
  'auto_start' => true,
)
[ info ] [ RUN ] app\admin\controller\Login->index[ /www/wwwroot/mp.zihai029.com/application/admin/controller/Login.php ]
[ info ] [ LOG ] INIT File
---------------------------------------------------------------
[ 2018-09-18T17:07:54+08:00 ] 172.17.0.24 115.144.122.194 GET /
[ info ] 39.107.111.90/ [运行时间：0.017519s][吞吐率：57.08req/s] [内存消耗：1,914.35kb] [文件加载：53]
[ info ] [ LANG ] /www/wwwroot/mp.zihai029.com/thinkphp/lang/zh-cn.php
[ info ] [ LANG ] /www/wwwroot/mp.zihai029.com/application/lang/zh-cn.php
[ info ] [ ROUTE ] array (
  'type' => 'module',
  'module' => 
  array (
    0 => '',
    1 => NULL,
    2 => NULL,
  ),
)
[ info ] [ HEADER ] array (
  'host' => '39.107.111.90',
  'user-agent' => 'Mozilla/4.0 (compatible; MSIE 9.0; Windows NT 6.1)',
  'referer' => 'https://39.107.111.90',
  'accept-language' => 'zh-cn',
  'accept' => '*/*',
  'connection' => 'Keep-Alive',
  'content-type' => '',
  'content-length' => '',
)
[ info ] [ PARAM ] array (
)
[ info ] [ SESSION ] INIT array (
  'id' => '',
  'var_session_id' => '',
  'prefix' => 'think',
  'type' => '',
  'auto_start' => true,
)
[ info ] [ LOG ] INIT File
---------------------------------------------------------------
[ 2018-09-18T17:07:54+08:00 ] 172.17.0.24 115.144.122.194 GET /admin/login/index.html
[ info ] 39.107.111.90/admin/login/index.html [运行时间：0.016645s][吞吐率：60.08req/s] [内存消耗：1,844.09kb] [文件加载：51]
[ info ] [ LANG ] /www/wwwroot/mp.zihai029.com/thinkphp/lang/zh-cn.php
[ info ] [ LANG ] /www/wwwroot/mp.zihai029.com/application/lang/zh-cn.php
[ info ] [ ROUTE ] array (
  'type' => 'module',
  'module' => 
  array (
    0 => 'admin',
    1 => 'login',
    2 => 'index',
  ),
)
[ info ] [ HEADER ] array (
  'cookie' => 'PHPSESSID=mosdsb72g9epr50ka6ogb4lg55',
  'host' => '39.107.111.90',
  'user-agent' => 'Mozilla/4.0 (compatible; MSIE 9.0; Windows NT 6.1)',
  'referer' => 'https://39.107.111.90',
  'accept-language' => 'zh-cn',
  'accept' => '*/*',
  'connection' => 'Keep-Alive',
  'content-type' => '',
  'content-length' => '',
)
[ info ] [ PARAM ] array (
)
[ info ] [ SESSION ] INIT array (
  'id' => '',
  'var_session_id' => '',
  'prefix' => 'think',
  'type' => '',
  'auto_start' => true,
)
[ info ] [ RUN ] app\admin\controller\Login->index[ /www/wwwroot/mp.zihai029.com/application/admin/controller/Login.php ]
[ info ] [ LOG ] INIT File
---------------------------------------------------------------
[ 2018-09-18T17:12:29+08:00 ] 172.17.0.24 123.139.18.13 OPTIONS /api/v1/banner
[ info ] mp.zihai029.com/api/v1/banner [运行时间：0.015499s][吞吐率：64.52req/s] [内存消耗：1,663.82kb] [文件加载：48]
[ info ] [ LANG ] /www/wwwroot/mp.zihai029.com/thinkphp/lang/zh-cn.php
[ info ] [ LANG ] /www/wwwroot/mp.zihai029.com/application/lang/zh-cn.php
[ info ] [ ROUTE ] array (
  'type' => 'module',
  'module' => 
  array (
    0 => 'api',
    1 => 'v1',
    2 => 'banner',
  ),
)
[ info ] [ HEADER ] array (
  'accept-language' => 'zh-CN,zh;q=0.9',
  'accept-encoding' => 'gzip, deflate, br',
  'accept' => '*/*',
  'access-control-request-headers' => 'test',
  'user-agent' => 'Mozilla/5.0 (iPhone; CPU iPhone OS 11_0 like Mac OS X) AppleWebKit/604.1.38 (KHTML, like Gecko) Version/11.0 Mobile/15A372 Safari/604.1',
  'origin' => 'null',
  'access-control-request-method' => 'GET',
  'connection' => 'keep-alive',
  'host' => 'mp.zihai029.com',
  'content-type' => '',
  'content-length' => '',
)
[ info ] [ PARAM ] array (
)
[ info ] [ LOG ] INIT File
---------------------------------------------------------------
[ 2018-09-18T17:22:39+08:00 ] 172.17.0.24 123.139.18.13 OPTIONS /api/v1/banner
[ info ] mp.zihai029.com/api/v1/banner [运行时间：0.016195s][吞吐率：61.75req/s] [内存消耗：1,663.82kb] [文件加载：48]
[ info ] [ LANG ] /www/wwwroot/mp.zihai029.com/thinkphp/lang/zh-cn.php
[ info ] [ LANG ] /www/wwwroot/mp.zihai029.com/application/lang/zh-cn.php
[ info ] [ ROUTE ] array (
  'type' => 'module',
  'module' => 
  array (
    0 => 'api',
    1 => 'v1',
    2 => 'banner',
  ),
)
[ info ] [ HEADER ] array (
  'accept-language' => 'zh-CN,zh;q=0.9',
  'accept-encoding' => 'gzip, deflate, br',
  'accept' => '*/*',
  'access-control-request-headers' => 'test',
  'user-agent' => 'Mozilla/5.0 (iPhone; CPU iPhone OS 11_0 like Mac OS X) AppleWebKit/604.1.38 (KHTML, like Gecko) Version/11.0 Mobile/15A372 Safari/604.1',
  'origin' => 'null',
  'access-control-request-method' => 'GET',
  'connection' => 'keep-alive',
  'host' => 'mp.zihai029.com',
  'content-type' => '',
  'content-length' => '',
)
[ info ] [ PARAM ] array (
)
[ info ] [ LOG ] INIT File
---------------------------------------------------------------
[ 2018-09-18T17:29:59+08:00 ] 172.17.0.24 123.139.18.13 OPTIONS /api/v1/banner
[ info ] mp.zihai029.com/api/v1/banner [运行时间：0.016319s][吞吐率：61.28req/s] [内存消耗：1,663.82kb] [文件加载：48]
[ info ] [ LANG ] /www/wwwroot/mp.zihai029.com/thinkphp/lang/zh-cn.php
[ info ] [ LANG ] /www/wwwroot/mp.zihai029.com/application/lang/zh-cn.php
[ info ] [ ROUTE ] array (
  'type' => 'module',
  'module' => 
  array (
    0 => 'api',
    1 => 'v1',
    2 => 'banner',
  ),
)
[ info ] [ HEADER ] array (
  'accept-language' => 'zh-CN,zh;q=0.9',
  'accept-encoding' => 'gzip, deflate, br',
  'accept' => '*/*',
  'access-control-request-headers' => 'test',
  'user-agent' => 'Mozilla/5.0 (iPhone; CPU iPhone OS 11_0 like Mac OS X) AppleWebKit/604.1.38 (KHTML, like Gecko) Version/11.0 Mobile/15A372 Safari/604.1',
  'origin' => 'null',
  'access-control-request-method' => 'GET',
  'connection' => 'keep-alive',
  'host' => 'mp.zihai029.com',
  'content-type' => '',
  'content-length' => '',
)
[ info ] [ PARAM ] array (
)
[ info ] [ LOG ] INIT File
---------------------------------------------------------------
[ 2018-09-18T17:30:01+08:00 ] 172.17.0.24 123.139.18.13 OPTIONS /api/v1/banner
[ info ] mp.zihai029.com/api/v1/banner [运行时间：0.016302s][吞吐率：61.34req/s] [内存消耗：1,663.82kb] [文件加载：48]
[ info ] [ LANG ] /www/wwwroot/mp.zihai029.com/thinkphp/lang/zh-cn.php
[ info ] [ LANG ] /www/wwwroot/mp.zihai029.com/application/lang/zh-cn.php
[ info ] [ ROUTE ] array (
  'type' => 'module',
  'module' => 
  array (
    0 => 'api',
    1 => 'v1',
    2 => 'banner',
  ),
)
[ info ] [ HEADER ] array (
  'accept-language' => 'zh-CN,zh;q=0.9',
  'accept-encoding' => 'gzip, deflate, br',
  'accept' => '*/*',
  'access-control-request-headers' => 'test',
  'user-agent' => 'Mozilla/5.0 (iPhone; CPU iPhone OS 11_0 like Mac OS X) AppleWebKit/604.1.38 (KHTML, like Gecko) Version/11.0 Mobile/15A372 Safari/604.1',
  'origin' => 'null',
  'access-control-request-method' => 'GET',
  'connection' => 'keep-alive',
  'host' => 'mp.zihai029.com',
  'content-type' => '',
  'content-length' => '',
)
[ info ] [ PARAM ] array (
)
[ info ] [ LOG ] INIT File
---------------------------------------------------------------
[ 2018-09-18T17:34:05+08:00 ] 172.17.0.24 123.139.18.13 OPTIONS /api/v1/banner
[ info ] mp.zihai029.com/api/v1/banner [运行时间：0.017261s][吞吐率：57.93req/s] [内存消耗：1,663.82kb] [文件加载：48]
[ info ] [ LANG ] /www/wwwroot/mp.zihai029.com/thinkphp/lang/zh-cn.php
[ info ] [ LANG ] /www/wwwroot/mp.zihai029.com/application/lang/zh-cn.php
[ info ] [ ROUTE ] array (
  'type' => 'module',
  'module' => 
  array (
    0 => 'api',
    1 => 'v1',
    2 => 'banner',
  ),
)
[ info ] [ HEADER ] array (
  'accept-language' => 'zh-CN,zh;q=0.9',
  'accept-encoding' => 'gzip, deflate, br',
  'accept' => '*/*',
  'access-control-request-headers' => 'test',
  'user-agent' => 'Mozilla/5.0 (iPhone; CPU iPhone OS 11_0 like Mac OS X) AppleWebKit/604.1.38 (KHTML, like Gecko) Version/11.0 Mobile/15A372 Safari/604.1',
  'origin' => 'null',
  'access-control-request-method' => 'GET',
  'connection' => 'keep-alive',
  'host' => 'mp.zihai029.com',
  'content-type' => '',
  'content-length' => '',
)
[ info ] [ PARAM ] array (
)
[ info ] [ LOG ] INIT File
---------------------------------------------------------------
[ 2018-09-18T17:34:07+08:00 ] 172.17.0.24 123.139.18.13 OPTIONS /api/v1/banner
[ info ] mp.zihai029.com/api/v1/banner [运行时间：0.014557s][吞吐率：68.69req/s] [内存消耗：1,663.82kb] [文件加载：48]
[ info ] [ LANG ] /www/wwwroot/mp.zihai029.com/thinkphp/lang/zh-cn.php
[ info ] [ LANG ] /www/wwwroot/mp.zihai029.com/application/lang/zh-cn.php
[ info ] [ ROUTE ] array (
  'type' => 'module',
  'module' => 
  array (
    0 => 'api',
    1 => 'v1',
    2 => 'banner',
  ),
)
[ info ] [ HEADER ] array (
  'accept-language' => 'zh-CN,zh;q=0.9',
  'accept-encoding' => 'gzip, deflate, br',
  'accept' => '*/*',
  'access-control-request-headers' => 'test',
  'user-agent' => 'Mozilla/5.0 (iPhone; CPU iPhone OS 11_0 like Mac OS X) AppleWebKit/604.1.38 (KHTML, like Gecko) Version/11.0 Mobile/15A372 Safari/604.1',
  'origin' => 'null',
  'access-control-request-method' => 'GET',
  'connection' => 'keep-alive',
  'host' => 'mp.zihai029.com',
  'content-type' => '',
  'content-length' => '',
)
[ info ] [ PARAM ] array (
)
[ info ] [ LOG ] INIT File
---------------------------------------------------------------
[ 2018-09-18T17:34:08+08:00 ] 172.17.0.24 123.139.18.13 OPTIONS /api/v1/banner
[ info ] mp.zihai029.com/api/v1/banner [运行时间：0.016889s][吞吐率：59.21req/s] [内存消耗：1,663.82kb] [文件加载：48]
[ info ] [ LANG ] /www/wwwroot/mp.zihai029.com/thinkphp/lang/zh-cn.php
[ info ] [ LANG ] /www/wwwroot/mp.zihai029.com/application/lang/zh-cn.php
[ info ] [ ROUTE ] array (
  'type' => 'module',
  'module' => 
  array (
    0 => 'api',
    1 => 'v1',
    2 => 'banner',
  ),
)
[ info ] [ HEADER ] array (
  'accept-language' => 'zh-CN,zh;q=0.9',
  'accept-encoding' => 'gzip, deflate, br',
  'accept' => '*/*',
  'access-control-request-headers' => 'test',
  'user-agent' => 'Mozilla/5.0 (iPhone; CPU iPhone OS 11_0 like Mac OS X) AppleWebKit/604.1.38 (KHTML, like Gecko) Version/11.0 Mobile/15A372 Safari/604.1',
  'origin' => 'null',
  'access-control-request-method' => 'GET',
  'connection' => 'keep-alive',
  'host' => 'mp.zihai029.com',
  'content-type' => '',
  'content-length' => '',
)
[ info ] [ PARAM ] array (
)
[ info ] [ LOG ] INIT File
---------------------------------------------------------------
[ 2018-09-18T17:34:09+08:00 ] 172.17.0.24 123.139.18.13 OPTIONS /api/v1/banner
[ info ] mp.zihai029.com/api/v1/banner [运行时间：0.016330s][吞吐率：61.24req/s] [内存消耗：1,663.82kb] [文件加载：48]
[ info ] [ LANG ] /www/wwwroot/mp.zihai029.com/thinkphp/lang/zh-cn.php
[ info ] [ LANG ] /www/wwwroot/mp.zihai029.com/application/lang/zh-cn.php
[ info ] [ ROUTE ] array (
  'type' => 'module',
  'module' => 
  array (
    0 => 'api',
    1 => 'v1',
    2 => 'banner',
  ),
)
[ info ] [ HEADER ] array (
  'accept-language' => 'zh-CN,zh;q=0.9',
  'accept-encoding' => 'gzip, deflate, br',
  'accept' => '*/*',
  'access-control-request-headers' => 'test',
  'user-agent' => 'Mozilla/5.0 (iPhone; CPU iPhone OS 11_0 like Mac OS X) AppleWebKit/604.1.38 (KHTML, like Gecko) Version/11.0 Mobile/15A372 Safari/604.1',
  'origin' => 'null',
  'access-control-request-method' => 'GET',
  'connection' => 'keep-alive',
  'host' => 'mp.zihai029.com',
  'content-type' => '',
  'content-length' => '',
)
[ info ] [ PARAM ] array (
)
[ info ] [ LOG ] INIT File
---------------------------------------------------------------
[ 2018-09-18T17:34:09+08:00 ] 172.17.0.24 123.139.18.13 OPTIONS /api/v1/banner
[ info ] mp.zihai029.com/api/v1/banner [运行时间：0.016778s][吞吐率：59.60req/s] [内存消耗：1,663.82kb] [文件加载：48]
[ info ] [ LANG ] /www/wwwroot/mp.zihai029.com/thinkphp/lang/zh-cn.php
[ info ] [ LANG ] /www/wwwroot/mp.zihai029.com/application/lang/zh-cn.php
[ info ] [ ROUTE ] array (
  'type' => 'module',
  'module' => 
  array (
    0 => 'api',
    1 => 'v1',
    2 => 'banner',
  ),
)
[ info ] [ HEADER ] array (
  'accept-language' => 'zh-CN,zh;q=0.9',
  'accept-encoding' => 'gzip, deflate, br',
  'accept' => '*/*',
  'access-control-request-headers' => 'test',
  'user-agent' => 'Mozilla/5.0 (iPhone; CPU iPhone OS 11_0 like Mac OS X) AppleWebKit/604.1.38 (KHTML, like Gecko) Version/11.0 Mobile/15A372 Safari/604.1',
  'origin' => 'null',
  'access-control-request-method' => 'GET',
  'connection' => 'keep-alive',
  'host' => 'mp.zihai029.com',
  'content-type' => '',
  'content-length' => '',
)
[ info ] [ PARAM ] array (
)
[ info ] [ LOG ] INIT File
---------------------------------------------------------------
[ 2018-09-18T18:03:08+08:00 ] 172.17.0.24 123.139.18.13 OPTIONS /api/v1/banner
[ info ] mp.zihai029.com/api/v1/banner [运行时间：0.015268s][吞吐率：65.50req/s] [内存消耗：1,672.09kb] [文件加载：48]
[ info ] [ LANG ] /www/wwwroot/mp.zihai029.com/thinkphp/lang/zh-cn.php
[ info ] [ LANG ] /www/wwwroot/mp.zihai029.com/application/lang/zh-cn.php
[ info ] [ ROUTE ] array (
  'type' => 'module',
  'module' => 
  array (
    0 => 'api',
    1 => 'v1.Index',
    2 => 'getBanner',
  ),
  'convert' => false,
)
[ info ] [ HEADER ] array (
  'accept-language' => 'zh-CN,zh;q=0.9',
  'accept-encoding' => 'gzip, deflate, br',
  'accept' => '*/*',
  'access-control-request-headers' => 'test',
  'user-agent' => 'Mozilla/5.0 (iPhone; CPU iPhone OS 11_0 like Mac OS X) AppleWebKit/604.1.38 (KHTML, like Gecko) Version/11.0 Mobile/15A372 Safari/604.1',
  'origin' => 'null',
  'access-control-request-method' => 'GET',
  'connection' => 'keep-alive',
  'host' => 'mp.zihai029.com',
  'content-type' => '',
  'content-length' => '',
)
[ info ] [ PARAM ] array (
  'version' => 'v1',
)
[ info ] [ LOG ] INIT File
[ error ] [0]语法解析错误: syntax error, unexpected '}', expecting ';'[/www/wwwroot/mp.zihai029.com/application/api/controller/BaseController.php:14]
---------------------------------------------------------------
[ 2018-09-18T18:03:11+08:00 ] 172.17.0.24 123.139.18.13 OPTIONS /api/v1/banner
[ info ] mp.zihai029.com/api/v1/banner [运行时间：0.015783s][吞吐率：63.36req/s] [内存消耗：1,672.09kb] [文件加载：48]
[ info ] [ LANG ] /www/wwwroot/mp.zihai029.com/thinkphp/lang/zh-cn.php
[ info ] [ LANG ] /www/wwwroot/mp.zihai029.com/application/lang/zh-cn.php
[ info ] [ ROUTE ] array (
  'type' => 'module',
  'module' => 
  array (
    0 => 'api',
    1 => 'v1.Index',
    2 => 'getBanner',
  ),
  'convert' => false,
)
[ info ] [ HEADER ] array (
  'accept-language' => 'zh-CN,zh;q=0.9',
  'accept-encoding' => 'gzip, deflate, br',
  'accept' => '*/*',
  'access-control-request-headers' => 'test',
  'user-agent' => 'Mozilla/5.0 (iPhone; CPU iPhone OS 11_0 like Mac OS X) AppleWebKit/604.1.38 (KHTML, like Gecko) Version/11.0 Mobile/15A372 Safari/604.1',
  'origin' => 'null',
  'access-control-request-method' => 'GET',
  'connection' => 'keep-alive',
  'host' => 'mp.zihai029.com',
  'content-type' => '',
  'content-length' => '',
)
[ info ] [ PARAM ] array (
  'version' => 'v1',
)
[ info ] [ LOG ] INIT File
[ error ] [0]语法解析错误: syntax error, unexpected '}', expecting ';'[/www/wwwroot/mp.zihai029.com/application/api/controller/BaseController.php:14]
---------------------------------------------------------------
[ 2018-09-18T18:03:45+08:00 ] 172.17.0.24 123.139.18.13 OPTIONS /api/v1/banner
[ info ] mp.zihai029.com/api/v1/banner [运行时间：0.014771s][吞吐率：67.70req/s] [内存消耗：1,663.82kb] [文件加载：48]
[ info ] [ LANG ] /www/wwwroot/mp.zihai029.com/thinkphp/lang/zh-cn.php
[ info ] [ LANG ] /www/wwwroot/mp.zihai029.com/application/lang/zh-cn.php
[ info ] [ ROUTE ] array (
  'type' => 'module',
  'module' => 
  array (
    0 => 'api',
    1 => 'v1',
    2 => 'banner',
  ),
)
[ info ] [ HEADER ] array (
  'accept-language' => 'zh-CN,zh;q=0.9',
  'accept-encoding' => 'gzip, deflate, br',
  'accept' => '*/*',
  'access-control-request-headers' => 'test',
  'user-agent' => 'Mozilla/5.0 (iPhone; CPU iPhone OS 11_0 like Mac OS X) AppleWebKit/604.1.38 (KHTML, like Gecko) Version/11.0 Mobile/15A372 Safari/604.1',
  'origin' => 'null',
  'access-control-request-method' => 'GET',
  'connection' => 'keep-alive',
  'host' => 'mp.zihai029.com',
  'content-type' => '',
  'content-length' => '',
)
[ info ] [ PARAM ] array (
)
[ info ] [ LOG ] INIT File
---------------------------------------------------------------
[ 2018-09-18T20:43:45+08:00 ] 172.17.0.24 183.60.210.46 GET /
[ info ] 39.107.111.90/ [运行时间：0.022943s][吞吐率：43.59req/s] [内存消耗：1,914.35kb] [文件加载：53]
[ info ] [ LANG ] /www/wwwroot/mp.zihai029.com/thinkphp/lang/zh-cn.php
[ info ] [ LANG ] /www/wwwroot/mp.zihai029.com/application/lang/zh-cn.php
[ info ] [ ROUTE ] array (
  'type' => 'module',
  'module' => 
  array (
    0 => '',
    1 => NULL,
    2 => NULL,
  ),
)
[ info ] [ HEADER ] array (
  'host' => '39.107.111.90',
  'user-agent' => 'Mozilla/4.0 (compatible; MSIE 9.0; Windows NT 6.1)',
  'referer' => 'https://39.107.111.90',
  'accept-language' => 'zh-cn',
  'accept' => '*/*',
  'connection' => 'Keep-Alive',
  'content-type' => '',
  'content-length' => '',
)
[ info ] [ PARAM ] array (
)
[ info ] [ SESSION ] INIT array (
  'id' => '',
  'var_session_id' => '',
  'prefix' => 'think',
  'type' => '',
  'auto_start' => true,
)
[ info ] [ LOG ] INIT File
---------------------------------------------------------------
[ 2018-09-18T20:43:45+08:00 ] 172.17.0.24 183.60.210.46 GET /admin/login/index.html
[ info ] 39.107.111.90/admin/login/index.html [运行时间：0.017810s][吞吐率：56.15req/s] [内存消耗：1,844.09kb] [文件加载：51]
[ info ] [ LANG ] /www/wwwroot/mp.zihai029.com/thinkphp/lang/zh-cn.php
[ info ] [ LANG ] /www/wwwroot/mp.zihai029.com/application/lang/zh-cn.php
[ info ] [ ROUTE ] array (
  'type' => 'module',
  'module' => 
  array (
    0 => 'admin',
    1 => 'login',
    2 => 'index',
  ),
)
[ info ] [ HEADER ] array (
  'cookie' => 'PHPSESSID=diugitbmr57vloospug4tsd3da',
  'host' => '39.107.111.90',
  'user-agent' => 'Mozilla/4.0 (compatible; MSIE 9.0; Windows NT 6.1)',
  'referer' => 'https://39.107.111.90',
  'accept-language' => 'zh-cn',
  'accept' => '*/*',
  'connection' => 'Keep-Alive',
  'content-type' => '',
  'content-length' => '',
)
[ info ] [ PARAM ] array (
)
[ info ] [ SESSION ] INIT array (
  'id' => '',
  'var_session_id' => '',
  'prefix' => 'think',
  'type' => '',
  'auto_start' => true,
)
[ info ] [ RUN ] app\admin\controller\Login->index[ /www/wwwroot/mp.zihai029.com/application/admin/controller/Login.php ]
[ info ] [ LOG ] INIT File
---------------------------------------------------------------
[ 2018-09-18T22:05:34+08:00 ] 172.17.0.24 184.105.139.70 GET /
[ info ] 39.107.111.90/ [运行时间：0.018361s][吞吐率：54.46req/s] [内存消耗：1,913.42kb] [文件加载：53]
[ info ] [ LANG ] /www/wwwroot/mp.zihai029.com/thinkphp/lang/zh-cn.php
[ info ] [ LANG ] /www/wwwroot/mp.zihai029.com/application/lang/zh-cn.php
[ info ] [ ROUTE ] array (
  'type' => 'module',
  'module' => 
  array (
    0 => '',
    1 => NULL,
    2 => NULL,
  ),
)
[ info ] [ HEADER ] array (
  'host' => '39.107.111.90',
  'content-type' => '',
  'content-length' => '',
)
[ info ] [ PARAM ] array (
)
[ info ] [ SESSION ] INIT array (
  'id' => '',
  'var_session_id' => '',
  'prefix' => 'think',
  'type' => '',
  'auto_start' => true,
)
[ info ] [ LOG ] INIT File
---------------------------------------------------------------
[ 2018-09-18T23:32:06+08:00 ] 172.17.0.24 180.163.220.66 GET /
[ info ] mp.zihai029.com/ [运行时间：0.018558s][吞吐率：53.89req/s] [内存消耗：1,914.88kb] [文件加载：53]
[ info ] [ LANG ] /www/wwwroot/mp.zihai029.com/thinkphp/lang/zh-cn.php
[ info ] [ LANG ] /www/wwwroot/mp.zihai029.com/application/lang/zh-cn.php
[ info ] [ ROUTE ] array (
  'type' => 'module',
  'module' => 
  array (
    0 => '',
    1 => NULL,
    2 => NULL,
  ),
)
[ info ] [ HEADER ] array (
  'accept-encoding' => 'gzip, deflate',
  'accept' => 'text/html,application/xhtml+xml,application/xml;q=0.9,image/webp,image/apng,*/*;q=0.8',
  'upgrade-insecure-requests' => '1',
  'user-agent' => 'Mozilla/5.0 (Linux; U; Android 5.0.2; zh-CN; Redmi Note 3 Build/LRX22G) AppleWebKit/537.36 (KHTML, like Gecko) Version/4.0 OPR/11.2.3.102637 Mobile Safari/537.36',
  'connection' => 'keep-alive',
  'host' => 'mp.zihai029.com',
  'content-type' => '',
  'content-length' => '',
)
[ info ] [ PARAM ] array (
)
[ info ] [ SESSION ] INIT array (
  'id' => '',
  'var_session_id' => '',
  'prefix' => 'think',
  'type' => '',
  'auto_start' => true,
)
[ info ] [ LOG ] INIT File
---------------------------------------------------------------
[ 2018-09-18T23:32:09+08:00 ] 172.17.0.24 180.163.220.5 GET /admin/login/index.html
[ info ] mp.zihai029.com/admin/login/index.html [运行时间：0.016449s][吞吐率：60.79req/s] [内存消耗：1,843.61kb] [文件加载：51]
[ info ] [ LANG ] /www/wwwroot/mp.zihai029.com/thinkphp/lang/zh-cn.php
[ info ] [ LANG ] /www/wwwroot/mp.zihai029.com/application/lang/zh-cn.php
[ info ] [ ROUTE ] array (
  'type' => 'module',
  'module' => 
  array (
    0 => 'admin',
    1 => 'login',
    2 => 'index',
  ),
)
[ info ] [ HEADER ] array (
  'cookie' => 'PHPSESSID=25h4oa46dbf0uqnss97ovojb85',
  'accept-encoding' => 'gzip, deflate',
  'accept' => 'text/html,application/xhtml+xml,application/xml;q=0.9,image/webp,image/apng,*/*;q=0.8',
  'upgrade-insecure-requests' => '1',
  'user-agent' => 'Mozilla/5.0 (Linux; U; Android 5.0.2; zh-CN; Redmi Note 3 Build/LRX22G) AppleWebKit/537.36 (KHTML, like Gecko) Version/4.0 OPR/11.2.3.102637 Mobile Safari/537.36',
  'connection' => 'keep-alive',
  'host' => 'mp.zihai029.com',
  'content-type' => '',
  'content-length' => '',
)
[ info ] [ PARAM ] array (
)
[ info ] [ SESSION ] INIT array (
  'id' => '',
  'var_session_id' => '',
  'prefix' => 'think',
  'type' => '',
  'auto_start' => true,
)
[ info ] [ RUN ] app\admin\controller\Login->index[ /www/wwwroot/mp.zihai029.com/application/admin/controller/Login.php ]
[ info ] [ LOG ] INIT File
