---------------------------------------------------------------
[ 2018-09-24T00:50:47+08:00 ] 172.17.0.24 112.16.14.7 GET /
[ info ] 39.107.111.90/ [运行时间：0.017055s][吞吐率：58.63req/s] [内存消耗：1,944.30kb] [文件加载：55]
[ info ] [ BEHAVIOR ] Run app\common\behavior\CORS @app_init [ RunTime:0.000126s ]
[ info ] [ LANG ] /www/wwwroot/mp.zihai029.com/thinkphp/lang/zh-cn.php
[ info ] [ LANG ] /www/wwwroot/mp.zihai029.com/application/lang/zh-cn.php
[ info ] [ ROUTE ] array (
  'type' => 'module',
  'module' => 
  array (
    0 => '',
    1 => NULL,
    2 => NULL,
  ),
)
[ info ] [ HEADER ] array (
  'user-agent' => 'Mozilla/5.0 (Windows NT 5.1; rv:9.0.1) Gecko/20100101 Firefox/9.0.1',
  'accept-language' => 'en-US;q=0.6,en;q=0.4',
  'accept-encoding' => 'deflate, gzip, identity',
  'accept' => 'text/html,application/xhtml+xml,application/xml;q=0.9,*/*;q=0.8',
  'host' => '39.107.111.90',
  'content-type' => '',
  'content-length' => '',
)
[ info ] [ PARAM ] array (
)
[ info ] [ SESSION ] INIT array (
  'id' => '',
  'var_session_id' => '',
  'prefix' => 'think',
  'type' => '',
  'auto_start' => true,
)
[ info ] [ LOG ] INIT File
---------------------------------------------------------------
[ 2018-09-24T00:50:47+08:00 ] 172.17.0.24 112.16.14.7 GET /admin/login/index.html
[ info ] 39.107.111.90/admin/login/index.html [运行时间：0.016243s][吞吐率：61.57req/s] [内存消耗：1,873.04kb] [文件加载：53]
[ info ] [ BEHAVIOR ] Run app\common\behavior\CORS @app_init [ RunTime:0.000115s ]
[ info ] [ LANG ] /www/wwwroot/mp.zihai029.com/thinkphp/lang/zh-cn.php
[ info ] [ LANG ] /www/wwwroot/mp.zihai029.com/application/lang/zh-cn.php
[ info ] [ ROUTE ] array (
  'type' => 'module',
  'module' => 
  array (
    0 => 'admin',
    1 => 'login',
    2 => 'index',
  ),
)
[ info ] [ HEADER ] array (
  'cookie' => 'PHPSESSID=s3no2ss2kcomatpgmq0h4ksu5g',
  'user-agent' => 'Mozilla/5.0 (Windows NT 5.1; rv:9.0.1) Gecko/20100101 Firefox/9.0.1',
  'accept-language' => 'en-US;q=0.6,en;q=0.4',
  'accept-encoding' => 'deflate, gzip, identity',
  'accept' => 'text/html,application/xhtml+xml,application/xml;q=0.9,*/*;q=0.8',
  'host' => '39.107.111.90',
  'content-type' => '',
  'content-length' => '',
)
[ info ] [ PARAM ] array (
)
[ info ] [ SESSION ] INIT array (
  'id' => '',
  'var_session_id' => '',
  'prefix' => 'think',
  'type' => '',
  'auto_start' => true,
)
[ info ] [ RUN ] app\admin\controller\Login->index[ /www/wwwroot/mp.zihai029.com/application/admin/controller/Login.php ]
[ info ] [ LOG ] INIT File
---------------------------------------------------------------
[ 2018-09-24T01:52:01+08:00 ] 172.17.0.24 183.60.210.52 GET /
[ info ] 39.107.111.90/ [运行时间：0.017489s][吞吐率：57.18req/s] [内存消耗：1,944.02kb] [文件加载：55]
[ info ] [ BEHAVIOR ] Run app\common\behavior\CORS @app_init [ RunTime:0.000116s ]
[ info ] [ LANG ] /www/wwwroot/mp.zihai029.com/thinkphp/lang/zh-cn.php
[ info ] [ LANG ] /www/wwwroot/mp.zihai029.com/application/lang/zh-cn.php
[ info ] [ ROUTE ] array (
  'type' => 'module',
  'module' => 
  array (
    0 => '',
    1 => NULL,
    2 => NULL,
  ),
)
[ info ] [ HEADER ] array (
  'host' => '39.107.111.90',
  'user-agent' => 'Mozilla/4.0 (compatible; MSIE 9.0; Windows NT 6.1)',
  'referer' => 'https://39.107.111.90',
  'accept-language' => 'zh-cn',
  'accept' => '*/*',
  'connection' => 'Keep-Alive',
  'content-type' => '',
  'content-length' => '',
)
[ info ] [ PARAM ] array (
)
[ info ] [ SESSION ] INIT array (
  'id' => '',
  'var_session_id' => '',
  'prefix' => 'think',
  'type' => '',
  'auto_start' => true,
)
[ info ] [ LOG ] INIT File
---------------------------------------------------------------
[ 2018-09-24T01:52:01+08:00 ] 172.17.0.24 183.60.210.52 GET /admin/login/index.html
[ info ] 39.107.111.90/admin/login/index.html [运行时间：0.016571s][吞吐率：60.35req/s] [内存消耗：1,874.57kb] [文件加载：53]
[ info ] [ BEHAVIOR ] Run app\common\behavior\CORS @app_init [ RunTime:0.000112s ]
[ info ] [ LANG ] /www/wwwroot/mp.zihai029.com/thinkphp/lang/zh-cn.php
[ info ] [ LANG ] /www/wwwroot/mp.zihai029.com/application/lang/zh-cn.php
[ info ] [ ROUTE ] array (
  'type' => 'module',
  'module' => 
  array (
    0 => 'admin',
    1 => 'login',
    2 => 'index',
  ),
)
[ info ] [ HEADER ] array (
  'cookie' => 'PHPSESSID=f46vetsvjb7p2njc70jefij6dc',
  'host' => '39.107.111.90',
  'user-agent' => 'Mozilla/4.0 (compatible; MSIE 9.0; Windows NT 6.1)',
  'referer' => 'https://39.107.111.90',
  'accept-language' => 'zh-cn',
  'accept' => '*/*',
  'connection' => 'Keep-Alive',
  'content-type' => '',
  'content-length' => '',
)
[ info ] [ PARAM ] array (
)
[ info ] [ SESSION ] INIT array (
  'id' => '',
  'var_session_id' => '',
  'prefix' => 'think',
  'type' => '',
  'auto_start' => true,
)
[ info ] [ RUN ] app\admin\controller\Login->index[ /www/wwwroot/mp.zihai029.com/application/admin/controller/Login.php ]
[ info ] [ LOG ] INIT File
---------------------------------------------------------------
[ 2018-09-24T05:37:33+08:00 ] 172.17.0.24 183.60.210.52 GET /
[ info ] 39.107.111.90/ [运行时间：0.018218s][吞吐率：54.89req/s] [内存消耗：1,944.02kb] [文件加载：55]
[ info ] [ BEHAVIOR ] Run app\common\behavior\CORS @app_init [ RunTime:0.000123s ]
[ info ] [ LANG ] /www/wwwroot/mp.zihai029.com/thinkphp/lang/zh-cn.php
[ info ] [ LANG ] /www/wwwroot/mp.zihai029.com/application/lang/zh-cn.php
[ info ] [ ROUTE ] array (
  'type' => 'module',
  'module' => 
  array (
    0 => '',
    1 => NULL,
    2 => NULL,
  ),
)
[ info ] [ HEADER ] array (
  'host' => '39.107.111.90',
  'user-agent' => 'Mozilla/4.0 (compatible; MSIE 9.0; Windows NT 6.1)',
  'referer' => 'https://39.107.111.90',
  'accept-language' => 'zh-cn',
  'accept' => '*/*',
  'connection' => 'Keep-Alive',
  'content-type' => '',
  'content-length' => '',
)
[ info ] [ PARAM ] array (
)
[ info ] [ SESSION ] INIT array (
  'id' => '',
  'var_session_id' => '',
  'prefix' => 'think',
  'type' => '',
  'auto_start' => true,
)
[ info ] [ LOG ] INIT File
---------------------------------------------------------------
[ 2018-09-24T05:37:33+08:00 ] 172.17.0.24 183.60.210.52 GET /admin/login/index.html
[ info ] 39.107.111.90/admin/login/index.html [运行时间：0.017098s][吞吐率：58.49req/s] [内存消耗：1,874.57kb] [文件加载：53]
[ info ] [ BEHAVIOR ] Run app\common\behavior\CORS @app_init [ RunTime:0.000125s ]
[ info ] [ LANG ] /www/wwwroot/mp.zihai029.com/thinkphp/lang/zh-cn.php
[ info ] [ LANG ] /www/wwwroot/mp.zihai029.com/application/lang/zh-cn.php
[ info ] [ ROUTE ] array (
  'type' => 'module',
  'module' => 
  array (
    0 => 'admin',
    1 => 'login',
    2 => 'index',
  ),
)
[ info ] [ HEADER ] array (
  'cookie' => 'PHPSESSID=1n90djorfmdk2q9isdk0slscr5',
  'host' => '39.107.111.90',
  'user-agent' => 'Mozilla/4.0 (compatible; MSIE 9.0; Windows NT 6.1)',
  'referer' => 'https://39.107.111.90',
  'accept-language' => 'zh-cn',
  'accept' => '*/*',
  'connection' => 'Keep-Alive',
  'content-type' => '',
  'content-length' => '',
)
[ info ] [ PARAM ] array (
)
[ info ] [ SESSION ] INIT array (
  'id' => '',
  'var_session_id' => '',
  'prefix' => 'think',
  'type' => '',
  'auto_start' => true,
)
[ info ] [ RUN ] app\admin\controller\Login->index[ /www/wwwroot/mp.zihai029.com/application/admin/controller/Login.php ]
[ info ] [ LOG ] INIT File
---------------------------------------------------------------
[ 2018-09-24T05:37:57+08:00 ] 172.17.0.24 106.11.229.85 GET /
[ info ] mp.zihai029.com/ [运行时间：0.017900s][吞吐率：55.87req/s] [内存消耗：1,943.52kb] [文件加载：55]
[ info ] [ BEHAVIOR ] Run app\common\behavior\CORS @app_init [ RunTime:0.000119s ]
[ info ] [ LANG ] /www/wwwroot/mp.zihai029.com/thinkphp/lang/zh-cn.php
[ info ] [ LANG ] /www/wwwroot/mp.zihai029.com/application/lang/zh-cn.php
[ info ] [ ROUTE ] array (
  'type' => 'module',
  'module' => 
  array (
    0 => '',
    1 => NULL,
    2 => NULL,
  ),
)
[ info ] [ HEADER ] array (
  'accept-encoding' => 'gzip',
  'user-agent' => 'Go 1.1 package http',
  'host' => 'mp.zihai029.com',
  'content-type' => '',
  'content-length' => '',
)
[ info ] [ PARAM ] array (
)
[ info ] [ SESSION ] INIT array (
  'id' => '',
  'var_session_id' => '',
  'prefix' => 'think',
  'type' => '',
  'auto_start' => true,
)
[ info ] [ LOG ] INIT File
---------------------------------------------------------------
[ 2018-09-24T05:37:57+08:00 ] 172.17.0.24 106.11.229.85 GET /admin/login/index.html
[ info ] mp.zihai029.com/admin/login/index.html [运行时间：0.017189s][吞吐率：58.18req/s] [内存消耗：1,872.38kb] [文件加载：53]
[ info ] [ BEHAVIOR ] Run app\common\behavior\CORS @app_init [ RunTime:0.000116s ]
[ info ] [ LANG ] /www/wwwroot/mp.zihai029.com/thinkphp/lang/zh-cn.php
[ info ] [ LANG ] /www/wwwroot/mp.zihai029.com/application/lang/zh-cn.php
[ info ] [ ROUTE ] array (
  'type' => 'module',
  'module' => 
  array (
    0 => 'admin',
    1 => 'login',
    2 => 'index',
  ),
)
[ info ] [ HEADER ] array (
  'accept-encoding' => 'gzip',
  'referer' => 'http://mp.zihai029.com',
  'user-agent' => 'Go 1.1 package http',
  'host' => 'mp.zihai029.com',
  'content-type' => '',
  'content-length' => '',
)
[ info ] [ PARAM ] array (
)
[ info ] [ SESSION ] INIT array (
  'id' => '',
  'var_session_id' => '',
  'prefix' => 'think',
  'type' => '',
  'auto_start' => true,
)
[ info ] [ RUN ] app\admin\controller\Login->index[ /www/wwwroot/mp.zihai029.com/application/admin/controller/Login.php ]
[ info ] [ LOG ] INIT File
---------------------------------------------------------------
[ 2018-09-24T07:04:45+08:00 ] 172.17.0.24 42.51.178.141 GET /
[ info ] 39.107.111.90/ [运行时间：0.017916s][吞吐率：55.82req/s] [内存消耗：1,943.52kb] [文件加载：55]
[ info ] [ BEHAVIOR ] Run app\common\behavior\CORS @app_init [ RunTime:0.000118s ]
[ info ] [ LANG ] /www/wwwroot/mp.zihai029.com/thinkphp/lang/zh-cn.php
[ info ] [ LANG ] /www/wwwroot/mp.zihai029.com/application/lang/zh-cn.php
[ info ] [ ROUTE ] array (
  'type' => 'module',
  'module' => 
  array (
    0 => '',
    1 => NULL,
    2 => NULL,
  ),
)
[ info ] [ HEADER ] array (
  'accept-encoding' => 'gzip',
  'user-agent' => 'Mozilla/5.0 zgrab/0.x',
  'host' => '39.107.111.90',
  'content-type' => '',
  'content-length' => '',
)
[ info ] [ PARAM ] array (
)
[ info ] [ SESSION ] INIT array (
  'id' => '',
  'var_session_id' => '',
  'prefix' => 'think',
  'type' => '',
  'auto_start' => true,
)
[ info ] [ LOG ] INIT File
---------------------------------------------------------------
[ 2018-09-24T09:21:39+08:00 ] 172.17.0.24 183.60.210.62 GET /
[ info ] 39.107.111.90/ [运行时间：0.017797s][吞吐率：56.19req/s] [内存消耗：1,944.02kb] [文件加载：55]
[ info ] [ BEHAVIOR ] Run app\common\behavior\CORS @app_init [ RunTime:0.000117s ]
[ info ] [ LANG ] /www/wwwroot/mp.zihai029.com/thinkphp/lang/zh-cn.php
[ info ] [ LANG ] /www/wwwroot/mp.zihai029.com/application/lang/zh-cn.php
[ info ] [ ROUTE ] array (
  'type' => 'module',
  'module' => 
  array (
    0 => '',
    1 => NULL,
    2 => NULL,
  ),
)
[ info ] [ HEADER ] array (
  'host' => '39.107.111.90',
  'user-agent' => 'Mozilla/4.0 (compatible; MSIE 9.0; Windows NT 6.1)',
  'referer' => 'https://39.107.111.90',
  'accept-language' => 'zh-cn',
  'accept' => '*/*',
  'connection' => 'Keep-Alive',
  'content-type' => '',
  'content-length' => '',
)
[ info ] [ PARAM ] array (
)
[ info ] [ SESSION ] INIT array (
  'id' => '',
  'var_session_id' => '',
  'prefix' => 'think',
  'type' => '',
  'auto_start' => true,
)
[ info ] [ LOG ] INIT File
---------------------------------------------------------------
[ 2018-09-24T09:21:39+08:00 ] 172.17.0.24 183.60.210.62 GET /admin/login/index.html
[ info ] 39.107.111.90/admin/login/index.html [运行时间：0.017053s][吞吐率：58.64req/s] [内存消耗：1,874.57kb] [文件加载：53]
[ info ] [ BEHAVIOR ] Run app\common\behavior\CORS @app_init [ RunTime:0.000112s ]
[ info ] [ LANG ] /www/wwwroot/mp.zihai029.com/thinkphp/lang/zh-cn.php
[ info ] [ LANG ] /www/wwwroot/mp.zihai029.com/application/lang/zh-cn.php
[ info ] [ ROUTE ] array (
  'type' => 'module',
  'module' => 
  array (
    0 => 'admin',
    1 => 'login',
    2 => 'index',
  ),
)
[ info ] [ HEADER ] array (
  'cookie' => 'PHPSESSID=1sb49pd52rj759fvl0lq27lq77',
  'host' => '39.107.111.90',
  'user-agent' => 'Mozilla/4.0 (compatible; MSIE 9.0; Windows NT 6.1)',
  'referer' => 'https://39.107.111.90',
  'accept-language' => 'zh-cn',
  'accept' => '*/*',
  'connection' => 'Keep-Alive',
  'content-type' => '',
  'content-length' => '',
)
[ info ] [ PARAM ] array (
)
[ info ] [ SESSION ] INIT array (
  'id' => '',
  'var_session_id' => '',
  'prefix' => 'think',
  'type' => '',
  'auto_start' => true,
)
[ info ] [ RUN ] app\admin\controller\Login->index[ /www/wwwroot/mp.zihai029.com/application/admin/controller/Login.php ]
[ info ] [ LOG ] INIT File
---------------------------------------------------------------
[ 2018-09-24T09:21:39+08:00 ] 172.17.0.24 115.144.122.194 GET /
[ info ] 39.107.111.90/ [运行时间：0.020213s][吞吐率：49.47req/s] [内存消耗：1,944.02kb] [文件加载：55]
[ info ] [ BEHAVIOR ] Run app\common\behavior\CORS @app_init [ RunTime:0.000130s ]
[ info ] [ LANG ] /www/wwwroot/mp.zihai029.com/thinkphp/lang/zh-cn.php
[ info ] [ LANG ] /www/wwwroot/mp.zihai029.com/application/lang/zh-cn.php
[ info ] [ ROUTE ] array (
  'type' => 'module',
  'module' => 
  array (
    0 => '',
    1 => NULL,
    2 => NULL,
  ),
)
[ info ] [ HEADER ] array (
  'host' => '39.107.111.90',
  'user-agent' => 'Mozilla/4.0 (compatible; MSIE 9.0; Windows NT 6.1)',
  'referer' => 'https://39.107.111.90',
  'accept-language' => 'zh-cn',
  'accept' => '*/*',
  'connection' => 'Keep-Alive',
  'content-type' => '',
  'content-length' => '',
)
[ info ] [ PARAM ] array (
)
[ info ] [ SESSION ] INIT array (
  'id' => '',
  'var_session_id' => '',
  'prefix' => 'think',
  'type' => '',
  'auto_start' => true,
)
[ info ] [ LOG ] INIT File
---------------------------------------------------------------
[ 2018-09-24T09:21:39+08:00 ] 172.17.0.24 115.144.122.194 GET /admin/login/index.html
[ info ] 39.107.111.90/admin/login/index.html [运行时间：0.018985s][吞吐率：52.67req/s] [内存消耗：1,874.57kb] [文件加载：53]
[ info ] [ BEHAVIOR ] Run app\common\behavior\CORS @app_init [ RunTime:0.000129s ]
[ info ] [ LANG ] /www/wwwroot/mp.zihai029.com/thinkphp/lang/zh-cn.php
[ info ] [ LANG ] /www/wwwroot/mp.zihai029.com/application/lang/zh-cn.php
[ info ] [ ROUTE ] array (
  'type' => 'module',
  'module' => 
  array (
    0 => 'admin',
    1 => 'login',
    2 => 'index',
  ),
)
[ info ] [ HEADER ] array (
  'cookie' => 'PHPSESSID=mfvhrt4gugj7sgakm98ammus7e',
  'host' => '39.107.111.90',
  'user-agent' => 'Mozilla/4.0 (compatible; MSIE 9.0; Windows NT 6.1)',
  'referer' => 'https://39.107.111.90',
  'accept-language' => 'zh-cn',
  'accept' => '*/*',
  'connection' => 'Keep-Alive',
  'content-type' => '',
  'content-length' => '',
)
[ info ] [ PARAM ] array (
)
[ info ] [ SESSION ] INIT array (
  'id' => '',
  'var_session_id' => '',
  'prefix' => 'think',
  'type' => '',
  'auto_start' => true,
)
[ info ] [ RUN ] app\admin\controller\Login->index[ /www/wwwroot/mp.zihai029.com/application/admin/controller/Login.php ]
[ info ] [ LOG ] INIT File
---------------------------------------------------------------
[ 2018-09-24T12:38:24+08:00 ] 172.17.0.24 60.191.38.77 GET /
[ info ] 39.107.111.90:443/ [运行时间：0.018182s][吞吐率：55.00req/s] [内存消耗：1,943.90kb] [文件加载：55]
[ info ] [ BEHAVIOR ] Run app\common\behavior\CORS @app_init [ RunTime:0.000115s ]
[ info ] [ LANG ] /www/wwwroot/mp.zihai029.com/thinkphp/lang/zh-cn.php
[ info ] [ LANG ] /www/wwwroot/mp.zihai029.com/application/lang/zh-cn.php
[ info ] [ ROUTE ] array (
  'type' => 'module',
  'module' => 
  array (
    0 => '',
    1 => NULL,
    2 => NULL,
  ),
)
[ info ] [ HEADER ] array (
  'connection' => 'keep-alive',
  'accept' => '*/*',
  'user-agent' => 'Mozilla/5.0 (Macintosh; Intel Mac OS X 10.11; rv:47.0) Gecko/20100101 Firefox/47.0',
  'host' => '39.107.111.90:443',
  'content-type' => '',
  'content-length' => '',
)
[ info ] [ PARAM ] array (
)
[ info ] [ SESSION ] INIT array (
  'id' => '',
  'var_session_id' => '',
  'prefix' => 'think',
  'type' => '',
  'auto_start' => true,
)
[ info ] [ LOG ] INIT File
---------------------------------------------------------------
[ 2018-09-24T12:38:24+08:00 ] 172.17.0.24 60.191.38.77 GET /admin/login/index.html
[ info ] 39.107.111.90:443/admin/login/index.html [运行时间：0.017011s][吞吐率：58.79req/s] [内存消耗：1,872.46kb] [文件加载：53]
[ info ] [ BEHAVIOR ] Run app\common\behavior\CORS @app_init [ RunTime:0.000129s ]
[ info ] [ LANG ] /www/wwwroot/mp.zihai029.com/thinkphp/lang/zh-cn.php
[ info ] [ LANG ] /www/wwwroot/mp.zihai029.com/application/lang/zh-cn.php
[ info ] [ ROUTE ] array (
  'type' => 'module',
  'module' => 
  array (
    0 => 'admin',
    1 => 'login',
    2 => 'index',
  ),
)
[ info ] [ HEADER ] array (
  'connection' => 'keep-alive',
  'accept' => '*/*',
  'user-agent' => 'Mozilla/5.0 (Macintosh; Intel Mac OS X 10.11; rv:47.0) Gecko/20100101 Firefox/47.0',
  'host' => '39.107.111.90:443',
  'content-type' => '',
  'content-length' => '',
)
[ info ] [ PARAM ] array (
)
[ info ] [ SESSION ] INIT array (
  'id' => '',
  'var_session_id' => '',
  'prefix' => 'think',
  'type' => '',
  'auto_start' => true,
)
[ info ] [ RUN ] app\admin\controller\Login->index[ /www/wwwroot/mp.zihai029.com/application/admin/controller/Login.php ]
[ info ] [ LOG ] INIT File
---------------------------------------------------------------
[ 2018-09-24T13:04:44+08:00 ] 172.17.0.24 183.60.210.46 GET /
[ info ] 39.107.111.90/ [运行时间：0.018482s][吞吐率：54.11req/s] [内存消耗：1,944.02kb] [文件加载：55]
[ info ] [ BEHAVIOR ] Run app\common\behavior\CORS @app_init [ RunTime:0.000119s ]
[ info ] [ LANG ] /www/wwwroot/mp.zihai029.com/thinkphp/lang/zh-cn.php
[ info ] [ LANG ] /www/wwwroot/mp.zihai029.com/application/lang/zh-cn.php
[ info ] [ ROUTE ] array (
  'type' => 'module',
  'module' => 
  array (
    0 => '',
    1 => NULL,
    2 => NULL,
  ),
)
[ info ] [ HEADER ] array (
  'host' => '39.107.111.90',
  'user-agent' => 'Mozilla/4.0 (compatible; MSIE 9.0; Windows NT 6.1)',
  'referer' => 'https://39.107.111.90',
  'accept-language' => 'zh-cn',
  'accept' => '*/*',
  'connection' => 'Keep-Alive',
  'content-type' => '',
  'content-length' => '',
)
[ info ] [ PARAM ] array (
)
[ info ] [ SESSION ] INIT array (
  'id' => '',
  'var_session_id' => '',
  'prefix' => 'think',
  'type' => '',
  'auto_start' => true,
)
[ info ] [ LOG ] INIT File
---------------------------------------------------------------
[ 2018-09-24T13:04:44+08:00 ] 172.17.0.24 183.60.210.46 GET /admin/login/index.html
[ info ] 39.107.111.90/admin/login/index.html [运行时间：0.016884s][吞吐率：59.23req/s] [内存消耗：1,874.57kb] [文件加载：53]
[ info ] [ BEHAVIOR ] Run app\common\behavior\CORS @app_init [ RunTime:0.000116s ]
[ info ] [ LANG ] /www/wwwroot/mp.zihai029.com/thinkphp/lang/zh-cn.php
[ info ] [ LANG ] /www/wwwroot/mp.zihai029.com/application/lang/zh-cn.php
[ info ] [ ROUTE ] array (
  'type' => 'module',
  'module' => 
  array (
    0 => 'admin',
    1 => 'login',
    2 => 'index',
  ),
)
[ info ] [ HEADER ] array (
  'cookie' => 'PHPSESSID=fiod6cuae3ubtbbeh8big6ajpm',
  'host' => '39.107.111.90',
  'user-agent' => 'Mozilla/4.0 (compatible; MSIE 9.0; Windows NT 6.1)',
  'referer' => 'https://39.107.111.90',
  'accept-language' => 'zh-cn',
  'accept' => '*/*',
  'connection' => 'Keep-Alive',
  'content-type' => '',
  'content-length' => '',
)
[ info ] [ PARAM ] array (
)
[ info ] [ SESSION ] INIT array (
  'id' => '',
  'var_session_id' => '',
  'prefix' => 'think',
  'type' => '',
  'auto_start' => true,
)
[ info ] [ RUN ] app\admin\controller\Login->index[ /www/wwwroot/mp.zihai029.com/application/admin/controller/Login.php ]
[ info ] [ LOG ] INIT File
---------------------------------------------------------------
[ 2018-09-24T13:58:41+08:00 ] 172.17.0.24 107.170.234.219 GET /
[ info ] 39.107.111.90/ [运行时间：0.017966s][吞吐率：55.66req/s] [内存消耗：1,943.80kb] [文件加载：55]
[ info ] [ BEHAVIOR ] Run app\common\behavior\CORS @app_init [ RunTime:0.000116s ]
[ info ] [ LANG ] /www/wwwroot/mp.zihai029.com/thinkphp/lang/zh-cn.php
[ info ] [ LANG ] /www/wwwroot/mp.zihai029.com/application/lang/zh-cn.php
[ info ] [ ROUTE ] array (
  'type' => 'module',
  'module' => 
  array (
    0 => '',
    1 => NULL,
    2 => NULL,
  ),
)
[ info ] [ HEADER ] array (
  'accept-encoding' => 'gzip',
  'accept' => '*/*',
  'user-agent' => 'Mozilla/5.0 zgrab/0.x',
  'host' => '39.107.111.90',
  'content-type' => '',
  'content-length' => '',
)
[ info ] [ PARAM ] array (
)
[ info ] [ SESSION ] INIT array (
  'id' => '',
  'var_session_id' => '',
  'prefix' => 'think',
  'type' => '',
  'auto_start' => true,
)
[ info ] [ LOG ] INIT File
---------------------------------------------------------------
[ 2018-09-24T16:18:53+08:00 ] 172.17.0.24 122.228.10.51 GET /
[ info ] 39.107.111.90:443/ [运行时间：0.020841s][吞吐率：47.98req/s] [内存消耗：1,943.90kb] [文件加载：55]
[ info ] [ BEHAVIOR ] Run app\common\behavior\CORS @app_init [ RunTime:0.000135s ]
[ info ] [ LANG ] /www/wwwroot/mp.zihai029.com/thinkphp/lang/zh-cn.php
[ info ] [ LANG ] /www/wwwroot/mp.zihai029.com/application/lang/zh-cn.php
[ info ] [ ROUTE ] array (
  'type' => 'module',
  'module' => 
  array (
    0 => '',
    1 => NULL,
    2 => NULL,
  ),
)
[ info ] [ HEADER ] array (
  'connection' => 'keep-alive',
  'accept' => '*/*',
  'user-agent' => 'Mozilla/5.0 (Macintosh; Intel Mac OS X 10.11; rv:47.0) Gecko/20100101 Firefox/47.0',
  'host' => '39.107.111.90:443',
  'content-type' => '',
  'content-length' => '',
)
[ info ] [ PARAM ] array (
)
[ info ] [ SESSION ] INIT array (
  'id' => '',
  'var_session_id' => '',
  'prefix' => 'think',
  'type' => '',
  'auto_start' => true,
)
[ info ] [ LOG ] INIT File
---------------------------------------------------------------
[ 2018-09-24T16:18:53+08:00 ] 172.17.0.24 122.228.10.51 GET /admin/login/index.html
[ info ] 39.107.111.90:443/admin/login/index.html [运行时间：0.017161s][吞吐率：58.27req/s] [内存消耗：1,872.46kb] [文件加载：53]
[ info ] [ BEHAVIOR ] Run app\common\behavior\CORS @app_init [ RunTime:0.000119s ]
[ info ] [ LANG ] /www/wwwroot/mp.zihai029.com/thinkphp/lang/zh-cn.php
[ info ] [ LANG ] /www/wwwroot/mp.zihai029.com/application/lang/zh-cn.php
[ info ] [ ROUTE ] array (
  'type' => 'module',
  'module' => 
  array (
    0 => 'admin',
    1 => 'login',
    2 => 'index',
  ),
)
[ info ] [ HEADER ] array (
  'connection' => 'keep-alive',
  'accept' => '*/*',
  'user-agent' => 'Mozilla/5.0 (Macintosh; Intel Mac OS X 10.11; rv:47.0) Gecko/20100101 Firefox/47.0',
  'host' => '39.107.111.90:443',
  'content-type' => '',
  'content-length' => '',
)
[ info ] [ PARAM ] array (
)
[ info ] [ SESSION ] INIT array (
  'id' => '',
  'var_session_id' => '',
  'prefix' => 'think',
  'type' => '',
  'auto_start' => true,
)
[ info ] [ RUN ] app\admin\controller\Login->index[ /www/wwwroot/mp.zihai029.com/application/admin/controller/Login.php ]
[ info ] [ LOG ] INIT File
---------------------------------------------------------------
[ 2018-09-24T16:48:28+08:00 ] 172.17.0.24 183.60.210.52 GET /
[ info ] 39.107.111.90/ [运行时间：0.017779s][吞吐率：56.25req/s] [内存消耗：1,944.02kb] [文件加载：55]
[ info ] [ BEHAVIOR ] Run app\common\behavior\CORS @app_init [ RunTime:0.000114s ]
[ info ] [ LANG ] /www/wwwroot/mp.zihai029.com/thinkphp/lang/zh-cn.php
[ info ] [ LANG ] /www/wwwroot/mp.zihai029.com/application/lang/zh-cn.php
[ info ] [ ROUTE ] array (
  'type' => 'module',
  'module' => 
  array (
    0 => '',
    1 => NULL,
    2 => NULL,
  ),
)
[ info ] [ HEADER ] array (
  'host' => '39.107.111.90',
  'user-agent' => 'Mozilla/4.0 (compatible; MSIE 9.0; Windows NT 6.1)',
  'referer' => 'https://39.107.111.90',
  'accept-language' => 'zh-cn',
  'accept' => '*/*',
  'connection' => 'Keep-Alive',
  'content-type' => '',
  'content-length' => '',
)
[ info ] [ PARAM ] array (
)
[ info ] [ SESSION ] INIT array (
  'id' => '',
  'var_session_id' => '',
  'prefix' => 'think',
  'type' => '',
  'auto_start' => true,
)
[ info ] [ LOG ] INIT File
---------------------------------------------------------------
[ 2018-09-24T16:48:28+08:00 ] 172.17.0.24 183.60.210.52 GET /admin/login/index.html
[ info ] 39.107.111.90/admin/login/index.html [运行时间：0.016825s][吞吐率：59.44req/s] [内存消耗：1,874.57kb] [文件加载：53]
[ info ] [ BEHAVIOR ] Run app\common\behavior\CORS @app_init [ RunTime:0.000115s ]
[ info ] [ LANG ] /www/wwwroot/mp.zihai029.com/thinkphp/lang/zh-cn.php
[ info ] [ LANG ] /www/wwwroot/mp.zihai029.com/application/lang/zh-cn.php
[ info ] [ ROUTE ] array (
  'type' => 'module',
  'module' => 
  array (
    0 => 'admin',
    1 => 'login',
    2 => 'index',
  ),
)
[ info ] [ HEADER ] array (
  'cookie' => 'PHPSESSID=9v5hm1qpn2n9dcjn85hui75opn',
  'host' => '39.107.111.90',
  'user-agent' => 'Mozilla/4.0 (compatible; MSIE 9.0; Windows NT 6.1)',
  'referer' => 'https://39.107.111.90',
  'accept-language' => 'zh-cn',
  'accept' => '*/*',
  'connection' => 'Keep-Alive',
  'content-type' => '',
  'content-length' => '',
)
[ info ] [ PARAM ] array (
)
[ info ] [ SESSION ] INIT array (
  'id' => '',
  'var_session_id' => '',
  'prefix' => 'think',
  'type' => '',
  'auto_start' => true,
)
[ info ] [ RUN ] app\admin\controller\Login->index[ /www/wwwroot/mp.zihai029.com/application/admin/controller/Login.php ]
[ info ] [ LOG ] INIT File
---------------------------------------------------------------
[ 2018-09-24T20:34:00+08:00 ] 172.17.0.24 115.144.122.194 GET /
[ info ] 39.107.111.90/ [运行时间：0.017920s][吞吐率：55.80req/s] [内存消耗：1,944.02kb] [文件加载：55]
[ info ] [ BEHAVIOR ] Run app\common\behavior\CORS @app_init [ RunTime:0.000119s ]
[ info ] [ LANG ] /www/wwwroot/mp.zihai029.com/thinkphp/lang/zh-cn.php
[ info ] [ LANG ] /www/wwwroot/mp.zihai029.com/application/lang/zh-cn.php
[ info ] [ ROUTE ] array (
  'type' => 'module',
  'module' => 
  array (
    0 => '',
    1 => NULL,
    2 => NULL,
  ),
)
[ info ] [ HEADER ] array (
  'host' => '39.107.111.90',
  'user-agent' => 'Mozilla/4.0 (compatible; MSIE 9.0; Windows NT 6.1)',
  'referer' => 'https://39.107.111.90',
  'accept-language' => 'zh-cn',
  'accept' => '*/*',
  'connection' => 'Keep-Alive',
  'content-type' => '',
  'content-length' => '',
)
[ info ] [ PARAM ] array (
)
[ info ] [ SESSION ] INIT array (
  'id' => '',
  'var_session_id' => '',
  'prefix' => 'think',
  'type' => '',
  'auto_start' => true,
)
[ info ] [ LOG ] INIT File
---------------------------------------------------------------
[ 2018-09-24T20:34:00+08:00 ] 172.17.0.24 115.144.122.194 GET /admin/login/index.html
[ info ] 39.107.111.90/admin/login/index.html [运行时间：0.018711s][吞吐率：53.44req/s] [内存消耗：1,874.57kb] [文件加载：53]
[ info ] [ BEHAVIOR ] Run app\common\behavior\CORS @app_init [ RunTime:0.000139s ]
[ info ] [ LANG ] /www/wwwroot/mp.zihai029.com/thinkphp/lang/zh-cn.php
[ info ] [ LANG ] /www/wwwroot/mp.zihai029.com/application/lang/zh-cn.php
[ info ] [ ROUTE ] array (
  'type' => 'module',
  'module' => 
  array (
    0 => 'admin',
    1 => 'login',
    2 => 'index',
  ),
)
[ info ] [ HEADER ] array (
  'cookie' => 'PHPSESSID=j6sq2vglfhh7lml0g31bf9o54c',
  'host' => '39.107.111.90',
  'user-agent' => 'Mozilla/4.0 (compatible; MSIE 9.0; Windows NT 6.1)',
  'referer' => 'https://39.107.111.90',
  'accept-language' => 'zh-cn',
  'accept' => '*/*',
  'connection' => 'Keep-Alive',
  'content-type' => '',
  'content-length' => '',
)
[ info ] [ PARAM ] array (
)
[ info ] [ SESSION ] INIT array (
  'id' => '',
  'var_session_id' => '',
  'prefix' => 'think',
  'type' => '',
  'auto_start' => true,
)
[ info ] [ RUN ] app\admin\controller\Login->index[ /www/wwwroot/mp.zihai029.com/application/admin/controller/Login.php ]
[ info ] [ LOG ] INIT File
---------------------------------------------------------------
[ 2018-09-24T21:29:16+08:00 ] 172.17.0.24 216.218.206.67 GET /
[ info ] 39.107.111.90/ [运行时间：0.018468s][吞吐率：54.15req/s] [内存消耗：1,943.34kb] [文件加载：55]
[ info ] [ BEHAVIOR ] Run app\common\behavior\CORS @app_init [ RunTime:0.000130s ]
[ info ] [ LANG ] /www/wwwroot/mp.zihai029.com/thinkphp/lang/zh-cn.php
[ info ] [ LANG ] /www/wwwroot/mp.zihai029.com/application/lang/zh-cn.php
[ info ] [ ROUTE ] array (
  'type' => 'module',
  'module' => 
  array (
    0 => '',
    1 => NULL,
    2 => NULL,
  ),
)
[ info ] [ HEADER ] array (
  'host' => '39.107.111.90',
  'content-type' => '',
  'content-length' => '',
)
[ info ] [ PARAM ] array (
)
[ info ] [ SESSION ] INIT array (
  'id' => '',
  'var_session_id' => '',
  'prefix' => 'think',
  'type' => '',
  'auto_start' => true,
)
[ info ] [ LOG ] INIT File
---------------------------------------------------------------
[ 2018-09-24T22:50:10+08:00 ] 172.17.0.24 117.50.7.159 GET /
[ info ] 39.107.111.90:443/ [运行时间：0.018463s][吞吐率：54.16req/s] [内存消耗：1,943.35kb] [文件加载：55]
[ info ] [ BEHAVIOR ] Run app\common\behavior\CORS @app_init [ RunTime:0.000118s ]
[ info ] [ LANG ] /www/wwwroot/mp.zihai029.com/thinkphp/lang/zh-cn.php
[ info ] [ LANG ] /www/wwwroot/mp.zihai029.com/application/lang/zh-cn.php
[ info ] [ ROUTE ] array (
  'type' => 'module',
  'module' => 
  array (
    0 => '',
    1 => NULL,
    2 => NULL,
  ),
)
[ info ] [ HEADER ] array (
  'host' => '39.107.111.90:443',
  'content-type' => '',
  'content-length' => '',
)
[ info ] [ PARAM ] array (
)
[ info ] [ SESSION ] INIT array (
  'id' => '',
  'var_session_id' => '',
  'prefix' => 'think',
  'type' => '',
  'auto_start' => true,
)
[ info ] [ LOG ] INIT File
